<?xml version="1.0" encoding="UTF-8"?>
<coverage generated="1753016384463" clover="3.2.0">
  <project timestamp="1753016384463" name="All files">
    <metrics statements="798" coveredstatements="740" conditionals="793" coveredconditionals="622" methods="132" coveredmethods="118" elements="1723" coveredelements="1480" complexity="0" loc="798" ncloc="798" packages="11" files="20" classes="20"/>
    <package name="src">
      <metrics statements="30" coveredstatements="30" conditionals="0" coveredconditionals="0" methods="13" coveredmethods="8"/>
      <file name="index.ts" path="/Users/saadahmad/Projects/Arvo/arvo-xstate/src/index.ts">
        <metrics statements="30" coveredstatements="30" conditionals="0" coveredconditionals="0" methods="13" coveredmethods="8"/>
        <line num="1" count="7" type="stmt"/>
        <line num="2" count="7" type="stmt"/>
        <line num="3" count="7" type="stmt"/>
        <line num="5" count="7" type="stmt"/>
        <line num="6" count="7" type="stmt"/>
        <line num="7" count="7" type="stmt"/>
        <line num="9" count="7" type="stmt"/>
        <line num="12" count="7" type="stmt"/>
        <line num="13" count="7" type="stmt"/>
        <line num="15" count="7" type="stmt"/>
        <line num="17" count="7" type="stmt"/>
        <line num="18" count="7" type="stmt"/>
        <line num="19" count="7" type="stmt"/>
        <line num="20" count="7" type="stmt"/>
        <line num="23" count="7" type="stmt"/>
        <line num="29" count="7" type="stmt"/>
        <line num="30" count="26" type="stmt"/>
        <line num="34" count="10" type="stmt"/>
        <line num="35" count="8" type="stmt"/>
        <line num="40" count="29" type="stmt"/>
        <line num="43" count="7" type="stmt"/>
        <line num="44" count="7" type="stmt"/>
        <line num="45" count="7" type="stmt"/>
        <line num="46" count="17" type="stmt"/>
        <line num="47" count="7" type="stmt"/>
        <line num="48" count="13" type="stmt"/>
        <line num="49" count="24" type="stmt"/>
        <line num="50" count="7" type="stmt"/>
        <line num="51" count="7" type="stmt"/>
        <line num="52" count="9" type="stmt"/>
      </file>
    </package>
    <package name="src.ArvoMachine">
      <metrics statements="104" coveredstatements="103" conditionals="107" coveredconditionals="92" methods="14" coveredmethods="14"/>
      <file name="createMachine.ts" path="/Users/saadahmad/Projects/Arvo/arvo-xstate/src/ArvoMachine/createMachine.ts">
        <metrics statements="50" coveredstatements="50" conditionals="70" coveredconditionals="60" methods="6" coveredmethods="6"/>
        <line num="1" count="7" type="stmt"/>
        <line num="7" count="7" type="stmt"/>
        <line num="18" count="7" type="stmt"/>
        <line num="19" count="7" type="stmt"/>
        <line num="28" count="7" type="stmt"/>
        <line num="29" count="7" type="stmt"/>
        <line num="194" count="7" type="stmt"/>
        <line num="253" count="19" type="stmt"/>
        <line num="254" count="2" type="stmt"/>
        <line num="265" count="19" type="cond" truecount="1" falsecount="0"/>
        <line num="266" count="1" type="stmt"/>
        <line num="269" count="18" type="cond" truecount="1" falsecount="0"/>
        <line num="270" count="1" type="stmt"/>
        <line num="273" count="17" type="cond" truecount="5" falsecount="0"/>
        <line num="274" count="1" type="stmt"/>
        <line num="288" count="16" type="stmt"/>
        <line num="289" count="16" type="cond" truecount="1" falsecount="0"/>
        <line num="290" count="2" type="stmt"/>
        <line num="295" count="14" type="stmt"/>
        <line num="299" count="14" type="cond" truecount="1" falsecount="0"/>
        <line num="300" count="1" type="stmt"/>
        <line num="305" count="13" type="stmt"/>
        <line num="313" count="4" type="stmt"/>
        <line num="326" count="13" type="stmt"/>
        <line num="367" count="13" type="stmt"/>
        <line num="396" count="19" type="cond" truecount="4" falsecount="0"/>
        <line num="398" count="19" type="cond" truecount="1" falsecount="0"/>
        <line num="399" count="1" type="stmt"/>
        <line num="404" count="18" type="stmt"/>
        <line num="405" count="3" type="stmt"/>
        <line num="407" count="3" type="cond" truecount="1" falsecount="0"/>
        <line num="408" count="1" type="stmt"/>
        <line num="419" count="2" type="cond" truecount="1" falsecount="0"/>
        <line num="420" count="1" type="stmt"/>
        <line num="431" count="1" type="cond" truecount="1" falsecount="0"/>
        <line num="432" count="1" type="stmt"/>
        <line num="444" count="180" type="cond" truecount="3" falsecount="1"/>
        <line num="445" count="180" type="cond" truecount="1" falsecount="0"/>
        <line num="446" count="1" type="stmt"/>
        <line num="448" count="179" type="cond" truecount="1" falsecount="0"/>
        <line num="449" count="1" type="stmt"/>
        <line num="451" count="178" type="cond" truecount="1" falsecount="0"/>
        <line num="452" count="1" type="stmt"/>
        <line num="456" count="15" type="stmt"/>
        <line num="460" count="15" type="stmt"/>
        <line num="461" count="15" type="stmt"/>
        <line num="462" count="31" type="stmt"/>
        <line num="464" count="15" type="cond" truecount="2" falsecount="0"/>
        <line num="465" count="15" type="stmt"/>
        <line num="473" count="13" type="stmt"/>
      </file>
      <file name="index.ts" path="/Users/saadahmad/Projects/Arvo/arvo-xstate/src/ArvoMachine/index.ts">
        <metrics statements="36" coveredstatements="36" conditionals="25" coveredconditionals="23" methods="6" coveredmethods="6"/>
        <line num="1" count="7" type="stmt"/>
        <line num="25" count="7" type="stmt"/>
        <line num="54" count="15" type="stmt"/>
        <line num="55" count="15" type="stmt"/>
        <line num="56" count="15" type="stmt"/>
        <line num="60" count="15" type="stmt"/>
        <line num="61" count="15" type="cond" truecount="0" falsecount="1"/>
        <line num="67" count="7" type="stmt"/>
        <line num="68" count="507" type="stmt"/>
        <line num="100" count="7" type="stmt"/>
        <line num="115" count="51" type="stmt"/>
        <line num="117" count="51" type="cond" truecount="2" falsecount="0"/>
        <line num="118" count="23" type="stmt"/>
        <line num="119" count="23" type="stmt"/>
        <line num="121" count="28" type="stmt"/>
        <line num="124" count="75" type="stmt"/>
        <line num="128" count="151" type="stmt"/>
        <line num="134" count="28" type="stmt"/>
        <line num="137" count="51" type="cond" truecount="1" falsecount="0"/>
        <line num="138" count="3" type="stmt"/>
        <line num="142" count="3" type="stmt"/>
        <line num="147" count="48" type="stmt"/>
        <line num="152" count="48" type="stmt"/>
        <line num="154" count="48" type="cond" truecount="2" falsecount="0"/>
        <line num="155" count="1" type="stmt"/>
        <line num="160" count="47" type="stmt"/>
        <line num="164" count="47" type="cond" truecount="1" falsecount="0"/>
        <line num="165" count="1" type="stmt"/>
        <line num="172" count="46" type="cond" truecount="3" falsecount="0"/>
        <line num="173" count="2" type="stmt"/>
        <line num="183" count="45" type="cond" truecount="2" falsecount="0"/>
        <line num="186" count="45" type="cond" truecount="4" falsecount="0"/>
        <line num="187" count="45" type="cond" truecount="1" falsecount="0"/>
        <line num="188" count="2" type="stmt"/>
        <line num="193" count="43" type="stmt"/>
        <line num="197" count="7" type="stmt"/>
      </file>
      <file name="utils.ts" path="/Users/saadahmad/Projects/Arvo/arvo-xstate/src/ArvoMachine/utils.ts">
        <metrics statements="18" coveredstatements="17" conditionals="12" coveredconditionals="9" methods="2" coveredmethods="2"/>
        <line num="25" count="7" type="stmt"/>
        <line num="26" count="15" type="cond" truecount="3" falsecount="2"/>
        <line num="27" count="0" type="stmt"/>
        <line num="29" count="15" type="stmt"/>
        <line num="30" count="15" type="stmt"/>
        <line num="31" count="65" type="stmt"/>
        <line num="32" count="65" type="cond" truecount="4" falsecount="1"/>
        <line num="33" count="16" type="cond" truecount="1" falsecount="0"/>
        <line num="34" count="51" type="stmt"/>
        <line num="35" count="51" type="stmt"/>
        <line num="38" count="14" type="stmt"/>
        <line num="50" count="7" type="stmt"/>
        <line num="61" count="34" type="stmt"/>
        <line num="62" count="90" type="stmt"/>
        <line num="63" count="90" type="cond" truecount="1" falsecount="0"/>
        <line num="64" count="3" type="stmt"/>
        <line num="70" count="87" type="stmt"/>
        <line num="72" count="31" type="stmt"/>
      </file>
    </package>
    <package name="src.ArvoOrchestrator">
      <metrics statements="188" coveredstatements="182" conditionals="186" coveredconditionals="151" methods="22" coveredmethods="20"/>
      <file name="error.ts" path="/Users/saadahmad/Projects/Arvo/arvo-xstate/src/ArvoOrchestrator/error.ts">
        <metrics statements="11" coveredstatements="11" conditionals="4" coveredconditionals="3" methods="3" coveredmethods="3"/>
        <line num="1" count="7" type="stmt"/>
        <line num="3" count="7" type="cond" truecount="2" falsecount="0"/>
        <line num="4" count="7" type="stmt"/>
        <line num="5" count="7" type="stmt"/>
        <line num="6" count="7" type="stmt"/>
        <line num="7" count="7" type="stmt"/>
        <line num="8" count="7" type="stmt"/>
        <line num="11" count="7" type="stmt"/>
        <line num="19" count="4" type="cond" truecount="1" falsecount="1"/>
        <line num="26" count="4" type="stmt"/>
        <line num="28" count="7" type="stmt"/>
      </file>
      <file name="factory.ts" path="/Users/saadahmad/Projects/Arvo/arvo-xstate/src/ArvoOrchestrator/factory.ts">
        <metrics statements="12" coveredstatements="11" conditionals="5" coveredconditionals="3" methods="2" coveredmethods="2"/>
        <line num="1" count="7" type="stmt"/>
        <line num="2" count="7" type="stmt"/>
        <line num="3" count="7" type="stmt"/>
        <line num="31" count="7" type="stmt"/>
        <line num="32" count="10" type="stmt"/>
        <line num="33" count="10" type="stmt"/>
        <line num="34" count="10" type="stmt"/>
        <line num="36" count="10" type="cond" truecount="3" falsecount="2"/>
        <line num="37" count="0" type="stmt"/>
        <line num="40" count="10" type="stmt"/>
        <line num="41" count="12" type="stmt"/>
        <line num="43" count="10" type="stmt"/>
      </file>
      <file name="index.ts" path="/Users/saadahmad/Projects/Arvo/arvo-xstate/src/ArvoOrchestrator/index.ts">
        <metrics statements="165" coveredstatements="160" conditionals="177" coveredconditionals="145" methods="17" coveredmethods="15"/>
        <line num="1" count="7" type="stmt"/>
        <line num="2" count="7" type="stmt"/>
        <line num="27" count="7" type="stmt"/>
        <line num="41" count="7" type="stmt"/>
        <line num="42" count="7" type="stmt"/>
        <line num="44" count="7" type="stmt"/>
        <line num="51" count="7" type="stmt"/>
        <line num="57" count="7" type="stmt"/>
        <line num="58" count="191" type="stmt"/>
        <line num="61" count="7" type="stmt"/>
        <line num="62" count="0" type="stmt"/>
        <line num="65" count="7" type="stmt"/>
        <line num="66" count="0" type="stmt"/>
        <line num="74" count="10" type="stmt"/>
        <line num="75" count="10" type="cond" truecount="2" falsecount="0"/>
        <line num="76" count="10" type="stmt"/>
        <line num="77" count="10" type="stmt"/>
        <line num="78" count="10" type="stmt"/>
        <line num="79" count="20" type="stmt"/>
        <line num="80" count="20" type="cond" truecount="1" falsecount="0"/>
        <line num="81" count="1" type="stmt"/>
        <line num="83" count="19" type="cond" truecount="1" falsecount="0"/>
        <line num="84" count="1" type="stmt"/>
        <line num="88" count="18" type="stmt"/>
        <line num="90" count="8" type="stmt"/>
        <line num="91" count="8" type="stmt"/>
        <line num="92" count="8" type="stmt"/>
        <line num="107" count="7" type="stmt"/>
        <line num="115" count="38" type="stmt"/>
        <line num="120" count="38" type="stmt"/>
        <line num="124" count="38" type="stmt"/>
        <line num="126" count="110" type="stmt"/>
        <line num="129" count="38" type="stmt"/>
        <line num="130" count="38" type="stmt"/>
        <line num="131" count="38" type="stmt"/>
        <line num="132" count="38" type="stmt"/>
        <line num="133" count="38" type="cond" truecount="2" falsecount="0"/>
        <line num="134" count="9" type="stmt"/>
        <line num="138" count="9" type="stmt"/>
        <line num="139" count="9" type="stmt"/>
        <line num="140" count="9" type="cond" truecount="4" falsecount="0"/>
        <line num="141" count="9" type="stmt"/>
        <line num="142" count="29" type="cond" truecount="1" falsecount="0"/>
        <line num="143" count="27" type="stmt"/>
        <line num="147" count="27" type="stmt"/>
        <line num="148" count="27" type="stmt"/>
        <line num="153" count="27" type="cond" truecount="1" falsecount="0"/>
        <line num="154" count="6" type="cond" truecount="1" falsecount="0"/>
        <line num="155" count="5" type="stmt"/>
        <line num="156" count="5" type="stmt"/>
        <line num="158" count="1" type="stmt"/>
        <line num="164" count="5" type="stmt"/>
        <line num="165" count="5" type="cond" truecount="2" falsecount="0"/>
        <line num="166" count="4" type="stmt"/>
        <line num="175" count="1" type="stmt"/>
        <line num="188" count="0" type="stmt"/>
        <line num="195" count="37" type="stmt"/>
        <line num="196" count="37" type="stmt"/>
        <line num="201" count="37" type="cond" truecount="3" falsecount="0"/>
        <line num="202" count="35" type="stmt"/>
        <line num="203" count="35" type="stmt"/>
        <line num="204" count="35" type="stmt"/>
        <line num="206" count="0" type="stmt"/>
        <line num="213" count="37" type="stmt"/>
        <line num="232" count="37" type="stmt"/>
        <line num="237" count="37" type="stmt"/>
        <line num="258" count="7" type="stmt"/>
        <line num="260" count="50" type="cond" truecount="1" falsecount="0"/>
        <line num="270" count="45" type="cond" truecount="2" falsecount="0"/>
        <line num="278" count="540" type="stmt"/>
        <line num="296" count="45" type="stmt"/>
        <line num="297" count="45" type="stmt"/>
        <line num="301" count="45" type="stmt"/>
        <line num="302" count="45" type="stmt"/>
        <line num="303" count="45" type="stmt"/>
        <line num="304" count="45" type="stmt"/>
        <line num="309" count="45" type="stmt"/>
        <line num="310" count="44" type="stmt"/>
        <line num="311" count="44" type="stmt"/>
        <line num="317" count="44" type="cond" truecount="1" falsecount="0"/>
        <line num="318" count="1" type="stmt"/>
        <line num="323" count="1" type="stmt"/>
        <line num="327" count="1" type="stmt"/>
        <line num="336" count="43" type="stmt"/>
        <line num="341" count="43" type="stmt"/>
        <line num="346" count="43" type="cond" truecount="1" falsecount="0"/>
        <line num="347" count="1" type="stmt"/>
        <line num="348" count="1" type="stmt"/>
        <line num="353" count="42" type="stmt"/>
        <line num="363" count="42" type="stmt"/>
        <line num="365" count="42" type="cond" truecount="1" falsecount="0"/>
        <line num="369" count="1" type="stmt"/>
        <line num="374" count="41" type="cond" truecount="3" falsecount="0"/>
        <line num="380" count="1" type="stmt"/>
        <line num="388" count="40" type="stmt"/>
        <line num="389" count="39" type="cond" truecount="1" falsecount="0"/>
        <line num="390" count="1" type="stmt"/>
        <line num="397" count="38" type="cond" truecount="1" falsecount="0"/>
        <line num="398" count="17" type="stmt"/>
        <line num="405" count="38" type="stmt"/>
        <line num="406" count="37" type="cond" truecount="8" falsecount="0"/>
        <line num="407" count="37" type="cond" truecount="8" falsecount="0"/>
        <line num="409" count="37" type="cond" truecount="2" falsecount="0"/>
        <line num="410" count="16" type="stmt"/>
        <line num="415" count="16" type="cond" truecount="1" falsecount="0"/>
        <line num="416" count="1" type="stmt"/>
        <line num="421" count="1" type="stmt"/>
        <line num="430" count="21" type="stmt"/>
        <line num="439" count="36" type="cond" truecount="1" falsecount="0"/>
        <line num="440" count="15" type="cond" truecount="10" falsecount="2"/>
        <line num="446" count="36" type="stmt"/>
        <line num="455" count="34" type="stmt"/>
        <line num="457" count="34" type="stmt"/>
        <line num="463" count="34" type="cond" truecount="1" falsecount="0"/>
        <line num="464" count="9" type="stmt"/>
        <line num="478" count="34" type="stmt"/>
        <line num="479" count="34" type="stmt"/>
        <line num="480" count="34" type="stmt"/>
        <line num="482" count="38" type="stmt"/>
        <line num="483" count="38" type="cond" truecount="4" falsecount="0"/>
        <line num="484" count="38" type="stmt"/>
        <line num="492" count="37" type="stmt"/>
        <line num="493" count="37" type="stmt"/>
        <line num="494" count="38" type="stmt"/>
        <line num="495" count="38" type="cond" truecount="1" falsecount="0"/>
        <line num="496" count="34" type="stmt"/>
        <line num="498" count="38" type="stmt"/>
        <line num="502" count="33" type="stmt"/>
        <line num="504" count="432" type="stmt"/>
        <line num="505" count="432" type="stmt"/>
        <line num="507" count="36" type="stmt"/>
        <line num="508" count="37" type="stmt"/>
        <line num="512" count="33" type="stmt"/>
        <line num="517" count="33" type="stmt"/>
        <line num="527" count="66" type="stmt"/>
        <line num="539" count="33" type="stmt"/>
        <line num="540" count="33" type="stmt"/>
        <line num="541" count="66" type="stmt"/>
        <line num="542" count="37" type="cond" truecount="2" falsecount="0"/>
        <line num="543" count="1" type="stmt"/>
        <line num="546" count="36" type="stmt"/>
        <line num="553" count="33" type="stmt"/>
        <line num="562" count="32" type="stmt"/>
        <line num="567" count="32" type="stmt"/>
        <line num="572" count="32" type="stmt"/>
        <line num="579" count="11" type="cond" truecount="1" falsecount="1"/>
        <line num="584" count="11" type="stmt"/>
        <line num="585" count="11" type="stmt"/>
        <line num="593" count="11" type="cond" truecount="1" falsecount="0"/>
        <line num="594" count="10" type="stmt"/>
        <line num="598" count="10" type="stmt"/>
        <line num="601" count="1" type="stmt"/>
        <line num="611" count="1" type="stmt"/>
        <line num="612" count="1" type="stmt"/>
        <line num="613" count="1" type="stmt"/>
        <line num="615" count="0" type="stmt"/>
        <line num="621" count="1" type="stmt"/>
        <line num="643" count="12" type="stmt"/>
        <line num="644" count="12" type="stmt"/>
        <line num="646" count="1" type="stmt"/>
        <line num="655" count="90" type="cond" truecount="1" falsecount="0"/>
        <line num="656" count="45" type="stmt"/>
        <line num="665" count="7" type="stmt"/>
        <line num="666" count="1" type="stmt"/>
        <line num="671" count="7" type="stmt"/>
      </file>
    </package>
    <package name="src.ArvoResumable">
      <metrics statements="194" coveredstatements="164" conditionals="294" coveredconditionals="216" methods="19" coveredmethods="16"/>
      <file name="factory.ts" path="/Users/saadahmad/Projects/Arvo/arvo-xstate/src/ArvoResumable/factory.ts">
        <metrics statements="11" coveredstatements="9" conditionals="10" coveredconditionals="6" methods="1" coveredmethods="1"/>
        <line num="4" count="7" type="stmt"/>
        <line num="5" count="7" type="stmt"/>
        <line num="6" count="7" type="stmt"/>
        <line num="41" count="7" type="stmt"/>
        <line num="61" count="2" type="stmt"/>
        <line num="62" count="2" type="cond" truecount="0" falsecount="1"/>
        <line num="63" count="0" type="stmt"/>
        <line num="68" count="2" type="stmt"/>
        <line num="72" count="2" type="cond" truecount="0" falsecount="1"/>
        <line num="73" count="0" type="stmt"/>
        <line num="78" count="2" type="stmt"/>
      </file>
      <file name="index.ts" path="/Users/saadahmad/Projects/Arvo/arvo-xstate/src/ArvoResumable/index.ts">
        <metrics statements="183" coveredstatements="155" conditionals="284" coveredconditionals="210" methods="18" coveredmethods="15"/>
        <line num="1" count="7" type="stmt"/>
        <line num="2" count="7" type="stmt"/>
        <line num="26" count="7" type="stmt"/>
        <line num="35" count="7" type="stmt"/>
        <line num="37" count="7" type="stmt"/>
        <line num="40" count="7" type="stmt"/>
        <line num="73" count="7" type="stmt"/>
        <line num="80" count="7" type="stmt"/>
        <line num="91" count="7" type="stmt"/>
        <line num="92" count="0" type="stmt"/>
        <line num="95" count="7" type="stmt"/>
        <line num="96" count="0" type="stmt"/>
        <line num="109" count="2" type="cond" truecount="2" falsecount="0"/>
        <line num="110" count="2" type="stmt"/>
        <line num="111" count="2" type="stmt"/>
        <line num="112" count="2" type="cond" truecount="3" falsecount="1"/>
        <line num="113" count="2" type="stmt"/>
        <line num="114" count="2" type="stmt"/>
        <line num="117" count="7" type="stmt"/>
        <line num="120" count="11" type="stmt"/>
        <line num="123" count="11" type="stmt"/>
        <line num="124" count="11" type="cond" truecount="0" falsecount="1"/>
        <line num="125" count="0" type="stmt"/>
        <line num="130" count="11" type="cond" truecount="2" falsecount="0"/>
        <line num="131" count="3" type="stmt"/>
        <line num="132" count="3" type="stmt"/>
        <line num="134" count="8" type="stmt"/>
        <line num="135" count="21" type="stmt"/>
        <line num="136" count="21" type="cond" truecount="1" falsecount="0"/>
        <line num="137" count="32" type="stmt"/>
        <line num="138" count="32" type="cond" truecount="1" falsecount="0"/>
        <line num="139" count="24" type="cond" truecount="1" falsecount="0"/>
        <line num="140" count="8" type="stmt"/>
        <line num="146" count="11" type="cond" truecount="0" falsecount="1"/>
        <line num="147" count="0" type="stmt"/>
        <line num="152" count="11" type="stmt"/>
        <line num="156" count="11" type="cond" truecount="0" falsecount="1"/>
        <line num="157" count="0" type="stmt"/>
        <line num="161" count="11" type="cond" truecount="0" falsecount="1"/>
        <line num="165" count="0" type="stmt"/>
        <line num="171" count="11" type="cond" truecount="2" falsecount="0"/>
        <line num="175" count="11" type="stmt"/>
        <line num="176" count="11" type="stmt"/>
        <line num="191" count="7" type="stmt"/>
        <line num="199" count="11" type="stmt"/>
        <line num="206" count="11" type="stmt"/>
        <line num="208" count="33" type="stmt"/>
        <line num="211" count="11" type="stmt"/>
        <line num="212" count="11" type="stmt"/>
        <line num="213" count="11" type="stmt"/>
        <line num="214" count="11" type="stmt"/>
        <line num="215" count="11" type="cond" truecount="2" falsecount="0"/>
        <line num="216" count="2" type="stmt"/>
        <line num="220" count="2" type="stmt"/>
        <line num="221" count="2" type="stmt"/>
        <line num="222" count="2" type="cond" truecount="2" falsecount="2"/>
        <line num="223" count="2" type="stmt"/>
        <line num="224" count="9" type="cond" truecount="1" falsecount="0"/>
        <line num="225" count="9" type="stmt"/>
        <line num="229" count="9" type="stmt"/>
        <line num="230" count="9" type="stmt"/>
        <line num="235" count="9" type="cond" truecount="0" falsecount="1"/>
        <line num="236" count="0" type="cond" truecount="0" falsecount="1"/>
        <line num="237" count="0" type="stmt"/>
        <line num="238" count="0" type="stmt"/>
        <line num="240" count="0" type="stmt"/>
        <line num="246" count="0" type="stmt"/>
        <line num="247" count="0" type="cond" truecount="0" falsecount="2"/>
        <line num="248" count="0" type="stmt"/>
        <line num="257" count="0" type="stmt"/>
        <line num="270" count="0" type="stmt"/>
        <line num="277" count="11" type="stmt"/>
        <line num="278" count="11" type="stmt"/>
        <line num="283" count="11" type="cond" truecount="3" falsecount="0"/>
        <line num="284" count="11" type="stmt"/>
        <line num="285" count="11" type="stmt"/>
        <line num="286" count="11" type="stmt"/>
        <line num="288" count="0" type="stmt"/>
        <line num="295" count="11" type="stmt"/>
        <line num="314" count="11" type="stmt"/>
        <line num="319" count="11" type="stmt"/>
        <line num="372" count="7" type="stmt"/>
        <line num="382" count="11" type="stmt"/>
        <line num="390" count="132" type="stmt"/>
        <line num="408" count="11" type="stmt"/>
        <line num="409" count="11" type="stmt"/>
        <line num="413" count="11" type="stmt"/>
        <line num="414" count="11" type="stmt"/>
        <line num="415" count="11" type="stmt"/>
        <line num="416" count="11" type="stmt"/>
        <line num="422" count="11" type="stmt"/>
        <line num="423" count="11" type="stmt"/>
        <line num="424" count="11" type="stmt"/>
        <line num="430" count="11" type="cond" truecount="0" falsecount="1"/>
        <line num="431" count="0" type="stmt"/>
        <line num="436" count="0" type="stmt"/>
        <line num="440" count="0" type="stmt"/>
        <line num="449" count="11" type="stmt"/>
        <line num="455" count="11" type="cond" truecount="0" falsecount="1"/>
        <line num="456" count="0" type="stmt"/>
        <line num="461" count="11" type="stmt"/>
        <line num="466" count="11" type="stmt"/>
        <line num="471" count="11" type="stmt"/>
        <line num="473" count="11" type="cond" truecount="0" falsecount="1"/>
        <line num="474" count="0" type="stmt"/>
        <line num="481" count="11" type="cond" truecount="1" falsecount="0"/>
        <line num="482" count="11" type="stmt"/>
        <line num="489" count="11" type="stmt"/>
        <line num="490" count="11" type="cond" truecount="7" falsecount="1"/>
        <line num="491" count="11" type="cond" truecount="8" falsecount="0"/>
        <line num="493" count="11" type="cond" truecount="5" falsecount="0"/>
        <line num="494" count="2" type="stmt"/>
        <line num="499" count="2" type="stmt"/>
        <line num="508" count="9" type="cond" truecount="2" falsecount="0"/>
        <line num="509" count="3" type="stmt"/>
        <line num="514" count="3" type="cond" truecount="0" falsecount="1"/>
        <line num="515" count="0" type="stmt"/>
        <line num="520" count="0" type="stmt"/>
        <line num="529" count="6" type="stmt"/>
        <line num="538" count="9" type="cond" truecount="1" falsecount="0"/>
        <line num="539" count="3" type="cond" truecount="8" falsecount="4"/>
        <line num="544" count="9" type="cond" truecount="1" falsecount="0"/>
        <line num="549" count="6" type="stmt"/>
        <line num="552" count="9" type="stmt"/>
        <line num="553" count="10" type="cond" truecount="12" falsecount="0"/>
        <line num="554" count="10" type="stmt"/>
        <line num="555" count="8" type="cond" truecount="1" falsecount="0"/>
        <line num="556" count="6" type="stmt"/>
        <line num="558" count="8" type="stmt"/>
        <line num="562" count="9" type="stmt"/>
        <line num="563" count="9" type="stmt"/>
        <line num="582" count="8" type="stmt"/>
        <line num="583" count="8" type="stmt"/>
        <line num="584" count="8" type="stmt"/>
        <line num="586" count="11" type="stmt"/>
        <line num="598" count="11" type="cond" truecount="3" falsecount="1"/>
        <line num="599" count="11" type="stmt"/>
        <line num="607" count="11" type="stmt"/>
        <line num="608" count="11" type="stmt"/>
        <line num="609" count="11" type="stmt"/>
        <line num="610" count="11" type="cond" truecount="1" falsecount="0"/>
        <line num="611" count="6" type="stmt"/>
        <line num="613" count="11" type="stmt"/>
        <line num="617" count="8" type="stmt"/>
        <line num="619" count="132" type="stmt"/>
        <line num="620" count="132" type="stmt"/>
        <line num="622" count="11" type="stmt"/>
        <line num="623" count="11" type="stmt"/>
        <line num="627" count="8" type="stmt"/>
        <line num="632" count="8" type="stmt"/>
        <line num="643" count="8" type="stmt"/>
        <line num="646" count="11" type="stmt"/>
        <line num="650" count="6" type="stmt"/>
        <line num="651" count="6" type="stmt"/>
        <line num="652" count="12" type="stmt"/>
        <line num="653" count="11" type="cond" truecount="1" falsecount="1"/>
        <line num="654" count="0" type="stmt"/>
        <line num="657" count="11" type="stmt"/>
        <line num="664" count="6" type="stmt"/>
        <line num="670" count="16" type="stmt"/>
        <line num="684" count="8" type="stmt"/>
        <line num="689" count="8" type="stmt"/>
        <line num="694" count="8" type="stmt"/>
        <line num="701" count="1" type="cond" truecount="1" falsecount="1"/>
        <line num="706" count="1" type="stmt"/>
        <line num="707" count="1" type="stmt"/>
        <line num="715" count="1" type="cond" truecount="0" falsecount="1"/>
        <line num="716" count="0" type="stmt"/>
        <line num="720" count="0" type="stmt"/>
        <line num="723" count="1" type="stmt"/>
        <line num="733" count="1" type="stmt"/>
        <line num="734" count="1" type="stmt"/>
        <line num="735" count="1" type="stmt"/>
        <line num="737" count="0" type="stmt"/>
        <line num="743" count="1" type="stmt"/>
        <line num="765" count="12" type="stmt"/>
        <line num="766" count="12" type="stmt"/>
        <line num="768" count="1" type="stmt"/>
        <line num="777" count="22" type="cond" truecount="1" falsecount="0"/>
        <line num="778" count="11" type="stmt"/>
        <line num="784" count="7" type="stmt"/>
        <line num="785" count="0" type="stmt"/>
        <line num="787" count="7" type="stmt"/>
      </file>
    </package>
    <package name="src.MachineExecutionEngine">
      <metrics statements="39" coveredstatements="39" conditionals="61" coveredconditionals="51" methods="8" coveredmethods="7"/>
      <file name="index.ts" path="/Users/saadahmad/Projects/Arvo/arvo-xstate/src/MachineExecutionEngine/index.ts">
        <metrics statements="39" coveredstatements="39" conditionals="61" coveredconditionals="51" methods="8" coveredmethods="7"/>
        <line num="1" count="7" type="stmt"/>
        <line num="2" count="7" type="stmt"/>
        <line num="4" count="7" type="stmt"/>
        <line num="12" count="7" type="stmt"/>
        <line num="33" count="7" type="stmt"/>
        <line num="34" count="41" type="stmt"/>
        <line num="35" count="46" type="cond" truecount="1" falsecount="0"/>
        <line num="39" count="41" type="stmt"/>
        <line num="63" count="41" type="stmt"/>
        <line num="64" count="41" type="stmt"/>
        <line num="66" count="41" type="cond" truecount="2" falsecount="0"/>
        <line num="67" count="19" type="stmt"/>
        <line num="71" count="19" type="cond" truecount="1" falsecount="0"/>
        <line num="72" count="1" type="stmt"/>
        <line num="76" count="18" type="stmt"/>
        <line num="79" count="18" type="stmt"/>
        <line num="80" count="18" type="stmt"/>
        <line num="81" count="18" type="stmt"/>
        <line num="83" count="22" type="stmt"/>
        <line num="87" count="22" type="stmt"/>
        <line num="90" count="22" type="stmt"/>
        <line num="91" count="22" type="stmt"/>
        <line num="92" count="22" type="stmt"/>
        <line num="93" count="22" type="stmt"/>
        <line num="95" count="40" type="stmt"/>
        <line num="99" count="40" type="stmt"/>
        <line num="103" count="40" type="stmt"/>
        <line num="104" count="40" type="cond" truecount="12" falsecount="1"/>
        <line num="106" count="4" type="stmt"/>
        <line num="108" count="4" type="stmt"/>
        <line num="109" count="4" type="stmt"/>
        <line num="111" count="40" type="cond" truecount="1" falsecount="0"/>
        <line num="112" count="4" type="stmt"/>
        <line num="115" count="36" type="cond" truecount="7" falsecount="1"/>
        <line num="116" count="36" type="cond" truecount="7" falsecount="1"/>
        <line num="117" count="36" type="cond" truecount="7" falsecount="2"/>
        <line num="118" count="26" type="stmt"/>
        <line num="121" count="36" type="stmt"/>
        <line num="129" count="7" type="stmt"/>
      </file>
    </package>
    <package name="src.MachineMemory">
      <metrics statements="84" coveredstatements="76" conditionals="32" coveredconditionals="30" methods="17" coveredmethods="17"/>
      <file name="Simple.ts" path="/Users/saadahmad/Projects/Arvo/arvo-xstate/src/MachineMemory/Simple.ts">
        <metrics statements="33" coveredstatements="30" conditionals="11" coveredconditionals="10" methods="6" coveredmethods="6"/>
        <line num="17" count="7" type="stmt"/>
        <line num="18" count="22" type="stmt"/>
        <line num="19" count="22" type="stmt"/>
        <line num="27" count="7" type="stmt"/>
        <line num="28" count="64" type="cond" truecount="1" falsecount="0"/>
        <line num="29" count="1" type="stmt"/>
        <line num="31" count="63" type="cond" truecount="4" falsecount="0"/>
        <line num="40" count="7" type="stmt"/>
        <line num="41" count="49" type="cond" truecount="1" falsecount="0"/>
        <line num="42" count="1" type="stmt"/>
        <line num="44" count="48" type="cond" truecount="1" falsecount="0"/>
        <line num="45" count="2" type="stmt"/>
        <line num="47" count="46" type="stmt"/>
        <line num="56" count="7" type="stmt"/>
        <line num="57" count="42" type="cond" truecount="1" falsecount="0"/>
        <line num="58" count="1" type="stmt"/>
        <line num="60" count="41" type="cond" truecount="1" falsecount="0"/>
        <line num="61" count="4" type="stmt"/>
        <line num="63" count="37" type="stmt"/>
        <line num="64" count="37" type="stmt"/>
        <line num="73" count="7" type="stmt"/>
        <line num="74" count="32" type="cond" truecount="1" falsecount="0"/>
        <line num="75" count="1" type="stmt"/>
        <line num="77" count="31" type="stmt"/>
        <line num="78" count="31" type="stmt"/>
        <line num="84" count="7" type="stmt"/>
        <line num="85" count="1" type="cond" truecount="0" falsecount="1"/>
        <line num="86" count="0" type="stmt"/>
        <line num="87" count="0" type="stmt"/>
        <line num="88" count="0" type="stmt"/>
        <line num="90" count="1" type="stmt"/>
        <line num="91" count="1" type="stmt"/>
        <line num="93" count="7" type="stmt"/>
      </file>
      <file name="TelemetredSimple.ts" path="/Users/saadahmad/Projects/Arvo/arvo-xstate/src/MachineMemory/TelemetredSimple.ts">
        <metrics statements="44" coveredstatements="41" conditionals="21" coveredconditionals="20" methods="10" coveredmethods="10"/>
        <line num="1" count="7" type="stmt"/>
        <line num="2" count="7" type="stmt"/>
        <line num="4" count="7" type="stmt"/>
        <line num="20" count="7" type="stmt"/>
        <line num="23" count="17" type="stmt"/>
        <line num="24" count="17" type="stmt"/>
        <line num="32" count="7" type="stmt"/>
        <line num="33" count="7" type="cond" truecount="2" falsecount="0"/>
        <line num="41" count="7" type="stmt"/>
        <line num="42" count="7" type="cond" truecount="1" falsecount="0"/>
        <line num="43" count="1" type="stmt"/>
        <line num="45" count="6" type="cond" truecount="4" falsecount="0"/>
        <line num="56" count="7" type="stmt"/>
        <line num="57" count="9" type="cond" truecount="2" falsecount="0"/>
        <line num="66" count="9" type="stmt"/>
        <line num="67" count="9" type="cond" truecount="1" falsecount="0"/>
        <line num="68" count="1" type="stmt"/>
        <line num="70" count="8" type="cond" truecount="1" falsecount="0"/>
        <line num="71" count="2" type="stmt"/>
        <line num="73" count="6" type="stmt"/>
        <line num="84" count="7" type="stmt"/>
        <line num="85" count="12" type="cond" truecount="2" falsecount="0"/>
        <line num="93" count="12" type="stmt"/>
        <line num="94" count="12" type="cond" truecount="1" falsecount="0"/>
        <line num="95" count="1" type="stmt"/>
        <line num="97" count="11" type="cond" truecount="1" falsecount="0"/>
        <line num="98" count="2" type="stmt"/>
        <line num="100" count="9" type="stmt"/>
        <line num="101" count="9" type="stmt"/>
        <line num="112" count="7" type="stmt"/>
        <line num="113" count="5" type="cond" truecount="2" falsecount="0"/>
        <line num="121" count="5" type="stmt"/>
        <line num="122" count="5" type="cond" truecount="1" falsecount="0"/>
        <line num="123" count="1" type="stmt"/>
        <line num="125" count="4" type="stmt"/>
        <line num="126" count="4" type="stmt"/>
        <line num="134" count="7" type="stmt"/>
        <line num="135" count="1" type="cond" truecount="0" falsecount="1"/>
        <line num="136" count="0" type="stmt"/>
        <line num="137" count="0" type="stmt"/>
        <line num="138" count="0" type="stmt"/>
        <line num="140" count="1" type="stmt"/>
        <line num="141" count="1" type="stmt"/>
        <line num="143" count="7" type="stmt"/>
      </file>
      <file name="utils.ts" path="/Users/saadahmad/Projects/Arvo/arvo-xstate/src/MachineMemory/utils.ts">
        <metrics statements="7" coveredstatements="5" conditionals="0" coveredconditionals="0" methods="1" coveredmethods="1"/>
        <line num="1" count="7" type="stmt"/>
        <line num="3" count="7" type="stmt"/>
        <line num="4" count="7" type="stmt"/>
        <line num="5" count="7" type="stmt"/>
        <line num="7" count="7" type="stmt"/>
        <line num="9" count="0" type="stmt"/>
        <line num="13" count="0" type="stmt"/>
      </file>
    </package>
    <package name="src.MachineRegistry">
      <metrics statements="17" coveredstatements="17" conditionals="14" coveredconditionals="14" methods="5" coveredmethods="5"/>
      <file name="index.ts" path="/Users/saadahmad/Projects/Arvo/arvo-xstate/src/MachineRegistry/index.ts">
        <metrics statements="17" coveredstatements="17" conditionals="14" coveredconditionals="14" methods="5" coveredmethods="5"/>
        <line num="1" count="7" type="stmt"/>
        <line num="2" count="7" type="stmt"/>
        <line num="15" count="7" type="stmt"/>
        <line num="24" count="53" type="stmt"/>
        <line num="25" count="13" type="stmt"/>
        <line num="26" count="13" type="cond" truecount="1" falsecount="0"/>
        <line num="27" count="1" type="stmt"/>
        <line num="47" count="47" type="stmt"/>
        <line num="49" count="50" type="cond" truecount="1" falsecount="0"/>
        <line num="53" count="47" type="stmt"/>
        <line num="73" count="47" type="stmt"/>
        <line num="74" count="47" type="stmt"/>
        <line num="75" count="47" type="stmt"/>
        <line num="79" count="65" type="cond" truecount="6" falsecount="0"/>
        <line num="80" count="47" type="stmt"/>
        <line num="84" count="47" type="stmt"/>
        <line num="88" count="7" type="stmt"/>
      </file>
    </package>
    <package name="src.SyncEventResource">
      <metrics statements="37" coveredstatements="35" conditionals="18" coveredconditionals="15" methods="7" coveredmethods="7"/>
      <file name="index.ts" path="/Users/saadahmad/Projects/Arvo/arvo-xstate/src/SyncEventResource/index.ts">
        <metrics statements="37" coveredstatements="35" conditionals="18" coveredconditionals="15" methods="7" coveredmethods="7"/>
        <line num="1" count="7" type="stmt"/>
        <line num="4" count="7" type="stmt"/>
        <line num="5" count="7" type="stmt"/>
        <line num="39" count="7" type="stmt"/>
        <line num="41" count="10" type="stmt"/>
        <line num="42" count="10" type="stmt"/>
        <line num="60" count="7" type="stmt"/>
        <line num="61" count="51" type="cond" truecount="1" falsecount="0"/>
        <line num="62" count="21" type="stmt"/>
        <line num="69" count="21" type="stmt"/>
        <line num="73" count="30" type="stmt"/>
        <line num="77" count="30" type="stmt"/>
        <line num="78" count="29" type="cond" truecount="2" falsecount="0"/>
        <line num="80" count="1" type="stmt"/>
        <line num="100" count="7" type="stmt"/>
        <line num="102" count="49" type="stmt"/>
        <line num="109" count="49" type="cond" truecount="1" falsecount="0"/>
        <line num="111" count="1" type="stmt"/>
        <line num="129" count="7" type="stmt"/>
        <line num="131" count="41" type="stmt"/>
        <line num="138" count="82" type="stmt"/>
        <line num="140" count="1" type="stmt"/>
        <line num="160" count="7" type="stmt"/>
        <line num="161" count="56" type="stmt"/>
        <line num="168" count="56" type="stmt"/>
        <line num="169" count="56" type="cond" truecount="1" falsecount="0"/>
        <line num="170" count="1" type="stmt"/>
        <line num="192" count="7" type="stmt"/>
        <line num="197" count="56" type="cond" truecount="1" falsecount="0"/>
        <line num="198" count="28" type="stmt"/>
        <line num="205" count="28" type="stmt"/>
        <line num="208" count="56" type="stmt"/>
        <line num="209" count="28" type="stmt"/>
        <line num="216" count="28" type="stmt"/>
        <line num="218" count="0" type="stmt"/>
        <line num="225" count="0" type="stmt"/>
        <line num="228" count="7" type="stmt"/>
      </file>
    </package>
    <package name="src.utils">
      <metrics statements="2" coveredstatements="2" conditionals="4" coveredconditionals="1" methods="1" coveredmethods="1"/>
      <file name="index.ts" path="/Users/saadahmad/Projects/Arvo/arvo-xstate/src/utils/index.ts">
        <metrics statements="2" coveredstatements="2" conditionals="4" coveredconditionals="1" methods="1" coveredmethods="1"/>
        <line num="1" count="7" type="stmt"/>
        <line num="2" count="12" type="cond" truecount="1" falsecount="3"/>
      </file>
    </package>
    <package name="src.utils.SimpleEventBroker">
      <metrics statements="83" coveredstatements="72" conditionals="63" coveredconditionals="40" methods="23" coveredmethods="20"/>
      <file name="helper.ts" path="/Users/saadahmad/Projects/Arvo/arvo-xstate/src/utils/SimpleEventBroker/helper.ts">
        <metrics statements="26" coveredstatements="24" conditionals="22" coveredconditionals="19" methods="10" coveredmethods="10"/>
        <line num="3" count="7" type="stmt"/>
        <line num="157" count="7" type="stmt"/>
        <line num="167" count="6" type="stmt"/>
        <line num="168" count="6" type="stmt"/>
        <line num="170" count="6" type="stmt"/>
        <line num="175" count="2" type="stmt"/>
        <line num="185" count="6" type="stmt"/>
        <line num="186" count="40" type="stmt"/>
        <line num="187" count="40" type="stmt"/>
        <line num="189" count="52" type="stmt"/>
        <line num="190" count="52" type="cond" truecount="1" falsecount="0"/>
        <line num="194" count="51" type="cond" truecount="3" falsecount="0"/>
        <line num="195" count="33" type="stmt"/>
        <line num="196" count="33" type="cond" truecount="7" falsecount="1"/>
        <line num="203" count="53" type="stmt"/>
        <line num="209" count="6" type="stmt"/>
        <line num="211" count="2" type="stmt"/>
        <line num="212" count="2" type="cond" truecount="0" falsecount="1"/>
        <line num="213" count="0" type="stmt"/>
        <line num="217" count="2" type="stmt"/>
        <line num="218" count="2" type="stmt"/>
        <line num="219" count="2" type="stmt"/>
        <line num="221" count="4" type="stmt"/>
        <line num="222" count="2" type="cond" truecount="0" falsecount="1"/>
        <line num="223" count="0" type="stmt"/>
        <line num="225" count="2" type="stmt"/>
      </file>
      <file name="index.ts" path="/Users/saadahmad/Projects/Arvo/arvo-xstate/src/utils/SimpleEventBroker/index.ts">
        <metrics statements="54" coveredstatements="45" conditionals="40" coveredconditionals="21" methods="11" coveredmethods="8"/>
        <line num="3" count="7" type="stmt"/>
        <line num="48" count="7" type="stmt"/>
        <line num="55" count="6" type="stmt"/>
        <line num="58" count="6" type="stmt"/>
        <line num="59" count="6" type="stmt"/>
        <line num="60" count="6" type="stmt"/>
        <line num="61" count="6" type="stmt"/>
        <line num="62" count="6" type="stmt"/>
        <line num="63" count="6" type="stmt"/>
        <line num="69" count="7" type="stmt"/>
        <line num="70" count="42" type="stmt"/>
        <line num="82" count="54" type="cond" truecount="1" falsecount="0"/>
        <line num="83" count="47" type="cond" truecount="1" falsecount="0"/>
        <line num="84" count="47" type="stmt"/>
        <line num="87" count="47" type="cond" truecount="8" falsecount="3"/>
        <line num="88" count="0" type="stmt"/>
        <line num="92" count="47" type="stmt"/>
        <line num="93" count="47" type="stmt"/>
        <line num="95" count="47" type="stmt"/>
        <line num="96" count="0" type="stmt"/>
        <line num="97" count="0" type="cond" truecount="0" falsecount="1"/>
        <line num="98" count="0" type="stmt"/>
        <line num="108" count="7" type="stmt"/>
        <line num="109" count="59" type="cond" truecount="0" falsecount="1"/>
        <line num="110" count="0" type="stmt"/>
        <line num="113" count="59" type="cond" truecount="0" falsecount="1"/>
        <line num="114" count="0" type="stmt"/>
        <line num="117" count="59" type="stmt"/>
        <line num="118" count="59" type="stmt"/>
        <line num="120" count="112" type="cond" truecount="1" falsecount="0"/>
        <line num="121" count="12" type="stmt"/>
        <line num="128" count="7" type="stmt"/>
        <line num="129" count="0" type="stmt"/>
        <line num="135" count="7" type="stmt"/>
        <line num="136" count="0" type="cond" truecount="0" falsecount="8"/>
        <line num="151" count="7" type="stmt"/>
        <line num="152" count="6" type="cond" truecount="0" falsecount="1"/>
        <line num="153" count="6" type="stmt"/>
        <line num="156" count="65" type="cond" truecount="1" falsecount="0"/>
        <line num="157" count="59" type="stmt"/>
        <line num="158" count="59" type="cond" truecount="0" falsecount="1"/>
        <line num="159" count="59" type="cond" truecount="0" falsecount="1"/>
        <line num="160" count="118" type="stmt"/>
        <line num="163" count="59" type="cond" truecount="3" falsecount="1"/>
        <line num="165" count="59" type="cond" truecount="5" falsecount="0"/>
        <line num="166" count="2" type="stmt"/>
        <line num="170" count="57" type="stmt"/>
        <line num="171" count="57" type="stmt"/>
        <line num="172" count="1" type="cond" truecount="1" falsecount="1"/>
        <line num="173" count="1" type="stmt"/>
        <line num="175" count="0" type="stmt"/>
        <line num="180" count="114" type="stmt"/>
        <line num="183" count="6" type="stmt"/>
        <line num="186" count="7" type="stmt"/>
      </file>
      <file name="utils.ts" path="/Users/saadahmad/Projects/Arvo/arvo-xstate/src/utils/SimpleEventBroker/utils.ts">
        <metrics statements="3" coveredstatements="3" conditionals="1" coveredconditionals="0" methods="2" coveredmethods="2"/>
        <line num="1" count="59" type="cond" truecount="0" falsecount="1"/>
        <line num="2" count="59" type="stmt"/>
        <line num="3" count="59" type="stmt"/>
      </file>
    </package>
    <package name="src.utils.object">
      <metrics statements="20" coveredstatements="20" conditionals="14" coveredconditionals="12" methods="3" coveredmethods="3"/>
      <file name="index.ts" path="/Users/saadahmad/Projects/Arvo/arvo-xstate/src/utils/object/index.ts">
        <metrics statements="20" coveredstatements="20" conditionals="14" coveredconditionals="12" methods="3" coveredmethods="3"/>
        <line num="26" count="8" type="stmt"/>
        <line num="27" count="25" type="cond" truecount="5" falsecount="0"/>
        <line num="28" count="3" type="stmt"/>
        <line num="33" count="22" type="stmt"/>
        <line num="34" count="22" type="stmt"/>
        <line num="36" count="22" type="stmt"/>
        <line num="37" count="399" type="stmt"/>
        <line num="38" count="399" type="cond" truecount="0" falsecount="1"/>
        <line num="39" count="798" type="stmt"/>
        <line num="41" count="399" type="cond" truecount="4" falsecount="0"/>
        <line num="42" count="191" type="stmt"/>
        <line num="44" count="208" type="stmt"/>
        <line num="46" count="377" type="cond" truecount="1" falsecount="0"/>
        <line num="47" count="377" type="stmt"/>
        <line num="53" count="22" type="stmt"/>
        <line num="67" count="8" type="stmt"/>
        <line num="68" count="4" type="cond" truecount="2" falsecount="1"/>
        <line num="69" count="1" type="stmt"/>
        <line num="71" count="5" type="stmt"/>
        <line num="72" count="3" type="stmt"/>
      </file>
    </package>
  </project>
</coverage>
