<?xml version="1.0" encoding="UTF-8"?>
<coverage generated="1736135448386" clover="3.2.0">
  <project timestamp="1736135448386" name="All files">
    <metrics statements="514" coveredstatements="490" conditionals="423" coveredconditionals="350" methods="95" coveredmethods="84" elements="1032" coveredelements="924" complexity="0" loc="514" ncloc="514" packages="8" files="16" classes="16"/>
    <package name="src">
      <metrics statements="25" coveredstatements="25" conditionals="0" coveredconditionals="0" methods="10" coveredmethods="7"/>
      <file name="index.ts" path="/workspaces/arvo-xstate/src/index.ts">
        <metrics statements="25" coveredstatements="25" conditionals="0" coveredconditionals="0" methods="10" coveredmethods="7"/>
        <line num="1" count="6" type="stmt"/>
        <line num="2" count="6" type="stmt"/>
        <line num="7" count="6" type="stmt"/>
        <line num="13" count="6" type="stmt"/>
        <line num="19" count="6" type="stmt"/>
        <line num="20" count="6" type="stmt"/>
        <line num="22" count="6" type="stmt"/>
        <line num="23" count="6" type="stmt"/>
        <line num="24" count="6" type="stmt"/>
        <line num="25" count="6" type="stmt"/>
        <line num="26" count="6" type="stmt"/>
        <line num="27" count="6" type="stmt"/>
        <line num="29" count="6" type="stmt"/>
        <line num="35" count="6" type="stmt"/>
        <line num="36" count="21" type="stmt"/>
        <line num="40" count="9" type="stmt"/>
        <line num="41" count="7" type="stmt"/>
        <line num="46" count="27" type="stmt"/>
        <line num="49" count="6" type="stmt"/>
        <line num="50" count="6" type="stmt"/>
        <line num="51" count="14" type="stmt"/>
        <line num="52" count="6" type="stmt"/>
        <line num="53" count="10" type="stmt"/>
        <line num="54" count="23" type="stmt"/>
        <line num="55" count="6" type="stmt"/>
      </file>
    </package>
    <package name="src.ArvoMachine">
      <metrics statements="86" coveredstatements="85" conditionals="102" coveredconditionals="87" methods="12" coveredmethods="12"/>
      <file name="createMachine.ts" path="/workspaces/arvo-xstate/src/ArvoMachine/createMachine.ts">
        <metrics statements="39" coveredstatements="39" conditionals="66" coveredconditionals="56" methods="5" coveredmethods="5"/>
        <line num="1" count="6" type="stmt"/>
        <line num="19" count="6" type="stmt"/>
        <line num="25" count="6" type="stmt"/>
        <line num="27" count="6" type="stmt"/>
        <line num="28" count="6" type="stmt"/>
        <line num="193" count="6" type="stmt"/>
        <line num="257" count="15" type="stmt"/>
        <line num="258" count="2" type="stmt"/>
        <line num="269" count="15" type="cond" truecount="1" falsecount="0"/>
        <line num="270" count="1" type="stmt"/>
        <line num="273" count="14" type="cond" truecount="1" falsecount="0"/>
        <line num="274" count="1" type="stmt"/>
        <line num="277" count="13" type="cond" truecount="5" falsecount="0"/>
        <line num="278" count="1" type="stmt"/>
        <line num="292" count="12" type="stmt"/>
        <line num="300" count="4" type="stmt"/>
        <line num="316" count="12" type="stmt"/>
        <line num="357" count="12" type="stmt"/>
        <line num="388" count="18" type="cond" truecount="4" falsecount="0"/>
        <line num="390" count="18" type="cond" truecount="1" falsecount="0"/>
        <line num="391" count="1" type="stmt"/>
        <line num="396" count="17" type="stmt"/>
        <line num="400" count="3" type="stmt"/>
        <line num="402" count="3" type="cond" truecount="1" falsecount="0"/>
        <line num="403" count="1" type="stmt"/>
        <line num="414" count="2" type="cond" truecount="1" falsecount="0"/>
        <line num="415" count="1" type="stmt"/>
        <line num="426" count="1" type="cond" truecount="1" falsecount="0"/>
        <line num="427" count="1" type="stmt"/>
        <line num="439" count="168" type="cond" truecount="3" falsecount="1"/>
        <line num="440" count="168" type="cond" truecount="1" falsecount="0"/>
        <line num="441" count="1" type="stmt"/>
        <line num="443" count="167" type="cond" truecount="1" falsecount="0"/>
        <line num="444" count="1" type="stmt"/>
        <line num="446" count="166" type="cond" truecount="1" falsecount="0"/>
        <line num="447" count="1" type="stmt"/>
        <line num="453" count="14" type="stmt"/>
        <line num="456" count="14" type="stmt"/>
        <line num="470" count="12" type="stmt"/>
      </file>
      <file name="index.ts" path="/workspaces/arvo-xstate/src/ArvoMachine/index.ts">
        <metrics statements="36" coveredstatements="36" conditionals="25" coveredconditionals="23" methods="6" coveredmethods="6"/>
        <line num="1" count="6" type="stmt"/>
        <line num="25" count="6" type="stmt"/>
        <line num="60" count="14" type="stmt"/>
        <line num="61" count="14" type="stmt"/>
        <line num="62" count="14" type="stmt"/>
        <line num="66" count="14" type="stmt"/>
        <line num="67" count="14" type="cond" truecount="0" falsecount="1"/>
        <line num="73" count="6" type="stmt"/>
        <line num="74" count="426" type="stmt"/>
        <line num="105" count="6" type="stmt"/>
        <line num="120" count="42" type="stmt"/>
        <line num="122" count="42" type="cond" truecount="2" falsecount="0"/>
        <line num="123" count="16" type="stmt"/>
        <line num="124" count="16" type="stmt"/>
        <line num="126" count="26" type="stmt"/>
        <line num="129" count="71" type="stmt"/>
        <line num="133" count="143" type="stmt"/>
        <line num="139" count="26" type="stmt"/>
        <line num="142" count="42" type="cond" truecount="1" falsecount="0"/>
        <line num="143" count="3" type="stmt"/>
        <line num="147" count="3" type="stmt"/>
        <line num="152" count="39" type="stmt"/>
        <line num="157" count="39" type="stmt"/>
        <line num="159" count="39" type="cond" truecount="2" falsecount="0"/>
        <line num="160" count="1" type="stmt"/>
        <line num="165" count="38" type="stmt"/>
        <line num="169" count="38" type="cond" truecount="1" falsecount="0"/>
        <line num="170" count="1" type="stmt"/>
        <line num="177" count="37" type="cond" truecount="1" falsecount="0"/>
        <line num="181" count="2" type="stmt"/>
        <line num="191" count="36" type="cond" truecount="2" falsecount="0"/>
        <line num="195" count="36" type="cond" truecount="4" falsecount="0"/>
        <line num="196" count="36" type="cond" truecount="1" falsecount="0"/>
        <line num="197" count="2" type="stmt"/>
        <line num="202" count="34" type="stmt"/>
        <line num="206" count="6" type="stmt"/>
      </file>
      <file name="utils.ts" path="/workspaces/arvo-xstate/src/ArvoMachine/utils.ts">
        <metrics statements="11" coveredstatements="10" conditionals="11" coveredconditionals="8" methods="1" coveredmethods="1"/>
        <line num="24" count="6" type="stmt"/>
        <line num="25" count="14" type="cond" truecount="3" falsecount="2"/>
        <line num="26" count="0" type="stmt"/>
        <line num="28" count="14" type="stmt"/>
        <line num="29" count="14" type="stmt"/>
        <line num="30" count="59" type="stmt"/>
        <line num="31" count="59" type="cond" truecount="4" falsecount="1"/>
        <line num="32" count="15" type="cond" truecount="1" falsecount="0"/>
        <line num="33" count="46" type="stmt"/>
        <line num="34" count="46" type="stmt"/>
        <line num="37" count="13" type="stmt"/>
      </file>
    </package>
    <package name="src.ArvoOrchestrator">
      <metrics statements="182" coveredstatements="173" conditionals="174" coveredconditionals="141" methods="21" coveredmethods="19"/>
      <file name="error.ts" path="/workspaces/arvo-xstate/src/ArvoOrchestrator/error.ts">
        <metrics statements="5" coveredstatements="5" conditionals="2" coveredconditionals="1" methods="2" coveredmethods="2"/>
        <line num="6" count="6" type="stmt"/>
        <line num="26" count="2" type="cond" truecount="1" falsecount="1"/>
        <line num="27" count="2" type="stmt"/>
        <line num="28" count="2" type="stmt"/>
        <line num="30" count="6" type="stmt"/>
      </file>
      <file name="factory.ts" path="/workspaces/arvo-xstate/src/ArvoOrchestrator/factory.ts">
        <metrics statements="13" coveredstatements="12" conditionals="5" coveredconditionals="3" methods="2" coveredmethods="2"/>
        <line num="1" count="6" type="stmt"/>
        <line num="2" count="6" type="stmt"/>
        <line num="3" count="6" type="stmt"/>
        <line num="31" count="6" type="stmt"/>
        <line num="32" count="8" type="stmt"/>
        <line num="33" count="8" type="stmt"/>
        <line num="34" count="8" type="stmt"/>
        <line num="36" count="8" type="cond" truecount="3" falsecount="2"/>
        <line num="37" count="0" type="stmt"/>
        <line num="40" count="8" type="stmt"/>
        <line num="41" count="8" type="stmt"/>
        <line num="42" count="10" type="stmt"/>
        <line num="45" count="8" type="stmt"/>
      </file>
      <file name="index.ts" path="/workspaces/arvo-xstate/src/ArvoOrchestrator/index.ts">
        <metrics statements="164" coveredstatements="156" conditionals="167" coveredconditionals="137" methods="17" coveredmethods="15"/>
        <line num="1" count="6" type="stmt"/>
        <line num="30" count="6" type="stmt"/>
        <line num="34" count="6" type="stmt"/>
        <line num="35" count="6" type="stmt"/>
        <line num="46" count="6" type="stmt"/>
        <line num="56" count="6" type="stmt"/>
        <line num="57" count="157" type="stmt"/>
        <line num="66" count="8" type="stmt"/>
        <line num="67" count="8" type="stmt"/>
        <line num="68" count="8" type="stmt"/>
        <line num="69" count="8" type="stmt"/>
        <line num="70" count="8" type="stmt"/>
        <line num="72" count="8" type="cond" truecount="2" falsecount="0"/>
        <line num="73" count="8" type="stmt"/>
        <line num="74" count="8" type="stmt"/>
        <line num="75" count="8" type="stmt"/>
        <line num="76" count="8" type="stmt"/>
        <line num="77" count="17" type="stmt"/>
        <line num="78" count="17" type="cond" truecount="1" falsecount="0"/>
        <line num="79" count="1" type="stmt"/>
        <line num="83" count="16" type="cond" truecount="2" falsecount="0"/>
        <line num="84" count="1" type="stmt"/>
        <line num="88" count="15" type="stmt"/>
        <line num="91" count="6" type="stmt"/>
        <line num="92" count="6" type="stmt"/>
        <line num="93" count="6" type="stmt"/>
        <line num="96" count="6" type="stmt"/>
        <line num="99" count="38" type="cond" truecount="1" falsecount="0"/>
        <line num="100" count="21" type="stmt"/>
        <line num="104" count="21" type="stmt"/>
        <line num="109" count="17" type="stmt"/>
        <line num="111" count="17" type="stmt"/>
        <line num="115" count="17" type="cond" truecount="1" falsecount="0"/>
        <line num="117" count="17" type="stmt"/>
        <line num="120" count="1" type="stmt"/>
        <line num="121" count="1" type="cond" truecount="3" falsecount="1"/>
        <line num="125" count="1" type="stmt"/>
        <line num="136" count="6" type="stmt"/>
        <line num="141" count="37" type="stmt"/>
        <line num="143" count="37" type="cond" truecount="1" falsecount="0"/>
        <line num="145" count="37" type="stmt"/>
        <line num="148" count="1" type="stmt"/>
        <line num="149" count="1" type="cond" truecount="3" falsecount="1"/>
        <line num="153" count="1" type="stmt"/>
        <line num="172" count="6" type="stmt"/>
        <line num="179" count="34" type="stmt"/>
        <line num="187" count="34" type="stmt"/>
        <line num="191" count="34" type="stmt"/>
        <line num="197" count="101" type="stmt"/>
        <line num="199" count="34" type="stmt"/>
        <line num="200" count="34" type="stmt"/>
        <line num="201" count="34" type="stmt"/>
        <line num="202" count="34" type="cond" truecount="2" falsecount="0"/>
        <line num="203" count="9" type="stmt"/>
        <line num="207" count="9" type="stmt"/>
        <line num="208" count="9" type="stmt"/>
        <line num="209" count="9" type="cond" truecount="4" falsecount="0"/>
        <line num="210" count="25" type="cond" truecount="1" falsecount="0"/>
        <line num="211" count="23" type="stmt"/>
        <line num="215" count="23" type="stmt"/>
        <line num="216" count="23" type="stmt"/>
        <line num="221" count="23" type="cond" truecount="1" falsecount="0"/>
        <line num="224" count="6" type="cond" truecount="1" falsecount="0"/>
        <line num="225" count="5" type="stmt"/>
        <line num="226" count="5" type="stmt"/>
        <line num="228" count="1" type="stmt"/>
        <line num="237" count="5" type="stmt"/>
        <line num="238" count="5" type="cond" truecount="2" falsecount="0"/>
        <line num="239" count="4" type="stmt"/>
        <line num="248" count="1" type="stmt"/>
        <line num="258" count="0" type="stmt"/>
        <line num="262" count="0" type="stmt"/>
        <line num="267" count="33" type="stmt"/>
        <line num="268" count="33" type="stmt"/>
        <line num="273" count="33" type="cond" truecount="3" falsecount="0"/>
        <line num="274" count="31" type="stmt"/>
        <line num="275" count="31" type="stmt"/>
        <line num="276" count="31" type="stmt"/>
        <line num="278" count="0" type="stmt"/>
        <line num="282" count="0" type="stmt"/>
        <line num="287" count="33" type="stmt"/>
        <line num="306" count="33" type="stmt"/>
        <line num="311" count="33" type="stmt"/>
        <line num="323" count="6" type="stmt"/>
        <line num="325" count="40" type="cond" truecount="1" falsecount="0"/>
        <line num="329" count="38" type="stmt"/>
        <line num="330" count="38" type="cond" truecount="1" falsecount="0"/>
        <line num="338" count="418" type="stmt"/>
        <line num="359" count="38" type="stmt"/>
        <line num="360" count="38" type="stmt"/>
        <line num="364" count="38" type="stmt"/>
        <line num="365" count="38" type="stmt"/>
        <line num="366" count="38" type="stmt"/>
        <line num="367" count="38" type="cond" truecount="1" falsecount="0"/>
        <line num="368" count="1" type="stmt"/>
        <line num="372" count="1" type="stmt"/>
        <line num="373" count="1" type="stmt"/>
        <line num="375" count="37" type="stmt"/>
        <line num="376" count="37" type="cond" truecount="1" falsecount="0"/>
        <line num="377" count="1" type="stmt"/>
        <line num="381" count="1" type="stmt"/>
        <line num="382" count="1" type="stmt"/>
        <line num="384" count="36" type="stmt"/>
        <line num="385" count="36" type="stmt"/>
        <line num="386" count="36" type="stmt"/>
        <line num="387" count="36" type="stmt"/>
        <line num="390" count="36" type="stmt"/>
        <line num="392" count="36" type="stmt"/>
        <line num="394" count="1" type="stmt"/>
        <line num="401" count="35" type="cond" truecount="2" falsecount="0"/>
        <line num="402" count="1" type="stmt"/>
        <line num="406" count="34" type="stmt"/>
        <line num="410" count="34" type="stmt"/>
        <line num="413" count="34" type="cond" truecount="2" falsecount="0"/>
        <line num="414" count="11" type="stmt"/>
        <line num="419" count="11" type="cond" truecount="0" falsecount="1"/>
        <line num="420" count="0" type="stmt"/>
        <line num="427" count="0" type="stmt"/>
        <line num="430" count="23" type="stmt"/>
        <line num="435" count="23" type="cond" truecount="1" falsecount="0"/>
        <line num="436" count="1" type="stmt"/>
        <line num="444" count="1" type="stmt"/>
        <line num="451" count="33" type="cond" truecount="1" falsecount="0"/>
        <line num="452" count="11" type="cond" truecount="10" falsecount="2"/>
        <line num="455" count="33" type="stmt"/>
        <line num="460" count="33" type="stmt"/>
        <line num="464" count="33" type="stmt"/>
        <line num="474" count="33" type="stmt"/>
        <line num="476" count="33" type="cond" truecount="1" falsecount="0"/>
        <line num="477" count="1" type="stmt"/>
        <line num="481" count="32" type="cond" truecount="1" falsecount="0"/>
        <line num="485" count="1" type="stmt"/>
        <line num="493" count="31" type="stmt"/>
        <line num="502" count="31" type="stmt"/>
        <line num="508" count="31" type="cond" truecount="1" falsecount="0"/>
        <line num="509" count="9" type="stmt"/>
        <line num="512" count="9" type="stmt"/>
        <line num="528" count="31" type="stmt"/>
        <line num="529" count="34" type="stmt"/>
        <line num="538" count="30" type="stmt"/>
        <line num="539" count="352" type="stmt"/>
        <line num="540" count="352" type="stmt"/>
        <line num="544" count="30" type="stmt"/>
        <line num="550" count="60" type="stmt"/>
        <line num="558" count="30" type="stmt"/>
        <line num="563" count="30" type="stmt"/>
        <line num="565" count="5" type="stmt"/>
        <line num="569" count="5" type="stmt"/>
        <line num="570" count="5" type="stmt"/>
        <line num="577" count="5" type="stmt"/>
        <line num="578" count="5" type="stmt"/>
        <line num="579" count="5" type="stmt"/>
        <line num="581" count="1" type="stmt"/>
        <line num="587" count="5" type="stmt"/>
        <line num="601" count="55" type="stmt"/>
        <line num="602" count="55" type="stmt"/>
        <line num="604" count="5" type="stmt"/>
        <line num="608" count="58" type="cond" truecount="3" falsecount="0"/>
        <line num="609" count="28" type="stmt"/>
        <line num="610" count="0" type="stmt"/>
        <line num="619" count="36" type="stmt"/>
        <line num="628" count="6" type="stmt"/>
        <line num="629" count="0" type="stmt"/>
        <line num="634" count="6" type="stmt"/>
      </file>
    </package>
    <package name="src.MachineExecutionEngine">
      <metrics statements="41" coveredstatements="41" conditionals="61" coveredconditionals="54" methods="8" coveredmethods="7"/>
      <file name="index.ts" path="/workspaces/arvo-xstate/src/MachineExecutionEngine/index.ts">
        <metrics statements="41" coveredstatements="41" conditionals="61" coveredconditionals="54" methods="8" coveredmethods="7"/>
        <line num="1" count="6" type="stmt"/>
        <line num="3" count="6" type="stmt"/>
        <line num="6" count="6" type="stmt"/>
        <line num="12" count="6" type="stmt"/>
        <line num="33" count="6" type="stmt"/>
        <line num="34" count="36" type="stmt"/>
        <line num="35" count="41" type="cond" truecount="1" falsecount="0"/>
        <line num="39" count="36" type="stmt"/>
        <line num="63" count="36" type="stmt"/>
        <line num="64" count="36" type="stmt"/>
        <line num="66" count="36" type="cond" truecount="2" falsecount="0"/>
        <line num="67" count="15" type="stmt"/>
        <line num="71" count="15" type="cond" truecount="1" falsecount="0"/>
        <line num="72" count="1" type="stmt"/>
        <line num="76" count="14" type="stmt"/>
        <line num="79" count="14" type="stmt"/>
        <line num="80" count="12" type="stmt"/>
        <line num="82" count="14" type="stmt"/>
        <line num="83" count="14" type="stmt"/>
        <line num="85" count="21" type="stmt"/>
        <line num="89" count="21" type="stmt"/>
        <line num="92" count="21" type="stmt"/>
        <line num="93" count="12" type="stmt"/>
        <line num="95" count="21" type="stmt"/>
        <line num="96" count="21" type="stmt"/>
        <line num="97" count="21" type="stmt"/>
        <line num="99" count="35" type="stmt"/>
        <line num="103" count="35" type="stmt"/>
        <line num="107" count="35" type="stmt"/>
        <line num="108" count="35" type="cond" truecount="12" falsecount="1"/>
        <line num="109" count="4" type="stmt"/>
        <line num="112" count="4" type="stmt"/>
        <line num="113" count="4" type="stmt"/>
        <line num="115" count="35" type="cond" truecount="1" falsecount="0"/>
        <line num="116" count="2" type="stmt"/>
        <line num="119" count="33" type="cond" truecount="7" falsecount="1"/>
        <line num="120" count="33" type="cond" truecount="8" falsecount="0"/>
        <line num="121" count="33" type="cond" truecount="9" falsecount="0"/>
        <line num="122" count="23" type="stmt"/>
        <line num="125" count="33" type="stmt"/>
        <line num="133" count="6" type="stmt"/>
      </file>
    </package>
    <package name="src.MachineMemory">
      <metrics statements="76" coveredstatements="74" conditionals="30" coveredconditionals="30" methods="17" coveredmethods="17"/>
      <file name="Simple.ts" path="/workspaces/arvo-xstate/src/MachineMemory/Simple.ts">
        <metrics statements="29" coveredstatements="29" conditionals="10" coveredconditionals="10" methods="6" coveredmethods="6"/>
        <line num="18" count="6" type="stmt"/>
        <line num="21" count="21" type="stmt"/>
        <line num="22" count="21" type="stmt"/>
        <line num="30" count="6" type="stmt"/>
        <line num="31" count="49" type="cond" truecount="1" falsecount="0"/>
        <line num="32" count="1" type="stmt"/>
        <line num="34" count="48" type="cond" truecount="4" falsecount="0"/>
        <line num="43" count="6" type="stmt"/>
        <line num="44" count="39" type="cond" truecount="1" falsecount="0"/>
        <line num="45" count="1" type="stmt"/>
        <line num="47" count="38" type="cond" truecount="1" falsecount="0"/>
        <line num="48" count="2" type="stmt"/>
        <line num="50" count="36" type="stmt"/>
        <line num="59" count="6" type="stmt"/>
        <line num="60" count="30" type="cond" truecount="1" falsecount="0"/>
        <line num="61" count="1" type="stmt"/>
        <line num="63" count="29" type="cond" truecount="1" falsecount="0"/>
        <line num="64" count="4" type="stmt"/>
        <line num="66" count="25" type="stmt"/>
        <line num="67" count="25" type="stmt"/>
        <line num="76" count="6" type="stmt"/>
        <line num="77" count="19" type="cond" truecount="1" falsecount="0"/>
        <line num="78" count="1" type="stmt"/>
        <line num="80" count="18" type="stmt"/>
        <line num="81" count="18" type="stmt"/>
        <line num="87" count="6" type="stmt"/>
        <line num="88" count="1" type="stmt"/>
        <line num="89" count="1" type="stmt"/>
        <line num="91" count="6" type="stmt"/>
      </file>
      <file name="TelemetredSimple.ts" path="/workspaces/arvo-xstate/src/MachineMemory/TelemetredSimple.ts">
        <metrics statements="40" coveredstatements="40" conditionals="20" coveredconditionals="20" methods="10" coveredmethods="10"/>
        <line num="1" count="6" type="stmt"/>
        <line num="4" count="6" type="stmt"/>
        <line num="5" count="6" type="stmt"/>
        <line num="21" count="6" type="stmt"/>
        <line num="24" count="17" type="stmt"/>
        <line num="25" count="17" type="stmt"/>
        <line num="33" count="6" type="stmt"/>
        <line num="34" count="7" type="cond" truecount="2" falsecount="0"/>
        <line num="42" count="7" type="stmt"/>
        <line num="43" count="7" type="cond" truecount="1" falsecount="0"/>
        <line num="44" count="1" type="stmt"/>
        <line num="46" count="6" type="cond" truecount="4" falsecount="0"/>
        <line num="57" count="6" type="stmt"/>
        <line num="58" count="9" type="cond" truecount="2" falsecount="0"/>
        <line num="67" count="9" type="stmt"/>
        <line num="68" count="9" type="cond" truecount="1" falsecount="0"/>
        <line num="69" count="1" type="stmt"/>
        <line num="71" count="8" type="cond" truecount="1" falsecount="0"/>
        <line num="72" count="2" type="stmt"/>
        <line num="74" count="6" type="stmt"/>
        <line num="85" count="6" type="stmt"/>
        <line num="86" count="12" type="cond" truecount="2" falsecount="0"/>
        <line num="94" count="12" type="stmt"/>
        <line num="95" count="12" type="cond" truecount="1" falsecount="0"/>
        <line num="96" count="1" type="stmt"/>
        <line num="98" count="11" type="cond" truecount="1" falsecount="0"/>
        <line num="99" count="2" type="stmt"/>
        <line num="101" count="9" type="stmt"/>
        <line num="102" count="9" type="stmt"/>
        <line num="113" count="6" type="stmt"/>
        <line num="114" count="5" type="cond" truecount="2" falsecount="0"/>
        <line num="122" count="5" type="stmt"/>
        <line num="123" count="5" type="cond" truecount="1" falsecount="0"/>
        <line num="124" count="1" type="stmt"/>
        <line num="126" count="4" type="stmt"/>
        <line num="127" count="4" type="stmt"/>
        <line num="135" count="6" type="stmt"/>
        <line num="136" count="1" type="stmt"/>
        <line num="137" count="1" type="stmt"/>
        <line num="139" count="6" type="stmt"/>
      </file>
      <file name="utils.ts" path="/workspaces/arvo-xstate/src/MachineMemory/utils.ts">
        <metrics statements="7" coveredstatements="5" conditionals="0" coveredconditionals="0" methods="1" coveredmethods="1"/>
        <line num="1" count="6" type="stmt"/>
        <line num="4" count="6" type="stmt"/>
        <line num="5" count="7" type="stmt"/>
        <line num="6" count="7" type="stmt"/>
        <line num="8" count="7" type="stmt"/>
        <line num="10" count="0" type="stmt"/>
        <line num="14" count="0" type="stmt"/>
      </file>
    </package>
    <package name="src.MachineRegistry">
      <metrics statements="20" coveredstatements="20" conditionals="11" coveredconditionals="11" methods="5" coveredmethods="5"/>
      <file name="index.ts" path="/workspaces/arvo-xstate/src/MachineRegistry/index.ts">
        <metrics statements="20" coveredstatements="20" conditionals="11" coveredconditionals="11" methods="5" coveredmethods="5"/>
        <line num="1" count="6" type="stmt"/>
        <line num="9" count="6" type="stmt"/>
        <line num="20" count="6" type="stmt"/>
        <line num="29" count="46" type="stmt"/>
        <line num="30" count="11" type="stmt"/>
        <line num="31" count="11" type="cond" truecount="1" falsecount="0"/>
        <line num="32" count="1" type="stmt"/>
        <line num="53" count="37" type="stmt"/>
        <line num="55" count="40" type="cond" truecount="1" falsecount="0"/>
        <line num="59" count="37" type="stmt"/>
        <line num="79" count="37" type="stmt"/>
        <line num="80" count="37" type="stmt"/>
        <line num="84" count="37" type="stmt"/>
        <line num="89" count="37" type="cond" truecount="4" falsecount="0"/>
        <line num="91" count="75" type="cond" truecount="2" falsecount="0"/>
        <line num="94" count="37" type="cond" truecount="1" falsecount="0"/>
        <line num="95" count="1" type="stmt"/>
        <line num="99" count="36" type="stmt"/>
        <line num="103" count="36" type="stmt"/>
        <line num="107" count="6" type="stmt"/>
      </file>
    </package>
    <package name="src.utils.SimpleEventBroker">
      <metrics statements="66" coveredstatements="54" conditionals="32" coveredconditionals="15" methods="19" coveredmethods="14"/>
      <file name="helper.ts" path="/workspaces/arvo-xstate/src/utils/SimpleEventBroker/helper.ts">
        <metrics statements="10" coveredstatements="10" conditionals="5" coveredconditionals="4" methods="6" coveredmethods="6"/>
        <line num="2" count="6" type="stmt"/>
        <line num="25" count="6" type="stmt"/>
        <line num="29" count="4" type="stmt"/>
        <line num="34" count="2" type="stmt"/>
        <line num="43" count="4" type="stmt"/>
        <line num="44" count="28" type="stmt"/>
        <line num="46" count="38" type="stmt"/>
        <line num="47" count="38" type="cond" truecount="1" falsecount="0"/>
        <line num="51" count="40" type="stmt"/>
        <line num="57" count="4" type="stmt"/>
      </file>
      <file name="index.ts" path="/workspaces/arvo-xstate/src/utils/SimpleEventBroker/index.ts">
        <metrics statements="53" coveredstatements="41" conditionals="26" coveredconditionals="11" methods="11" coveredmethods="6"/>
        <line num="3" count="6" type="stmt"/>
        <line num="48" count="6" type="stmt"/>
        <line num="55" count="4" type="stmt"/>
        <line num="58" count="4" type="stmt"/>
        <line num="59" count="4" type="stmt"/>
        <line num="60" count="4" type="stmt"/>
        <line num="61" count="4" type="stmt"/>
        <line num="62" count="4" type="stmt"/>
        <line num="63" count="4" type="stmt"/>
        <line num="69" count="6" type="stmt"/>
        <line num="70" count="0" type="stmt"/>
        <line num="82" count="34" type="stmt"/>
        <line num="85" count="40" type="cond" truecount="1" falsecount="0"/>
        <line num="87" count="34" type="cond" truecount="1" falsecount="0"/>
        <line num="88" count="34" type="stmt"/>
        <line num="91" count="34" type="cond" truecount="2" falsecount="1"/>
        <line num="92" count="0" type="stmt"/>
        <line num="95" count="34" type="stmt"/>
        <line num="96" count="34" type="stmt"/>
        <line num="98" count="34" type="stmt"/>
        <line num="99" count="0" type="stmt"/>
        <line num="100" count="0" type="cond" truecount="0" falsecount="1"/>
        <line num="101" count="0" type="stmt"/>
        <line num="111" count="6" type="stmt"/>
        <line num="112" count="44" type="cond" truecount="0" falsecount="1"/>
        <line num="113" count="0" type="stmt"/>
        <line num="116" count="44" type="cond" truecount="0" falsecount="1"/>
        <line num="117" count="0" type="stmt"/>
        <line num="120" count="44" type="stmt"/>
        <line num="121" count="44" type="stmt"/>
        <line num="123" count="84" type="cond" truecount="1" falsecount="0"/>
        <line num="124" count="8" type="stmt"/>
        <line num="131" count="6" type="stmt"/>
        <line num="132" count="0" type="stmt"/>
        <line num="138" count="6" type="stmt"/>
        <line num="139" count="0" type="cond" truecount="0" falsecount="8"/>
        <line num="154" count="6" type="stmt"/>
        <line num="155" count="4" type="cond" truecount="0" falsecount="1"/>
        <line num="156" count="4" type="stmt"/>
        <line num="159" count="48" type="cond" truecount="1" falsecount="0"/>
        <line num="160" count="44" type="stmt"/>
        <line num="161" count="88" type="stmt"/>
        <line num="162" count="44" type="stmt"/>
        <line num="164" count="44" type="cond" truecount="5" falsecount="0"/>
        <line num="165" count="2" type="stmt"/>
        <line num="172" count="42" type="stmt"/>
        <line num="173" count="42" type="stmt"/>
        <line num="174" count="0" type="cond" truecount="0" falsecount="2"/>
        <line num="175" count="0" type="stmt"/>
        <line num="177" count="0" type="stmt"/>
        <line num="182" count="84" type="stmt"/>
        <line num="185" count="4" type="stmt"/>
        <line num="188" count="6" type="stmt"/>
      </file>
      <file name="utils.ts" path="/workspaces/arvo-xstate/src/utils/SimpleEventBroker/utils.ts">
        <metrics statements="3" coveredstatements="3" conditionals="1" coveredconditionals="0" methods="2" coveredmethods="2"/>
        <line num="1" count="44" type="cond" truecount="0" falsecount="1"/>
        <line num="2" count="44" type="stmt"/>
        <line num="3" count="44" type="stmt"/>
      </file>
    </package>
    <package name="src.utils.object">
      <metrics statements="18" coveredstatements="18" conditionals="13" coveredconditionals="12" methods="3" coveredmethods="3"/>
      <file name="index.ts" path="/workspaces/arvo-xstate/src/utils/object/index.ts">
        <metrics statements="18" coveredstatements="18" conditionals="13" coveredconditionals="12" methods="3" coveredmethods="3"/>
        <line num="26" count="7" type="stmt"/>
        <line num="27" count="24" type="cond" truecount="5" falsecount="0"/>
        <line num="28" count="3" type="stmt"/>
        <line num="33" count="21" type="stmt"/>
        <line num="34" count="21" type="stmt"/>
        <line num="36" count="21" type="stmt"/>
        <line num="37" count="373" type="stmt"/>
        <line num="39" count="373" type="cond" truecount="4" falsecount="0"/>
        <line num="40" count="179" type="stmt"/>
        <line num="42" count="194" type="stmt"/>
        <line num="43" count="352" type="cond" truecount="1" falsecount="0"/>
        <line num="44" count="352" type="stmt"/>
        <line num="50" count="21" type="stmt"/>
        <line num="64" count="7" type="stmt"/>
        <line num="65" count="4" type="cond" truecount="2" falsecount="1"/>
        <line num="66" count="1" type="stmt"/>
        <line num="68" count="5" type="stmt"/>
        <line num="69" count="3" type="stmt"/>
      </file>
    </package>
  </project>
</coverage>
