{"/workspaces/arvo-xstate/src/index.ts": {"path":"/workspaces/arvo-xstate/src/index.ts","statementMap":{"0":{"start":{"line":1,"column":0},"end":{"line":1,"column":7}},"1":{"start":{"line":35,"column":2},"end":{"line":1,"column":40}},"2":{"start":{"line":2,"column":0},"end":{"line":2,"column":9}},"3":{"start":{"line":36,"column":2},"end":{"line":2,"column":63}},"4":{"start":{"line":7,"column":0},"end":{"line":7,"column":9}},"5":{"start":{"line":41,"column":2},"end":{"line":7,"column":66}},"6":{"start":{"line":13,"column":0},"end":{"line":13,"column":9}},"7":{"start":{"line":40,"column":2},"end":{"line":13,"column":52}},"8":{"start":{"line":19,"column":0},"end":{"line":19,"column":9}},"9":{"start":{"line":49,"column":2},"end":{"line":19,"column":65}},"10":{"start":{"line":20,"column":0},"end":{"line":20,"column":9}},"11":{"start":{"line":50,"column":2},"end":{"line":20,"column":54}},"12":{"start":{"line":22,"column":0},"end":{"line":22,"column":9}},"13":{"start":{"line":46,"column":2},"end":{"line":22,"column":61}},"14":{"start":{"line":23,"column":0},"end":{"line":23,"column":9}},"15":{"start":{"line":51,"column":2},"end":{"line":23,"column":68}},"16":{"start":{"line":24,"column":0},"end":{"line":24,"column":9}},"17":{"start":{"line":52,"column":2},"end":{"line":24,"column":62}},"18":{"start":{"line":25,"column":0},"end":{"line":25,"column":9}},"19":{"start":{"line":53,"column":2},"end":{"line":25,"column":75}},"20":{"start":{"line":26,"column":0},"end":{"line":26,"column":9}},"21":{"start":{"line":54,"column":2},"end":{"line":26,"column":81}},"22":{"start":{"line":27,"column":0},"end":{"line":27,"column":38}},"23":{"start":{"line":29,"column":15},"end":{"line":32,"column":null}},"24":{"start":{"line":55,"column":2},"end":{"line":55,"column":8}}},"fnMap":{"0":{"name":"(anonymous_1)","decl":{"start":{"line":36,"column":2},"end":{"line":36,"column":18}},"loc":{"start":{"line":36,"column":2},"end":{"line":2,"column":63}}},"1":{"name":"(anonymous_2)","decl":{"start":{"line":41,"column":2},"end":{"line":41,"column":24}},"loc":{"start":{"line":41,"column":2},"end":{"line":7,"column":66}}},"2":{"name":"(anonymous_3)","decl":{"start":{"line":40,"column":2},"end":{"line":40,"column":17}},"loc":{"start":{"line":40,"column":2},"end":{"line":13,"column":52}}},"3":{"name":"(anonymous_4)","decl":{"start":{"line":49,"column":2},"end":{"line":49,"column":23}},"loc":{"start":{"line":49,"column":2},"end":{"line":19,"column":65}}},"4":{"name":"(anonymous_5)","decl":{"start":{"line":50,"column":2},"end":{"line":50,"column":18}},"loc":{"start":{"line":50,"column":2},"end":{"line":20,"column":54}}},"5":{"name":"(anonymous_6)","decl":{"start":{"line":46,"column":2},"end":{"line":46,"column":21}},"loc":{"start":{"line":46,"column":2},"end":{"line":22,"column":61}}},"6":{"name":"(anonymous_7)","decl":{"start":{"line":51,"column":2},"end":{"line":51,"column":24}},"loc":{"start":{"line":51,"column":2},"end":{"line":23,"column":68}}},"7":{"name":"(anonymous_8)","decl":{"start":{"line":52,"column":2},"end":{"line":52,"column":19}},"loc":{"start":{"line":52,"column":2},"end":{"line":24,"column":62}}},"8":{"name":"(anonymous_9)","decl":{"start":{"line":53,"column":2},"end":{"line":53,"column":25}},"loc":{"start":{"line":53,"column":2},"end":{"line":25,"column":75}}},"9":{"name":"(anonymous_10)","decl":{"start":{"line":54,"column":2},"end":{"line":54,"column":31}},"loc":{"start":{"line":54,"column":2},"end":{"line":26,"column":81}}}},"branchMap":{},"s":{"0":6,"1":6,"2":6,"3":21,"4":6,"5":7,"6":6,"7":9,"8":6,"9":6,"10":6,"11":6,"12":6,"13":27,"14":6,"15":14,"16":6,"17":6,"18":6,"19":10,"20":6,"21":23,"22":6,"23":6,"24":6},"f":{"0":15,"1":1,"2":3,"3":0,"4":0,"5":21,"6":8,"7":0,"8":4,"9":17},"b":{}}
,"/workspaces/arvo-xstate/src/ArvoMachine/createMachine.ts": {"path":"/workspaces/arvo-xstate/src/ArvoMachine/createMachine.ts","statementMap":{"0":{"start":{"line":193,"column":0},"end":{"line":193,"column":16}},"1":{"start":{"line":1,"column":0},"end":{"line":1,"column":null}},"2":{"start":{"line":19,"column":0},"end":{"line":19,"column":null}},"3":{"start":{"line":25,"column":0},"end":{"line":25,"column":46}},"4":{"start":{"line":27,"column":0},"end":{"line":27,"column":28}},"5":{"start":{"line":28,"column":0},"end":{"line":28,"column":47}},"6":{"start":{"line":257,"column":35},"end":{"line":267,"column":3}},"7":{"start":{"line":258,"column":4},"end":{"line":266,"column":7}},"8":{"start":{"line":269,"column":2},"end":{"line":271,"column":3}},"9":{"start":{"line":270,"column":4},"end":{"line":270,"column":55}},"10":{"start":{"line":273,"column":2},"end":{"line":275,"column":3}},"11":{"start":{"line":274,"column":4},"end":{"line":274,"column":56}},"12":{"start":{"line":277,"column":2},"end":{"line":290,"column":3}},"13":{"start":{"line":278,"column":4},"end":{"line":289,"column":6}},"14":{"start":{"line":292,"column":23},"end":{"line":312,"column":null}},"15":{"start":{"line":300,"column":16},"end":{"line":300,"column":18}},"16":{"start":{"line":300,"column":30},"end":{"line":312,"column":7}},"17":{"start":{"line":316,"column":22},"end":{"line":340,"column":4}},"18":{"start":{"line":357,"column":24},"end":{"line":469,"column":3}},"19":{"start":{"line":388,"column":6},"end":{"line":388,"column":52}},"20":{"start":{"line":390,"column":4},"end":{"line":394,"column":5}},"21":{"start":{"line":391,"column":6},"end":{"line":393,"column":8}},"22":{"start":{"line":396,"column":37},"end":{"line":437,"column":5}},"23":{"start":{"line":400,"column":23},"end":{"line":400,"column":39}},"24":{"start":{"line":402,"column":6},"end":{"line":412,"column":7}},"25":{"start":{"line":403,"column":8},"end":{"line":411,"column":11}},"26":{"start":{"line":414,"column":6},"end":{"line":424,"column":7}},"27":{"start":{"line":415,"column":8},"end":{"line":423,"column":11}},"28":{"start":{"line":426,"column":6},"end":{"line":436,"column":7}},"29":{"start":{"line":427,"column":8},"end":{"line":435,"column":11}},"30":{"start":{"line":439,"column":4},"end":{"line":451,"column":5}},"31":{"start":{"line":439,"column":23},"end":{"line":439,"column":34}},"32":{"start":{"line":439,"column":23},"end":{"line":439,"column":55}},"33":{"start":{"line":439,"column":19},"end":{"line":439,"column":23}},"34":{"start":{"line":440,"column":6},"end":{"line":442,"column":7}},"35":{"start":{"line":441,"column":8},"end":{"line":441,"column":71}},"36":{"start":{"line":443,"column":6},"end":{"line":445,"column":7}},"37":{"start":{"line":444,"column":8},"end":{"line":444,"column":70}},"38":{"start":{"line":446,"column":6},"end":{"line":450,"column":7}},"39":{"start":{"line":447,"column":8},"end":{"line":449,"column":10}},"40":{"start":{"line":453,"column":20},"end":{"line":454,"column":null}},"41":{"start":{"line":456,"column":4},"end":{"line":468,"column":6}},"42":{"start":{"line":470,"column":2},"end":{"line":470,"column":27}}},"fnMap":{"0":{"name":"setupArvoMachine","decl":{"start":{"line":193,"column":16},"end":{"line":193,"column":32}},"loc":{"start":{"line":256,"column":1},"end":{"line":471,"column":1}}},"1":{"name":"(anonymous_5)","decl":{"start":{"line":257,"column":35},"end":{"line":257,"column":36}},"loc":{"start":{"line":257,"column":60},"end":{"line":267,"column":3}}},"2":{"name":"(anonymous_6)","decl":{"start":{"line":300,"column":6},"end":{"line":300,"column":7}},"loc":{"start":{"line":300,"column":25},"end":{"line":312,"column":7}}},"3":{"name":"(anonymous_7)","decl":{"start":{"line":357,"column":24},"end":{"line":357,"column":null}},"loc":{"start":{"line":385,"column":5},"end":{"line":469,"column":3}}},"4":{"name":"(anonymous_8)","decl":{"start":{"line":396,"column":37},"end":{"line":396,"column":null}},"loc":{"start":{"line":398,"column":20},"end":{"line":437,"column":5}}}},"branchMap":{"0":{"loc":{"start":{"line":261,"column":44},"end":{"line":261,"column":93}},"type":"cond-expr","locations":[{"start":{"line":261,"column":63},"end":{"line":261,"column":71}},{"start":{"line":261,"column":74},"end":{"line":261,"column":93}}]},"1":{"loc":{"start":{"line":269,"column":2},"end":{"line":271,"column":3}},"type":"if","locations":[{"start":{"line":269,"column":2},"end":{"line":271,"column":3}}]},"2":{"loc":{"start":{"line":273,"column":2},"end":{"line":275,"column":3}},"type":"if","locations":[{"start":{"line":273,"column":2},"end":{"line":275,"column":3}}]},"3":{"loc":{"start":{"line":277,"column":2},"end":{"line":290,"column":3}},"type":"if","locations":[{"start":{"line":277,"column":2},"end":{"line":290,"column":3}}]},"4":{"loc":{"start":{"line":277,"column":6},"end":{"line":277,"column":37}},"type":"cond-expr","locations":[{"start":{"line":277,"column":19},"end":{"line":277,"column":21}},{"start":{"line":277,"column":19},"end":{"line":277,"column":37}}]},"5":{"loc":{"start":{"line":277,"column":6},"end":{"line":277,"column":21}},"type":"binary-expr","locations":[{"start":{"line":277,"column":6},"end":{"line":277,"column":21}},{"start":{"line":277,"column":19},"end":{"line":277,"column":21}}]},"6":{"loc":{"start":{"line":293,"column":9},"end":{"line":293,"column":28}},"type":"cond-expr","locations":[{"start":{"line":293,"column":22},"end":{"line":293,"column":26}},{"start":{"line":293,"column":26},"end":{"line":293,"column":28}}]},"7":{"loc":{"start":{"line":293,"column":9},"end":{"line":293,"column":26}},"type":"binary-expr","locations":[{"start":{"line":293,"column":9},"end":{"line":293,"column":26}},{"start":{"line":293,"column":22},"end":{"line":293,"column":26}}]},"8":{"loc":{"start":{"line":301,"column":10},"end":{"line":301,"column":23}},"type":"cond-expr","locations":[{"start":{"line":301,"column":10},"end":{"line":301,"column":17}},{"start":{"line":301,"column":21},"end":{"line":301,"column":23}}]},"9":{"loc":{"start":{"line":301,"column":10},"end":{"line":301,"column":21}},"type":"binary-expr","locations":[{"start":{"line":301,"column":10},"end":{"line":301,"column":21}},{"start":{"line":301,"column":10},"end":{"line":301,"column":21}}]},"10":{"loc":{"start":{"line":303,"column":12},"end":{"line":303,"column":33}},"type":"cond-expr","locations":[{"start":{"line":303,"column":27},"end":{"line":303,"column":31}},{"start":{"line":303,"column":31},"end":{"line":303,"column":33}}]},"11":{"loc":{"start":{"line":303,"column":12},"end":{"line":303,"column":31}},"type":"binary-expr","locations":[{"start":{"line":303,"column":12},"end":{"line":303,"column":31}},{"start":{"line":303,"column":27},"end":{"line":303,"column":31}}]},"12":{"loc":{"start":{"line":303,"column":12},"end":{"line":303,"column":27}},"type":"cond-expr","locations":[{"start":{"line":303,"column":19},"end":{"line":303,"column":21}},{"start":{"line":303,"column":12},"end":{"line":303,"column":27}}]},"13":{"loc":{"start":{"line":303,"column":12},"end":{"line":303,"column":21}},"type":"binary-expr","locations":[{"start":{"line":303,"column":12},"end":{"line":303,"column":21}},{"start":{"line":303,"column":12},"end":{"line":303,"column":21}}]},"14":{"loc":{"start":{"line":305,"column":14},"end":{"line":305,"column":47}},"type":"cond-expr","locations":[{"start":{"line":305,"column":41},"end":{"line":305,"column":45}},{"start":{"line":305,"column":45},"end":{"line":305,"column":47}}]},"15":{"loc":{"start":{"line":305,"column":14},"end":{"line":305,"column":45}},"type":"binary-expr","locations":[{"start":{"line":305,"column":14},"end":{"line":305,"column":45}},{"start":{"line":305,"column":41},"end":{"line":305,"column":45}}]},"16":{"loc":{"start":{"line":305,"column":14},"end":{"line":305,"column":41}},"type":"cond-expr","locations":[{"start":{"line":305,"column":29},"end":{"line":305,"column":31}},{"start":{"line":305,"column":29},"end":{"line":305,"column":41}}]},"17":{"loc":{"start":{"line":305,"column":14},"end":{"line":305,"column":31}},"type":"binary-expr","locations":[{"start":{"line":305,"column":14},"end":{"line":305,"column":31}},{"start":{"line":305,"column":29},"end":{"line":305,"column":31}}]},"18":{"loc":{"start":{"line":305,"column":14},"end":{"line":305,"column":29}},"type":"cond-expr","locations":[{"start":{"line":305,"column":21},"end":{"line":305,"column":23}},{"start":{"line":305,"column":14},"end":{"line":305,"column":29}}]},"19":{"loc":{"start":{"line":305,"column":14},"end":{"line":305,"column":23}},"type":"binary-expr","locations":[{"start":{"line":305,"column":14},"end":{"line":305,"column":23}},{"start":{"line":305,"column":14},"end":{"line":305,"column":23}}]},"20":{"loc":{"start":{"line":307,"column":16},"end":{"line":307,"column":63}},"type":"binary-expr","locations":[{"start":{"line":307,"column":16},"end":{"line":307,"column":57}},{"start":{"line":307,"column":61},"end":{"line":307,"column":63}}]},"21":{"loc":{"start":{"line":307,"column":16},"end":{"line":307,"column":57}},"type":"cond-expr","locations":[{"start":{"line":307,"column":43},"end":{"line":307,"column":45}},{"start":{"line":307,"column":43},"end":{"line":307,"column":57}}]},"22":{"loc":{"start":{"line":307,"column":16},"end":{"line":307,"column":45}},"type":"binary-expr","locations":[{"start":{"line":307,"column":16},"end":{"line":307,"column":45}},{"start":{"line":307,"column":43},"end":{"line":307,"column":45}}]},"23":{"loc":{"start":{"line":307,"column":16},"end":{"line":307,"column":43}},"type":"cond-expr","locations":[{"start":{"line":307,"column":31},"end":{"line":307,"column":33}},{"start":{"line":307,"column":31},"end":{"line":307,"column":43}}]},"24":{"loc":{"start":{"line":307,"column":16},"end":{"line":307,"column":33}},"type":"binary-expr","locations":[{"start":{"line":307,"column":16},"end":{"line":307,"column":33}},{"start":{"line":307,"column":31},"end":{"line":307,"column":33}}]},"25":{"loc":{"start":{"line":307,"column":16},"end":{"line":307,"column":31}},"type":"cond-expr","locations":[{"start":{"line":307,"column":23},"end":{"line":307,"column":25}},{"start":{"line":307,"column":16},"end":{"line":307,"column":31}}]},"26":{"loc":{"start":{"line":307,"column":16},"end":{"line":307,"column":25}},"type":"binary-expr","locations":[{"start":{"line":307,"column":16},"end":{"line":307,"column":25}},{"start":{"line":307,"column":16},"end":{"line":307,"column":25}}]},"27":{"loc":{"start":{"line":388,"column":6},"end":{"line":388,"column":52}},"type":"cond-expr","locations":[{"start":{"line":388,"column":20},"end":{"line":388,"column":24}},{"start":{"line":388,"column":24},"end":{"line":388,"column":52}}]},"28":{"loc":{"start":{"line":388,"column":6},"end":{"line":388,"column":24}},"type":"binary-expr","locations":[{"start":{"line":388,"column":6},"end":{"line":388,"column":24}},{"start":{"line":388,"column":20},"end":{"line":388,"column":24}}]},"29":{"loc":{"start":{"line":390,"column":4},"end":{"line":394,"column":5}},"type":"if","locations":[{"start":{"line":390,"column":4},"end":{"line":394,"column":5}}]},"30":{"loc":{"start":{"line":402,"column":6},"end":{"line":412,"column":7}},"type":"if","locations":[{"start":{"line":402,"column":6},"end":{"line":412,"column":7}}]},"31":{"loc":{"start":{"line":414,"column":6},"end":{"line":424,"column":7}},"type":"if","locations":[{"start":{"line":414,"column":6},"end":{"line":424,"column":7}}]},"32":{"loc":{"start":{"line":426,"column":6},"end":{"line":436,"column":7}},"type":"if","locations":[{"start":{"line":426,"column":6},"end":{"line":436,"column":7}}]},"33":{"loc":{"start":{"line":439,"column":35},"end":{"line":439,"column":54}},"type":"cond-expr","locations":[{"start":{"line":439,"column":48},"end":{"line":439,"column":52}},{"start":{"line":439,"column":52},"end":{"line":439,"column":54}}]},"34":{"loc":{"start":{"line":439,"column":35},"end":{"line":439,"column":52}},"type":"binary-expr","locations":[{"start":{"line":439,"column":35},"end":{"line":439,"column":52}},{"start":{"line":439,"column":48},"end":{"line":439,"column":52}}]},"35":{"loc":{"start":{"line":440,"column":6},"end":{"line":442,"column":7}},"type":"if","locations":[{"start":{"line":440,"column":6},"end":{"line":442,"column":7}}]},"36":{"loc":{"start":{"line":443,"column":6},"end":{"line":445,"column":7}},"type":"if","locations":[{"start":{"line":443,"column":6},"end":{"line":445,"column":7}}]},"37":{"loc":{"start":{"line":446,"column":6},"end":{"line":450,"column":7}},"type":"if","locations":[{"start":{"line":446,"column":6},"end":{"line":450,"column":7}}]}},"s":{"0":6,"1":6,"2":6,"3":6,"4":6,"5":6,"6":15,"7":2,"8":15,"9":1,"10":14,"11":1,"12":13,"13":1,"14":12,"15":4,"16":4,"17":12,"18":12,"19":18,"20":18,"21":1,"22":17,"23":3,"24":3,"25":1,"26":2,"27":1,"28":1,"29":1,"30":17,"31":17,"32":17,"33":168,"34":168,"35":1,"36":167,"37":1,"38":166,"39":1,"40":14,"41":14,"42":12},"f":{"0":15,"1":2,"2":4,"3":18,"4":3},"b":{"0":[1,1],"1":[1],"2":[1],"3":[1],"4":[9,4],"5":[13,13],"6":[3,9],"7":[12,12],"8":[4,0],"9":[4,4],"10":[0,4],"11":[4,4],"12":[0,4],"13":[4,4],"14":[0,4],"15":[4,4],"16":[4,0],"17":[4,4],"18":[0,4],"19":[4,4],"20":[4,4],"21":[4,0],"22":[4,4],"23":[4,0],"24":[4,4],"25":[0,4],"26":[4,4],"27":[2,16],"28":[18,18],"29":[1],"30":[1],"31":[1],"32":[1],"33":[17,0],"34":[17,17],"35":[1],"36":[1],"37":[1]}}
,"/workspaces/arvo-xstate/src/ArvoMachine/index.ts": {"path":"/workspaces/arvo-xstate/src/ArvoMachine/index.ts","statementMap":{"0":{"start":{"line":1,"column":0},"end":{"line":1,"column":null}},"1":{"start":{"line":25,"column":0},"end":{"line":25,"column":null}},"2":{"start":{"line":67,"column":20},"end":{"line":67,"column":null}},"3":{"start":{"line":60,"column":20},"end":{"line":60,"column":27}},"4":{"start":{"line":61,"column":20},"end":{"line":61,"column":37}},"5":{"start":{"line":62,"column":20},"end":{"line":62,"column":null}},"6":{"start":{"line":66,"column":20},"end":{"line":66,"column":33}},"7":{"start":{"line":67,"column":20},"end":{"line":67,"column":59}},"8":{"start":{"line":73,"column":2},"end":{"line":75,"column":null}},"9":{"start":{"line":74,"column":4},"end":{"line":74,"column":44}},"10":{"start":{"line":105,"column":2},"end":{"line":205,"column":null}},"11":{"start":{"line":120,"column":67},"end":{"line":120,"column":71}},"12":{"start":{"line":122,"column":4},"end":{"line":140,"column":5}},"13":{"start":{"line":123,"column":6},"end":{"line":123,"column":45}},"14":{"start":{"line":124,"column":6},"end":{"line":124,"column":28}},"15":{"start":{"line":126,"column":6},"end":{"line":138,"column":30}},"16":{"start":{"line":129,"column":26},"end":{"line":134,"column":null}},"17":{"start":{"line":133,"column":18},"end":{"line":133,"column":null}},"18":{"start":{"line":139,"column":6},"end":{"line":139,"column":31}},"19":{"start":{"line":142,"column":4},"end":{"line":150,"column":5}},"20":{"start":{"line":143,"column":6},"end":{"line":146,"column":9}},"21":{"start":{"line":147,"column":6},"end":{"line":149,"column":8}},"22":{"start":{"line":152,"column":4},"end":{"line":155,"column":7}},"23":{"start":{"line":157,"column":23},"end":{"line":157,"column":55}},"24":{"start":{"line":159,"column":4},"end":{"line":188,"column":5}},"25":{"start":{"line":160,"column":6},"end":{"line":163,"column":9}},"26":{"start":{"line":165,"column":6},"end":{"line":168,"column":9}},"27":{"start":{"line":169,"column":6},"end":{"line":176,"column":7}},"28":{"start":{"line":170,"column":8},"end":{"line":175,"column":10}},"29":{"start":{"line":177,"column":6},"end":{"line":187,"column":7}},"30":{"start":{"line":181,"column":8},"end":{"line":186,"column":10}},"31":{"start":{"line":191,"column":6},"end":{"line":194,"column":46}},"32":{"start":{"line":195,"column":18},"end":{"line":195,"column":70}},"33":{"start":{"line":196,"column":4},"end":{"line":201,"column":5}},"34":{"start":{"line":197,"column":6},"end":{"line":200,"column":8}},"35":{"start":{"line":202,"column":4},"end":{"line":204,"column":6}},"36":{"start":{"line":206,"column":0},"end":{"line":206,"column":null}}},"fnMap":{"0":{"name":"(anonymous_1)","decl":{"start":{"line":25,"column":0},"end":{"line":25,"column":null}},"loc":{"start":{"line":25,"column":0},"end":{"line":206,"column":null}}},"1":{"name":"ArvoMachine","decl":{"start":{"line":59,"column":2},"end":{"line":59,"column":null}},"loc":{"start":{"line":67,"column":59},"end":{"line":68,"column":6}}},"2":{"name":"(anonymous_3)","decl":{"start":{"line":73,"column":2},"end":{"line":73,"column":6}},"loc":{"start":{"line":73,"column":2},"end":{"line":75,"column":3}}},"3":{"name":"(anonymous_4)","decl":{"start":{"line":105,"column":2},"end":{"line":105,"column":15}},"loc":{"start":{"line":105,"column":32},"end":{"line":205,"column":3}}},"4":{"name":"(anonymous_5)","decl":{"start":{"line":129,"column":12},"end":{"line":129,"column":13}},"loc":{"start":{"line":129,"column":21},"end":{"line":129,"column":null}}},"5":{"name":"(anonymous_6)","decl":{"start":{"line":132,"column":16},"end":{"line":132,"column":17}},"loc":{"start":{"line":132,"column":21},"end":{"line":133,"column":19}}}},"branchMap":{"0":{"loc":{"start":{"line":67,"column":20},"end":{"line":67,"column":null}},"type":"if","locations":[{"start":{"line":67,"column":20},"end":{"line":67,"column":null}}]},"1":{"loc":{"start":{"line":122,"column":4},"end":{"line":140,"column":5}},"type":"if","locations":[{"start":{"line":122,"column":4},"end":{"line":140,"column":5}},{"start":{"line":125,"column":11},"end":{"line":140,"column":5}}]},"2":{"loc":{"start":{"line":127,"column":8},"end":{"line":138,"column":29}},"type":"cond-expr","locations":[{"start":{"line":138,"column":21},"end":{"line":138,"column":25}},{"start":{"line":138,"column":25},"end":{"line":138,"column":29}}]},"3":{"loc":{"start":{"line":127,"column":8},"end":{"line":138,"column":25}},"type":"binary-expr","locations":[{"start":{"line":127,"column":8},"end":{"line":138,"column":25}},{"start":{"line":138,"column":21},"end":{"line":138,"column":25}}]},"4":{"loc":{"start":{"line":142,"column":4},"end":{"line":150,"column":5}},"type":"if","locations":[{"start":{"line":142,"column":4},"end":{"line":150,"column":5}}]},"5":{"loc":{"start":{"line":159,"column":4},"end":{"line":188,"column":5}},"type":"if","locations":[{"start":{"line":159,"column":4},"end":{"line":188,"column":5}},{"start":{"line":164,"column":11},"end":{"line":188,"column":5}}]},"6":{"loc":{"start":{"line":169,"column":6},"end":{"line":176,"column":7}},"type":"if","locations":[{"start":{"line":169,"column":6},"end":{"line":176,"column":7}}]},"7":{"loc":{"start":{"line":177,"column":6},"end":{"line":187,"column":7}},"type":"if","locations":[{"start":{"line":177,"column":6},"end":{"line":187,"column":7}}]},"8":{"loc":{"start":{"line":178,"column":8},"end":{"line":179,"column":55}},"type":"binary-expr","locations":[{"start":{"line":178,"column":8},"end":{"line":178,"column":57}},{"start":{"line":179,"column":8},"end":{"line":179,"column":55}}]},"9":{"loc":{"start":{"line":191,"column":6},"end":{"line":194,"column":46}},"type":"cond-expr","locations":[{"start":{"line":192,"column":10},"end":{"line":192,"column":41}},{"start":{"line":193,"column":11},"end":{"line":194,"column":45}}]},"10":{"loc":{"start":{"line":193,"column":11},"end":{"line":194,"column":45}},"type":"cond-expr","locations":[{"start":{"line":193,"column":45},"end":{"line":193,"column":null}},{"start":{"line":194,"column":10},"end":{"line":194,"column":45}}]},"11":{"loc":{"start":{"line":193,"column":11},"end":{"line":193,"column":null}},"type":"binary-expr","locations":[{"start":{"line":193,"column":11},"end":{"line":193,"column":null}},{"start":{"line":193,"column":45},"end":{"line":193,"column":null}}]},"12":{"loc":{"start":{"line":195,"column":18},"end":{"line":195,"column":70}},"type":"cond-expr","locations":[{"start":{"line":195,"column":62},"end":{"line":195,"column":66}},{"start":{"line":195,"column":66},"end":{"line":195,"column":70}}]},"13":{"loc":{"start":{"line":195,"column":18},"end":{"line":195,"column":66}},"type":"binary-expr","locations":[{"start":{"line":195,"column":18},"end":{"line":195,"column":66}},{"start":{"line":195,"column":62},"end":{"line":195,"column":66}}]},"14":{"loc":{"start":{"line":196,"column":4},"end":{"line":201,"column":5}},"type":"if","locations":[{"start":{"line":196,"column":4},"end":{"line":201,"column":5}}]}},"s":{"0":6,"1":6,"2":14,"3":14,"4":14,"5":14,"6":14,"7":14,"8":6,"9":426,"10":6,"11":42,"12":42,"13":16,"14":16,"15":26,"16":71,"17":143,"18":26,"19":42,"20":3,"21":3,"22":39,"23":39,"24":39,"25":1,"26":38,"27":38,"28":1,"29":37,"30":2,"31":36,"32":36,"33":36,"34":2,"35":34,"36":6},"f":{"0":6,"1":14,"2":426,"3":42,"4":71,"5":143},"b":{"0":[0],"1":[16,26],"2":[23,3],"3":[26,26],"4":[3],"5":[1,38],"6":[1],"7":[2],"8":[37,37],"9":[14,22],"10":[22,0],"11":[22,22],"12":[2,34],"13":[36,36],"14":[2]}}
,"/workspaces/arvo-xstate/src/ArvoMachine/utils.ts": {"path":"/workspaces/arvo-xstate/src/ArvoMachine/utils.ts","statementMap":{"0":{"start":{"line":24,"column":36},"end":{"line":38,"column":1}},"1":{"start":{"line":25,"column":4},"end":{"line":27,"column":5}},"2":{"start":{"line":26,"column":8},"end":{"line":26,"column":null}},"3":{"start":{"line":28,"column":40},"end":{"line":28,"column":48}},"4":{"start":{"line":29,"column":4},"end":{"line":36,"column":5}},"5":{"start":{"line":30,"column":30},"end":{"line":30,"column":41}},"6":{"start":{"line":31,"column":8},"end":{"line":31,"column":44}},"7":{"start":{"line":31,"column":36},"end":{"line":31,"column":44}},"8":{"start":{"line":32,"column":8},"end":{"line":32,"column":null}},"9":{"start":{"line":32,"column":47},"end":{"line":32,"column":null}},"10":{"start":{"line":33,"column":8},"end":{"line":35,"column":9}},"11":{"start":{"line":33,"column":28},"end":{"line":33,"column":34}},"12":{"start":{"line":33,"column":28},"end":{"line":33,"column":63}},"13":{"start":{"line":33,"column":24},"end":{"line":33,"column":28}},"14":{"start":{"line":34,"column":12},"end":{"line":34,"column":null}},"15":{"start":{"line":37,"column":4},"end":{"line":37,"column":null}},"16":{"start":{"line":24,"column":13},"end":{"line":24,"column":36}}},"fnMap":{"0":{"name":"(anonymous_0)","decl":{"start":{"line":24,"column":36},"end":{"line":24,"column":37}},"loc":{"start":{"line":24,"column":114},"end":{"line":38,"column":1}}}},"branchMap":{"0":{"loc":{"start":{"line":25,"column":4},"end":{"line":27,"column":5}},"type":"if","locations":[{"start":{"line":25,"column":4},"end":{"line":27,"column":5}}]},"1":{"loc":{"start":{"line":25,"column":9},"end":{"line":25,"column":23}},"type":"cond-expr","locations":[{"start":{"line":25,"column":15},"end":{"line":25,"column":17}},{"start":{"line":25,"column":9},"end":{"line":25,"column":23}}]},"2":{"loc":{"start":{"line":25,"column":9},"end":{"line":25,"column":17}},"type":"binary-expr","locations":[{"start":{"line":25,"column":9},"end":{"line":25,"column":17}},{"start":{"line":25,"column":9},"end":{"line":25,"column":17}}]},"3":{"loc":{"start":{"line":31,"column":8},"end":{"line":31,"column":44}},"type":"if","locations":[{"start":{"line":31,"column":8},"end":{"line":31,"column":44}}]},"4":{"loc":{"start":{"line":31,"column":13},"end":{"line":31,"column":34}},"type":"cond-expr","locations":[{"start":{"line":31,"column":26},"end":{"line":31,"column":28}},{"start":{"line":31,"column":13},"end":{"line":31,"column":34}}]},"5":{"loc":{"start":{"line":31,"column":13},"end":{"line":31,"column":28}},"type":"binary-expr","locations":[{"start":{"line":31,"column":13},"end":{"line":31,"column":28}},{"start":{"line":31,"column":13},"end":{"line":31,"column":28}}]},"6":{"loc":{"start":{"line":32,"column":8},"end":{"line":32,"column":null}},"type":"if","locations":[{"start":{"line":32,"column":8},"end":{"line":32,"column":null}}]}},"s":{"0":6,"1":14,"2":0,"3":14,"4":14,"5":59,"6":59,"7":44,"8":15,"9":1,"10":14,"11":14,"12":14,"13":46,"14":46,"15":13,"16":6},"f":{"0":14},"b":{"0":[0],"1":[0,14],"2":[14,14],"3":[44],"4":[0,59],"5":[59,59],"6":[1]}}
,"/workspaces/arvo-xstate/src/ArvoOrchestrator/error.ts": {"path":"/workspaces/arvo-xstate/src/ArvoOrchestrator/error.ts","statementMap":{"0":{"start":{"line":6,"column":0},"end":{"line":6,"column":null}},"1":{"start":{"line":6,"column":43},"end":{"line":6,"column":48}},"2":{"start":{"line":26,"column":4},"end":{"line":26,"column":25}},"3":{"start":{"line":27,"column":4},"end":{"line":27,"column":27}},"4":{"start":{"line":28,"column":4},"end":{"line":28,"column":49}},"5":{"start":{"line":30,"column":0},"end":{"line":30,"column":null}},"6":{"start":{"line":6,"column":13},"end":{"line":6,"column":34}}},"fnMap":{"0":{"name":"(anonymous_6)","decl":{"start":{"line":6,"column":0},"end":{"line":6,"column":13}},"loc":{"start":{"line":6,"column":0},"end":{"line":30,"column":null}}},"1":{"name":"ArvoOrchestratorError","decl":{"start":{"line":21,"column":2},"end":{"line":21,"column":14}},"loc":{"start":{"line":25,"column":3},"end":{"line":29,"column":3}}}},"branchMap":{"0":{"loc":{"start":{"line":26,"column":4},"end":{"line":26,"column":25}},"type":"binary-expr","locations":[{"start":{"line":26,"column":4},"end":{"line":26,"column":24}},{"start":{"line":26,"column":24},"end":{"line":26,"column":25}}]}},"s":{"0":6,"1":6,"2":2,"3":2,"4":2,"5":6,"6":6},"f":{"0":6,"1":2},"b":{"0":[2,0]}}
,"/workspaces/arvo-xstate/src/ArvoOrchestrator/factory.ts": {"path":"/workspaces/arvo-xstate/src/ArvoOrchestrator/factory.ts","statementMap":{"0":{"start":{"line":1,"column":0},"end":{"line":1,"column":37}},"1":{"start":{"line":2,"column":0},"end":{"line":2,"column":67}},"2":{"start":{"line":3,"column":0},"end":{"line":3,"column":53}},"3":{"start":{"line":31,"column":38},"end":{"line":52,"column":1}},"4":{"start":{"line":32,"column":16},"end":{"line":32,"column":null}},"5":{"start":{"line":33,"column":8},"end":{"line":33,"column":null}},"6":{"start":{"line":34,"column":10},"end":{"line":34,"column":null}},"7":{"start":{"line":36,"column":2},"end":{"line":38,"column":3}},"8":{"start":{"line":37,"column":4},"end":{"line":37,"column":61}},"9":{"start":{"line":40,"column":16},"end":{"line":40,"column":51}},"10":{"start":{"line":41,"column":34},"end":{"line":42,"column":null}},"11":{"start":{"line":42,"column":15},"end":{"line":42,"column":null}},"12":{"start":{"line":45,"column":2},"end":{"line":51,"column":5}},"13":{"start":{"line":31,"column":13},"end":{"line":31,"column":38}}},"fnMap":{"0":{"name":"(anonymous_1)","decl":{"start":{"line":31,"column":38},"end":{"line":31,"column":39}},"loc":{"start":{"line":35,"column":26},"end":{"line":52,"column":1}}},"1":{"name":"(anonymous_2)","decl":{"start":{"line":42,"column":4},"end":{"line":42,"column":11}},"loc":{"start":{"line":42,"column":11},"end":{"line":42,"column":22}}}},"branchMap":{"0":{"loc":{"start":{"line":36,"column":2},"end":{"line":38,"column":3}},"type":"if","locations":[{"start":{"line":36,"column":2},"end":{"line":38,"column":3}}]},"1":{"loc":{"start":{"line":36,"column":7},"end":{"line":36,"column":23}},"type":"cond-expr","locations":[{"start":{"line":36,"column":15},"end":{"line":36,"column":17}},{"start":{"line":36,"column":7},"end":{"line":36,"column":23}}]},"2":{"loc":{"start":{"line":36,"column":7},"end":{"line":36,"column":17}},"type":"binary-expr","locations":[{"start":{"line":36,"column":7},"end":{"line":36,"column":17}},{"start":{"line":36,"column":7},"end":{"line":36,"column":17}}]}},"s":{"0":6,"1":6,"2":6,"3":6,"4":8,"5":8,"6":8,"7":8,"8":0,"9":8,"10":8,"11":10,"12":8,"13":6},"f":{"0":8,"1":10},"b":{"0":[0],"1":[0,8],"2":[8,8]}}
,"/workspaces/arvo-xstate/src/ArvoOrchestrator/index.ts": {"path":"/workspaces/arvo-xstate/src/ArvoOrchestrator/index.ts","statementMap":{"0":{"start":{"line":1,"column":0},"end":{"line":1,"column":null}},"1":{"start":{"line":30,"column":0},"end":{"line":30,"column":null}},"2":{"start":{"line":34,"column":0},"end":{"line":34,"column":78}},"3":{"start":{"line":35,"column":0},"end":{"line":35,"column":48}},"4":{"start":{"line":46,"column":0},"end":{"line":46,"column":null}},"5":{"start":{"line":46,"column":38},"end":{"line":46,"column":62}},"6":{"start":{"line":66,"column":18},"end":{"line":66,"column":null}},"7":{"start":{"line":67,"column":10},"end":{"line":67,"column":null}},"8":{"start":{"line":68,"column":12},"end":{"line":68,"column":null}},"9":{"start":{"line":69,"column":19},"end":{"line":69,"column":null}},"10":{"start":{"line":70,"column":27},"end":{"line":70,"column":null}},"11":{"start":{"line":72,"column":4},"end":{"line":72,"column":12}},"12":{"start":{"line":73,"column":4},"end":{"line":73,"column":41}},"13":{"start":{"line":74,"column":4},"end":{"line":74,"column":25}},"14":{"start":{"line":75,"column":34},"end":{"line":75,"column":54}},"15":{"start":{"line":76,"column":50},"end":{"line":76,"column":52}},"16":{"start":{"line":77,"column":4},"end":{"line":90,"column":5}},"17":{"start":{"line":77,"column":26},"end":{"line":77,"column":34}},"18":{"start":{"line":77,"column":26},"end":{"line":77,"column":43}},"19":{"start":{"line":77,"column":22},"end":{"line":77,"column":26}},"20":{"start":{"line":78,"column":6},"end":{"line":82,"column":7}},"21":{"start":{"line":79,"column":8},"end":{"line":81,"column":10}},"22":{"start":{"line":83,"column":6},"end":{"line":89,"column":7}},"23":{"start":{"line":84,"column":8},"end":{"line":86,"column":10}},"24":{"start":{"line":88,"column":8},"end":{"line":88,"column":47}},"25":{"start":{"line":91,"column":4},"end":{"line":91,"column":29}},"26":{"start":{"line":92,"column":4},"end":{"line":92,"column":43}},"27":{"start":{"line":93,"column":4},"end":{"line":93,"column":null}},"28":{"start":{"line":56,"column":2},"end":{"line":58,"column":null}},"29":{"start":{"line":57,"column":4},"end":{"line":57,"column":44}},"30":{"start":{"line":96,"column":18},"end":{"line":134,"column":null}},"31":{"start":{"line":99,"column":4},"end":{"line":108,"column":5}},"32":{"start":{"line":100,"column":6},"end":{"line":103,"column":null}},"33":{"start":{"line":104,"column":6},"end":{"line":107,"column":null}},"34":{"start":{"line":109,"column":10},"end":{"line":109,"column":37}},"35":{"start":{"line":111,"column":6},"end":{"line":114,"column":9}},"36":{"start":{"line":117,"column":14},"end":{"line":117,"column":null}},"37":{"start":{"line":115,"column":6},"end":{"line":118,"column":null}},"38":{"start":{"line":120,"column":6},"end":{"line":120,"column":34}},"39":{"start":{"line":121,"column":6},"end":{"line":124,"column":9}},"40":{"start":{"line":125,"column":6},"end":{"line":132,"column":8}},"41":{"start":{"line":136,"column":18},"end":{"line":162,"column":null}},"42":{"start":{"line":141,"column":10},"end":{"line":141,"column":37}},"43":{"start":{"line":145,"column":14},"end":{"line":145,"column":null}},"44":{"start":{"line":143,"column":6},"end":{"line":146,"column":null}},"45":{"start":{"line":148,"column":6},"end":{"line":148,"column":34}},"46":{"start":{"line":149,"column":6},"end":{"line":152,"column":9}},"47":{"start":{"line":153,"column":6},"end":{"line":160,"column":8}},"48":{"start":{"line":172,"column":12},"end":{"line":312,"column":null}},"49":{"start":{"line":179,"column":4},"end":{"line":182,"column":7}},"50":{"start":{"line":187,"column":8},"end":{"line":187,"column":30}},"51":{"start":{"line":191,"column":8},"end":{"line":197,"column":null}},"52":{"start":{"line":197,"column":22},"end":{"line":197,"column":48}},"53":{"start":{"line":199,"column":38},"end":{"line":199,"column":42}},"54":{"start":{"line":200,"column":59},"end":{"line":200,"column":63}},"55":{"start":{"line":201,"column":26},"end":{"line":201,"column":45}},"56":{"start":{"line":202,"column":4},"end":{"line":265,"column":5}},"57":{"start":{"line":203,"column":6},"end":{"line":206,"column":9}},"58":{"start":{"line":207,"column":6},"end":{"line":207,"column":30}},"59":{"start":{"line":208,"column":6},"end":{"line":208,"column":75}},"60":{"start":{"line":209,"column":6},"end":{"line":209,"column":66}},"61":{"start":{"line":210,"column":11},"end":{"line":265,"column":5}},"62":{"start":{"line":211,"column":6},"end":{"line":214,"column":9}},"63":{"start":{"line":215,"column":6},"end":{"line":215,"column":45}},"64":{"start":{"line":216,"column":6},"end":{"line":216,"column":58}},"65":{"start":{"line":221,"column":6},"end":{"line":264,"column":7}},"66":{"start":{"line":224,"column":8},"end":{"line":235,"column":9}},"67":{"start":{"line":225,"column":10},"end":{"line":234,"column":11}},"68":{"start":{"line":226,"column":12},"end":{"line":226,"column":71}},"69":{"start":{"line":228,"column":12},"end":{"line":233,"column":14}},"70":{"start":{"line":237,"column":8},"end":{"line":263,"column":9}},"71":{"start":{"line":238,"column":10},"end":{"line":256,"column":11}},"72":{"start":{"line":239,"column":12},"end":{"line":246,"column":15}},"73":{"start":{"line":248,"column":12},"end":{"line":255,"column":15}},"74":{"start":{"line":258,"column":10},"end":{"line":261,"column":13}},"75":{"start":{"line":262,"column":10},"end":{"line":262,"column":22}},"76":{"start":{"line":267,"column":46},"end":{"line":267,"column":62}},"77":{"start":{"line":268,"column":25},"end":{"line":268,"column":35}},"78":{"start":{"line":273,"column":4},"end":{"line":284,"column":5}},"79":{"start":{"line":274,"column":6},"end":{"line":283,"column":7}},"80":{"start":{"line":275,"column":8},"end":{"line":275,"column":45}},"81":{"start":{"line":276,"column":8},"end":{"line":276,"column":63}},"82":{"start":{"line":278,"column":8},"end":{"line":281,"column":11}},"83":{"start":{"line":282,"column":8},"end":{"line":282,"column":20}},"84":{"start":{"line":287,"column":27},"end":{"line":303,"column":null}},"85":{"start":{"line":306,"column":4},"end":{"line":309,"column":7}},"86":{"start":{"line":311,"column":4},"end":{"line":311,"column":26}},"87":{"start":{"line":323,"column":8},"end":{"line":623,"column":null}},"88":{"start":{"line":325,"column":4},"end":{"line":327,"column":null}},"89":{"start":{"line":329,"column":8},"end":{"line":329,"column":40}},"90":{"start":{"line":330,"column":11},"end":{"line":622,"column":7}},"91":{"start":{"line":338,"column":58},"end":{"line":338,"column":60}},"92":{"start":{"line":338,"column":65},"end":{"line":338,"column":66}},"93":{"start":{"line":338,"column":71},"end":{"line":341,"column":14}},"94":{"start":{"line":359,"column":21},"end":{"line":621,"column":null}},"95":{"start":{"line":360,"column":8},"end":{"line":363,"column":11}},"96":{"start":{"line":364,"column":12},"end":{"line":364,"column":42}},"97":{"start":{"line":365,"column":12},"end":{"line":365,"column":53}},"98":{"start":{"line":366,"column":35},"end":{"line":366,"column":null}},"99":{"start":{"line":366,"column":14},"end":{"line":366,"column":null}},"100":{"start":{"line":367,"column":8},"end":{"line":374,"column":9}},"101":{"start":{"line":368,"column":10},"end":{"line":371,"column":13}},"102":{"start":{"line":372,"column":10},"end":{"line":372,"column":21}},"103":{"start":{"line":373,"column":10},"end":{"line":373,"column":41}},"104":{"start":{"line":375,"column":36},"end":{"line":375,"column":null}},"105":{"start":{"line":375,"column":14},"end":{"line":375,"column":null}},"106":{"start":{"line":376,"column":8},"end":{"line":383,"column":9}},"107":{"start":{"line":377,"column":10},"end":{"line":380,"column":13}},"108":{"start":{"line":381,"column":10},"end":{"line":381,"column":21}},"109":{"start":{"line":382,"column":10},"end":{"line":382,"column":42}},"110":{"start":{"line":384,"column":8},"end":{"line":384,"column":47}},"111":{"start":{"line":385,"column":8},"end":{"line":385,"column":41}},"112":{"start":{"line":386,"column":14},"end":{"line":386,"column":58}},"113":{"start":{"line":387,"column":12},"end":{"line":388,"column":39}},"114":{"start":{"line":390,"column":10},"end":{"line":399,"column":11}},"115":{"start":{"line":392,"column":12},"end":{"line":392,"column":58}},"116":{"start":{"line":394,"column":12},"end":{"line":398,"column":14}},"117":{"start":{"line":401,"column":10},"end":{"line":411,"column":11}},"118":{"start":{"line":402,"column":12},"end":{"line":404,"column":14}},"119":{"start":{"line":406,"column":12},"end":{"line":409,"column":15}},"120":{"start":{"line":410,"column":12},"end":{"line":410,"column":43}},"121":{"start":{"line":413,"column":10},"end":{"line":446,"column":11}},"122":{"start":{"line":414,"column":12},"end":{"line":417,"column":null}},"123":{"start":{"line":419,"column":12},"end":{"line":428,"column":13}},"124":{"start":{"line":420,"column":14},"end":{"line":426,"column":null}},"125":{"start":{"line":427,"column":14},"end":{"line":427,"column":null}},"126":{"start":{"line":430,"column":12},"end":{"line":433,"column":null}},"127":{"start":{"line":435,"column":12},"end":{"line":445,"column":13}},"128":{"start":{"line":436,"column":14},"end":{"line":443,"column":null}},"129":{"start":{"line":444,"column":14},"end":{"line":444,"column":null}},"130":{"start":{"line":451,"column":10},"end":{"line":453,"column":11}},"131":{"start":{"line":452,"column":12},"end":{"line":452,"column":78}},"132":{"start":{"line":455,"column":10},"end":{"line":458,"column":13}},"133":{"start":{"line":460,"column":16},"end":{"line":462,"column":13}},"134":{"start":{"line":464,"column":10},"end":{"line":467,"column":13}},"135":{"start":{"line":474,"column":16},"end":{"line":474,"column":63}},"136":{"start":{"line":476,"column":10},"end":{"line":480,"column":11}},"137":{"start":{"line":477,"column":12},"end":{"line":479,"column":14}},"138":{"start":{"line":481,"column":10},"end":{"line":488,"column":11}},"139":{"start":{"line":485,"column":12},"end":{"line":487,"column":14}},"140":{"start":{"line":493,"column":16},"end":{"line":500,"column":12}},"141":{"start":{"line":502,"column":16},"end":{"line":502,"column":65}},"142":{"start":{"line":508,"column":10},"end":{"line":524,"column":11}},"143":{"start":{"line":509,"column":18},"end":{"line":511,"column":14}},"144":{"start":{"line":512,"column":12},"end":{"line":523,"column":15}},"145":{"start":{"line":528,"column":16},"end":{"line":536,"column":12}},"146":{"start":{"line":529,"column":12},"end":{"line":535,"column":null}},"147":{"start":{"line":538,"column":10},"end":{"line":542,"column":13}},"148":{"start":{"line":539,"column":12},"end":{"line":541,"column":15}},"149":{"start":{"line":539,"column":61},"end":{"line":539,"column":63}},"150":{"start":{"line":539,"column":68},"end":{"line":539,"column":69}},"151":{"start":{"line":540,"column":14},"end":{"line":540,"column":66}},"152":{"start":{"line":544,"column":10},"end":{"line":547,"column":13}},"153":{"start":{"line":550,"column":10},"end":{"line":556,"column":13}},"154":{"start":{"line":558,"column":10},"end":{"line":561,"column":13}},"155":{"start":{"line":563,"column":10},"end":{"line":563,"column":28}},"156":{"start":{"line":565,"column":10},"end":{"line":568,"column":13}},"157":{"start":{"line":569,"column":10},"end":{"line":569,"column":38}},"158":{"start":{"line":570,"column":10},"end":{"line":573,"column":13}},"159":{"start":{"line":577,"column":14},"end":{"line":577,"column":80}},"160":{"start":{"line":578,"column":10},"end":{"line":585,"column":11}},"161":{"start":{"line":579,"column":12},"end":{"line":579,"column":79}},"162":{"start":{"line":581,"column":12},"end":{"line":584,"column":15}},"163":{"start":{"line":587,"column":16},"end":{"line":600,"column":13}},"164":{"start":{"line":601,"column":10},"end":{"line":603,"column":13}},"165":{"start":{"line":601,"column":65},"end":{"line":601,"column":67}},"166":{"start":{"line":601,"column":72},"end":{"line":601,"column":73}},"167":{"start":{"line":602,"column":12},"end":{"line":602,"column":57}},"168":{"start":{"line":604,"column":10},"end":{"line":604,"column":30}},"169":{"start":{"line":608,"column":14},"end":{"line":608,"column":18}},"170":{"start":{"line":609,"column":12},"end":{"line":617,"column":15}},"171":{"start":{"line":610,"column":14},"end":{"line":616,"column":16}},"172":{"start":{"line":619,"column":10},"end":{"line":619,"column":21}},"173":{"start":{"line":330,"column":4},"end":{"line":622,"column":7}},"174":{"start":{"line":628,"column":2},"end":{"line":633,"column":null}},"175":{"start":{"line":629,"column":4},"end":{"line":632,"column":6}},"176":{"start":{"line":634,"column":0},"end":{"line":634,"column":null}},"177":{"start":{"line":46,"column":13},"end":{"line":46,"column":29}}},"fnMap":{"0":{"name":"(anonymous_21)","decl":{"start":{"line":46,"column":0},"end":{"line":46,"column":13}},"loc":{"start":{"line":46,"column":0},"end":{"line":634,"column":null}}},"1":{"name":"ArvoOrchestrator","decl":{"start":{"line":65,"column":2},"end":{"line":65,"column":14}},"loc":{"start":{"line":71,"column":22},"end":{"line":94,"column":3}}},"2":{"name":"(anonymous_23)","decl":{"start":{"line":56,"column":2},"end":{"line":56,"column":6}},"loc":{"start":{"line":56,"column":2},"end":{"line":58,"column":3}}},"3":{"name":"(anonymous_24)","decl":{"start":{"line":96,"column":2},"end":{"line":96,"column":18}},"loc":{"start":{"line":97,"column":20},"end":{"line":134,"column":null}}},"4":{"name":"(anonymous_27)","decl":{"start":{"line":136,"column":2},"end":{"line":136,"column":18}},"loc":{"start":{"line":137,"column":20},"end":{"line":162,"column":null}}},"5":{"name":"(anonymous_30)","decl":{"start":{"line":172,"column":2},"end":{"line":172,"column":12}},"loc":{"start":{"line":177,"column":26},"end":{"line":312,"column":3}}},"6":{"name":"(anonymous_31)","decl":{"start":{"line":197,"column":12},"end":{"line":197,"column":13}},"loc":{"start":{"line":197,"column":17},"end":{"line":197,"column":23}}},"7":{"name":"(anonymous_32)","decl":{"start":{"line":323,"column":2},"end":{"line":323,"column":8}},"loc":{"start":{"line":323,"column":2},"end":{"line":623,"column":null}}},"8":{"name":"(anonymous_35)","decl":{"start":{"line":338,"column":53},"end":{"line":338,"column":54}},"loc":{"start":{"line":338,"column":66},"end":{"line":338,"column":null}}},"9":{"name":"(anonymous_36)","decl":{"start":{"line":359,"column":10},"end":{"line":359,"column":17}},"loc":{"start":{"line":359,"column":21},"end":{"line":621,"column":null}}},"10":{"name":"(anonymous_37)","decl":{"start":{"line":359,"column":21},"end":{"line":359,"column":null}},"loc":{"start":{"line":359,"column":21},"end":{"line":621,"column":null}}},"11":{"name":"(anonymous_39)","decl":{"start":{"line":528,"column":57},"end":{"line":528,"column":58}},"loc":{"start":{"line":528,"column":62},"end":{"line":529,"column":16}}},"12":{"name":"(anonymous_40)","decl":{"start":{"line":538,"column":29},"end":{"line":538,"column":30}},"loc":{"start":{"line":538,"column":41},"end":{"line":542,"column":11}}},"13":{"name":"(anonymous_41)","decl":{"start":{"line":539,"column":56},"end":{"line":539,"column":57}},"loc":{"start":{"line":539,"column":69},"end":{"line":541,"column":13}}},"14":{"name":"(anonymous_42)","decl":{"start":{"line":601,"column":60},"end":{"line":601,"column":61}},"loc":{"start":{"line":601,"column":73},"end":{"line":603,"column":11}}},"15":{"name":"(anonymous_43)","decl":{"start":{"line":609,"column":58},"end":{"line":609,"column":59}},"loc":{"start":{"line":609,"column":69},"end":{"line":617,"column":13}}},"16":{"name":"(anonymous_44)","decl":{"start":{"line":628,"column":2},"end":{"line":628,"column":6}},"loc":{"start":{"line":628,"column":2},"end":{"line":633,"column":3}}}},"branchMap":{"0":{"loc":{"start":{"line":72,"column":4},"end":{"line":72,"column":12}},"type":"binary-expr","locations":[{"start":{"line":72,"column":4},"end":{"line":72,"column":11}},{"start":{"line":72,"column":11},"end":{"line":72,"column":12}}]},"1":{"loc":{"start":{"line":78,"column":6},"end":{"line":82,"column":7}},"type":"if","locations":[{"start":{"line":78,"column":6},"end":{"line":82,"column":7}}]},"2":{"loc":{"start":{"line":83,"column":6},"end":{"line":89,"column":7}},"type":"if","locations":[{"start":{"line":83,"column":6},"end":{"line":89,"column":7}},{"start":{"line":87,"column":13},"end":{"line":89,"column":7}}]},"3":{"loc":{"start":{"line":115,"column":6},"end":{"line":118,"column":null}},"type":"switch","locations":[{"start":{"line":115,"column":6},"end":{"line":118,"column":null}}]},"4":{"loc":{"start":{"line":99,"column":4},"end":{"line":108,"column":5}},"type":"if","locations":[{"start":{"line":99,"column":4},"end":{"line":108,"column":5}}]},"5":{"loc":{"start":{"line":121,"column":6},"end":{"line":124,"column":8}},"type":"cond-expr","locations":[{"start":{"line":121,"column":27},"end":{"line":121,"column":29}},{"start":{"line":121,"column":27},"end":{"line":124,"column":8}}]},"6":{"loc":{"start":{"line":121,"column":6},"end":{"line":121,"column":29}},"type":"binary-expr","locations":[{"start":{"line":121,"column":6},"end":{"line":121,"column":29}},{"start":{"line":121,"column":27},"end":{"line":121,"column":29}}]},"7":{"loc":{"start":{"line":143,"column":6},"end":{"line":146,"column":null}},"type":"switch","locations":[{"start":{"line":143,"column":6},"end":{"line":146,"column":null}}]},"8":{"loc":{"start":{"line":149,"column":6},"end":{"line":152,"column":8}},"type":"cond-expr","locations":[{"start":{"line":149,"column":27},"end":{"line":149,"column":29}},{"start":{"line":149,"column":27},"end":{"line":152,"column":8}}]},"9":{"loc":{"start":{"line":149,"column":6},"end":{"line":149,"column":29}},"type":"binary-expr","locations":[{"start":{"line":149,"column":6},"end":{"line":149,"column":29}},{"start":{"line":149,"column":27},"end":{"line":149,"column":29}}]},"10":{"loc":{"start":{"line":202,"column":4},"end":{"line":265,"column":5}},"type":"if","locations":[{"start":{"line":202,"column":4},"end":{"line":265,"column":5}},{"start":{"line":210,"column":11},"end":{"line":265,"column":5}}]},"11":{"loc":{"start":{"line":209,"column":16},"end":{"line":209,"column":65}},"type":"cond-expr","locations":[{"start":{"line":209,"column":16},"end":{"line":209,"column":42}},{"start":{"line":209,"column":46},"end":{"line":209,"column":65}}]},"12":{"loc":{"start":{"line":209,"column":16},"end":{"line":209,"column":46}},"type":"binary-expr","locations":[{"start":{"line":209,"column":16},"end":{"line":209,"column":46}},{"start":{"line":209,"column":16},"end":{"line":209,"column":46}}]},"13":{"loc":{"start":{"line":210,"column":11},"end":{"line":265,"column":5}},"type":"if","locations":[{"start":{"line":210,"column":11},"end":{"line":265,"column":5}}]},"14":{"loc":{"start":{"line":221,"column":6},"end":{"line":264,"column":7}},"type":"if","locations":[{"start":{"line":221,"column":6},"end":{"line":264,"column":7}}]},"15":{"loc":{"start":{"line":224,"column":8},"end":{"line":235,"column":9}},"type":"if","locations":[{"start":{"line":224,"column":8},"end":{"line":235,"column":9}}]},"16":{"loc":{"start":{"line":229,"column":82},"end":{"line":229,"column":138}},"type":"cond-expr","locations":[{"start":{"line":229,"column":98},"end":{"line":229,"column":102}},{"start":{"line":229,"column":102},"end":{"line":229,"column":138}}]},"17":{"loc":{"start":{"line":229,"column":82},"end":{"line":229,"column":102}},"type":"binary-expr","locations":[{"start":{"line":229,"column":82},"end":{"line":229,"column":102}},{"start":{"line":229,"column":98},"end":{"line":229,"column":102}}]},"18":{"loc":{"start":{"line":238,"column":10},"end":{"line":256,"column":11}},"type":"if","locations":[{"start":{"line":238,"column":10},"end":{"line":256,"column":11}},{"start":{"line":247,"column":17},"end":{"line":256,"column":11}}]},"19":{"loc":{"start":{"line":244,"column":28},"end":{"line":244,"column":59}},"type":"cond-expr","locations":[{"start":{"line":244,"column":44},"end":{"line":244,"column":48}},{"start":{"line":244,"column":48},"end":{"line":244,"column":59}}]},"20":{"loc":{"start":{"line":244,"column":28},"end":{"line":244,"column":48}},"type":"binary-expr","locations":[{"start":{"line":244,"column":28},"end":{"line":244,"column":48}},{"start":{"line":244,"column":44},"end":{"line":244,"column":48}}]},"21":{"loc":{"start":{"line":253,"column":28},"end":{"line":253,"column":59}},"type":"cond-expr","locations":[{"start":{"line":253,"column":44},"end":{"line":253,"column":48}},{"start":{"line":253,"column":48},"end":{"line":253,"column":59}}]},"22":{"loc":{"start":{"line":253,"column":28},"end":{"line":253,"column":48}},"type":"binary-expr","locations":[{"start":{"line":253,"column":28},"end":{"line":253,"column":48}},{"start":{"line":253,"column":44},"end":{"line":253,"column":48}}]},"23":{"loc":{"start":{"line":273,"column":4},"end":{"line":284,"column":5}},"type":"if","locations":[{"start":{"line":273,"column":4},"end":{"line":284,"column":5}}]},"24":{"loc":{"start":{"line":273,"column":8},"end":{"line":273,"column":26}},"type":"binary-expr","locations":[{"start":{"line":273,"column":8},"end":{"line":273,"column":16}},{"start":{"line":273,"column":20},"end":{"line":273,"column":26}}]},"25":{"loc":{"start":{"line":292,"column":20},"end":{"line":292,"column":48}},"type":"cond-expr","locations":[{"start":{"line":292,"column":20},"end":{"line":292,"column":35}},{"start":{"line":292,"column":39},"end":{"line":292,"column":48}}]},"26":{"loc":{"start":{"line":292,"column":20},"end":{"line":292,"column":39}},"type":"binary-expr","locations":[{"start":{"line":292,"column":20},"end":{"line":292,"column":39}},{"start":{"line":292,"column":20},"end":{"line":292,"column":39}}]},"27":{"loc":{"start":{"line":294,"column":12},"end":{"line":294,"column":34}},"type":"cond-expr","locations":[{"start":{"line":294,"column":20},"end":{"line":294,"column":24}},{"start":{"line":294,"column":24},"end":{"line":294,"column":34}}]},"28":{"loc":{"start":{"line":294,"column":12},"end":{"line":294,"column":24}},"type":"binary-expr","locations":[{"start":{"line":294,"column":12},"end":{"line":294,"column":24}},{"start":{"line":294,"column":20},"end":{"line":294,"column":24}}]},"29":{"loc":{"start":{"line":296,"column":10},"end":{"line":296,"column":71}},"type":"cond-expr","locations":[{"start":{"line":296,"column":58},"end":{"line":296,"column":62}},{"start":{"line":296,"column":62},"end":{"line":296,"column":71}}]},"30":{"loc":{"start":{"line":296,"column":10},"end":{"line":296,"column":62}},"type":"binary-expr","locations":[{"start":{"line":296,"column":10},"end":{"line":296,"column":62}},{"start":{"line":296,"column":58},"end":{"line":296,"column":62}}]},"31":{"loc":{"start":{"line":296,"column":10},"end":{"line":296,"column":58}},"type":"cond-expr","locations":[{"start":{"line":296,"column":29},"end":{"line":296,"column":33}},{"start":{"line":296,"column":33},"end":{"line":296,"column":58}}]},"32":{"loc":{"start":{"line":296,"column":10},"end":{"line":296,"column":33}},"type":"binary-expr","locations":[{"start":{"line":296,"column":10},"end":{"line":296,"column":33}},{"start":{"line":296,"column":29},"end":{"line":296,"column":33}}]},"33":{"loc":{"start":{"line":298,"column":20},"end":{"line":298,"column":51}},"type":"cond-expr","locations":[{"start":{"line":298,"column":36},"end":{"line":298,"column":40}},{"start":{"line":298,"column":40},"end":{"line":298,"column":51}}]},"34":{"loc":{"start":{"line":298,"column":20},"end":{"line":298,"column":40}},"type":"binary-expr","locations":[{"start":{"line":298,"column":20},"end":{"line":298,"column":40}},{"start":{"line":298,"column":36},"end":{"line":298,"column":40}}]},"35":{"loc":{"start":{"line":299,"column":24},"end":{"line":299,"column":67}},"type":"cond-expr","locations":[{"start":{"line":299,"column":44},"end":{"line":299,"column":48}},{"start":{"line":299,"column":48},"end":{"line":299,"column":67}}]},"36":{"loc":{"start":{"line":299,"column":24},"end":{"line":299,"column":48}},"type":"binary-expr","locations":[{"start":{"line":299,"column":24},"end":{"line":299,"column":48}},{"start":{"line":299,"column":44},"end":{"line":299,"column":48}}]},"37":{"loc":{"start":{"line":300,"column":21},"end":{"line":300,"column":57}},"type":"cond-expr","locations":[{"start":{"line":300,"column":44},"end":{"line":300,"column":48}},{"start":{"line":300,"column":48},"end":{"line":300,"column":57}}]},"38":{"loc":{"start":{"line":300,"column":21},"end":{"line":300,"column":48}},"type":"binary-expr","locations":[{"start":{"line":300,"column":21},"end":{"line":300,"column":48}},{"start":{"line":300,"column":44},"end":{"line":300,"column":48}}]},"39":{"loc":{"start":{"line":301,"column":20},"end":{"line":301,"column":55}},"type":"cond-expr","locations":[{"start":{"line":301,"column":42},"end":{"line":301,"column":46}},{"start":{"line":301,"column":46},"end":{"line":301,"column":55}}]},"40":{"loc":{"start":{"line":301,"column":20},"end":{"line":301,"column":46}},"type":"binary-expr","locations":[{"start":{"line":301,"column":20},"end":{"line":301,"column":46}},{"start":{"line":301,"column":42},"end":{"line":301,"column":46}}]},"41":{"loc":{"start":{"line":303,"column":6},"end":{"line":303,"column":30}},"type":"cond-expr","locations":[{"start":{"line":303,"column":24},"end":{"line":303,"column":28}},{"start":{"line":303,"column":28},"end":{"line":303,"column":30}}]},"42":{"loc":{"start":{"line":303,"column":6},"end":{"line":303,"column":28}},"type":"binary-expr","locations":[{"start":{"line":303,"column":6},"end":{"line":303,"column":28}},{"start":{"line":303,"column":24},"end":{"line":303,"column":28}}]},"43":{"loc":{"start":{"line":325,"column":4},"end":{"line":327,"column":null}},"type":"if","locations":[{"start":{"line":325,"column":4},"end":{"line":327,"column":null}}]},"44":{"loc":{"start":{"line":330,"column":4},"end":{"line":622,"column":7}},"type":"switch","locations":[{"start":{"line":330,"column":4},"end":{"line":622,"column":7}}]},"45":{"loc":{"start":{"line":346,"column":8},"end":{"line":357,"column":null}},"type":"cond-expr","locations":[{"start":{"line":347,"column":12},"end":{"line":353,"column":null}},{"start":{"line":354,"column":12},"end":{"line":357,"column":null}}]},"46":{"loc":{"start":{"line":367,"column":8},"end":{"line":374,"column":9}},"type":"if","locations":[{"start":{"line":367,"column":8},"end":{"line":374,"column":9}}]},"47":{"loc":{"start":{"line":376,"column":8},"end":{"line":383,"column":9}},"type":"if","locations":[{"start":{"line":376,"column":8},"end":{"line":383,"column":9}}]},"48":{"loc":{"start":{"line":388,"column":10},"end":{"line":388,"column":38}},"type":"cond-expr","locations":[{"start":{"line":388,"column":30},"end":{"line":388,"column":34}},{"start":{"line":388,"column":34},"end":{"line":388,"column":38}}]},"49":{"loc":{"start":{"line":388,"column":10},"end":{"line":388,"column":34}},"type":"binary-expr","locations":[{"start":{"line":388,"column":10},"end":{"line":388,"column":34}},{"start":{"line":388,"column":30},"end":{"line":388,"column":34}}]},"50":{"loc":{"start":{"line":388,"column":10},"end":{"line":388,"column":30}},"type":"cond-expr","locations":[{"start":{"line":388,"column":15},"end":{"line":388,"column":17}},{"start":{"line":388,"column":10},"end":{"line":388,"column":30}}]},"51":{"loc":{"start":{"line":388,"column":10},"end":{"line":388,"column":17}},"type":"binary-expr","locations":[{"start":{"line":388,"column":10},"end":{"line":388,"column":17}},{"start":{"line":388,"column":10},"end":{"line":388,"column":17}}]},"52":{"loc":{"start":{"line":401,"column":10},"end":{"line":411,"column":11}},"type":"if","locations":[{"start":{"line":401,"column":10},"end":{"line":411,"column":11}},{"start":{"line":405,"column":17},"end":{"line":411,"column":11}}]},"53":{"loc":{"start":{"line":413,"column":10},"end":{"line":446,"column":11}},"type":"if","locations":[{"start":{"line":413,"column":10},"end":{"line":446,"column":11}},{"start":{"line":429,"column":17},"end":{"line":446,"column":11}}]},"54":{"loc":{"start":{"line":419,"column":12},"end":{"line":428,"column":13}},"type":"if","locations":[{"start":{"line":419,"column":12},"end":{"line":428,"column":13}}]},"55":{"loc":{"start":{"line":435,"column":12},"end":{"line":445,"column":13}},"type":"if","locations":[{"start":{"line":435,"column":12},"end":{"line":445,"column":13}}]},"56":{"loc":{"start":{"line":451,"column":10},"end":{"line":453,"column":11}},"type":"if","locations":[{"start":{"line":451,"column":10},"end":{"line":453,"column":11}}]},"57":{"loc":{"start":{"line":452,"column":41},"end":{"line":452,"column":77}},"type":"cond-expr","locations":[{"start":{"line":452,"column":69},"end":{"line":452,"column":73}},{"start":{"line":452,"column":73},"end":{"line":452,"column":77}}]},"58":{"loc":{"start":{"line":452,"column":41},"end":{"line":452,"column":73}},"type":"binary-expr","locations":[{"start":{"line":452,"column":41},"end":{"line":452,"column":73}},{"start":{"line":452,"column":69},"end":{"line":452,"column":73}}]},"59":{"loc":{"start":{"line":452,"column":41},"end":{"line":452,"column":69}},"type":"cond-expr","locations":[{"start":{"line":452,"column":52},"end":{"line":452,"column":54}},{"start":{"line":452,"column":52},"end":{"line":452,"column":69}}]},"60":{"loc":{"start":{"line":452,"column":41},"end":{"line":452,"column":54}},"type":"binary-expr","locations":[{"start":{"line":452,"column":41},"end":{"line":452,"column":54}},{"start":{"line":452,"column":52},"end":{"line":452,"column":54}}]},"61":{"loc":{"start":{"line":452,"column":41},"end":{"line":452,"column":52}},"type":"cond-expr","locations":[{"start":{"line":452,"column":46},"end":{"line":452,"column":48}},{"start":{"line":452,"column":41},"end":{"line":452,"column":52}}]},"62":{"loc":{"start":{"line":452,"column":41},"end":{"line":452,"column":48}},"type":"binary-expr","locations":[{"start":{"line":452,"column":41},"end":{"line":452,"column":48}},{"start":{"line":452,"column":41},"end":{"line":452,"column":48}}]},"63":{"loc":{"start":{"line":476,"column":10},"end":{"line":480,"column":11}},"type":"if","locations":[{"start":{"line":476,"column":10},"end":{"line":480,"column":11}}]},"64":{"loc":{"start":{"line":481,"column":10},"end":{"line":488,"column":11}},"type":"if","locations":[{"start":{"line":481,"column":10},"end":{"line":488,"column":11}}]},"65":{"loc":{"start":{"line":482,"column":12},"end":{"line":483,"column":46}},"type":"binary-expr","locations":[{"start":{"line":482,"column":12},"end":{"line":482,"column":51}},{"start":{"line":483,"column":12},"end":{"line":483,"column":46}}]},"66":{"loc":{"start":{"line":495,"column":21},"end":{"line":495,"column":41}},"type":"cond-expr","locations":[{"start":{"line":495,"column":33},"end":{"line":495,"column":37}},{"start":{"line":495,"column":37},"end":{"line":495,"column":41}}]},"67":{"loc":{"start":{"line":495,"column":21},"end":{"line":495,"column":37}},"type":"binary-expr","locations":[{"start":{"line":495,"column":21},"end":{"line":495,"column":37}},{"start":{"line":495,"column":33},"end":{"line":495,"column":37}}]},"68":{"loc":{"start":{"line":495,"column":21},"end":{"line":495,"column":33}},"type":"cond-expr","locations":[{"start":{"line":495,"column":26},"end":{"line":495,"column":28}},{"start":{"line":495,"column":21},"end":{"line":495,"column":33}}]},"69":{"loc":{"start":{"line":495,"column":21},"end":{"line":495,"column":28}},"type":"binary-expr","locations":[{"start":{"line":495,"column":21},"end":{"line":495,"column":28}},{"start":{"line":495,"column":21},"end":{"line":495,"column":28}}]},"70":{"loc":{"start":{"line":508,"column":10},"end":{"line":524,"column":11}},"type":"if","locations":[{"start":{"line":508,"column":10},"end":{"line":524,"column":11}}]},"71":{"loc":{"start":{"line":521,"column":16},"end":{"line":522,"column":50}},"type":"cond-expr","locations":[{"start":{"line":521,"column":48},"end":{"line":521,"column":null}},{"start":{"line":522,"column":16},"end":{"line":522,"column":50}}]},"72":{"loc":{"start":{"line":521,"column":16},"end":{"line":521,"column":null}},"type":"binary-expr","locations":[{"start":{"line":521,"column":16},"end":{"line":521,"column":null}},{"start":{"line":521,"column":48},"end":{"line":521,"column":null}}]},"73":{"loc":{"start":{"line":521,"column":16},"end":{"line":521,"column":48}},"type":"cond-expr","locations":[{"start":{"line":521,"column":36},"end":{"line":521,"column":38}},{"start":{"line":521,"column":36},"end":{"line":521,"column":48}}]},"74":{"loc":{"start":{"line":521,"column":16},"end":{"line":521,"column":38}},"type":"binary-expr","locations":[{"start":{"line":521,"column":16},"end":{"line":521,"column":38}},{"start":{"line":521,"column":36},"end":{"line":521,"column":38}}]},"75":{"loc":{"start":{"line":521,"column":16},"end":{"line":521,"column":36}},"type":"cond-expr","locations":[{"start":{"line":521,"column":30},"end":{"line":521,"column":32}},{"start":{"line":521,"column":16},"end":{"line":521,"column":36}}]},"76":{"loc":{"start":{"line":521,"column":16},"end":{"line":521,"column":32}},"type":"binary-expr","locations":[{"start":{"line":521,"column":16},"end":{"line":521,"column":32}},{"start":{"line":521,"column":16},"end":{"line":521,"column":32}}]},"77":{"loc":{"start":{"line":554,"column":19},"end":{"line":554,"column":63}},"type":"cond-expr","locations":[{"start":{"line":554,"column":55},"end":{"line":554,"column":59}},{"start":{"line":554,"column":59},"end":{"line":554,"column":63}}]},"78":{"loc":{"start":{"line":554,"column":19},"end":{"line":554,"column":59}},"type":"binary-expr","locations":[{"start":{"line":554,"column":19},"end":{"line":554,"column":59}},{"start":{"line":554,"column":55},"end":{"line":554,"column":59}}]},"79":{"loc":{"start":{"line":591,"column":21},"end":{"line":591,"column":64}},"type":"cond-expr","locations":[{"start":{"line":591,"column":21},"end":{"line":591,"column":47}},{"start":{"line":591,"column":51},"end":{"line":591,"column":64}}]},"80":{"loc":{"start":{"line":591,"column":21},"end":{"line":591,"column":51}},"type":"binary-expr","locations":[{"start":{"line":591,"column":21},"end":{"line":591,"column":51}},{"start":{"line":591,"column":21},"end":{"line":591,"column":51}}]},"81":{"loc":{"start":{"line":594,"column":16},"end":{"line":594,"column":71}},"type":"cond-expr","locations":[{"start":{"line":594,"column":55},"end":{"line":594,"column":59}},{"start":{"line":594,"column":59},"end":{"line":594,"column":71}}]},"82":{"loc":{"start":{"line":594,"column":16},"end":{"line":594,"column":59}},"type":"binary-expr","locations":[{"start":{"line":594,"column":16},"end":{"line":594,"column":59}},{"start":{"line":594,"column":55},"end":{"line":594,"column":59}}]},"83":{"loc":{"start":{"line":594,"column":16},"end":{"line":594,"column":55}},"type":"cond-expr","locations":[{"start":{"line":594,"column":34},"end":{"line":594,"column":36}},{"start":{"line":594,"column":16},"end":{"line":594,"column":55}}]},"84":{"loc":{"start":{"line":594,"column":16},"end":{"line":594,"column":36}},"type":"binary-expr","locations":[{"start":{"line":594,"column":16},"end":{"line":594,"column":36}},{"start":{"line":594,"column":16},"end":{"line":594,"column":36}}]},"85":{"loc":{"start":{"line":596,"column":25},"end":{"line":596,"column":61}},"type":"cond-expr","locations":[{"start":{"line":596,"column":48},"end":{"line":596,"column":52}},{"start":{"line":596,"column":52},"end":{"line":596,"column":61}}]},"86":{"loc":{"start":{"line":596,"column":25},"end":{"line":596,"column":52}},"type":"binary-expr","locations":[{"start":{"line":596,"column":25},"end":{"line":596,"column":52}},{"start":{"line":596,"column":48},"end":{"line":596,"column":52}}]},"87":{"loc":{"start":{"line":597,"column":24},"end":{"line":597,"column":59}},"type":"cond-expr","locations":[{"start":{"line":597,"column":46},"end":{"line":597,"column":50}},{"start":{"line":597,"column":50},"end":{"line":597,"column":59}}]},"88":{"loc":{"start":{"line":597,"column":24},"end":{"line":597,"column":50}},"type":"binary-expr","locations":[{"start":{"line":597,"column":24},"end":{"line":597,"column":50}},{"start":{"line":597,"column":46},"end":{"line":597,"column":50}}]},"89":{"loc":{"start":{"line":598,"column":27},"end":{"line":598,"column":59}},"type":"cond-expr","locations":[{"start":{"line":598,"column":46},"end":{"line":598,"column":50}},{"start":{"line":598,"column":50},"end":{"line":598,"column":59}}]},"90":{"loc":{"start":{"line":598,"column":27},"end":{"line":598,"column":50}},"type":"binary-expr","locations":[{"start":{"line":598,"column":27},"end":{"line":598,"column":50}},{"start":{"line":598,"column":46},"end":{"line":598,"column":50}}]},"91":{"loc":{"start":{"line":608,"column":14},"end":{"line":608,"column":18}},"type":"if","locations":[{"start":{"line":608,"column":14},"end":{"line":608,"column":18}}]},"92":{"loc":{"start":{"line":608,"column":14},"end":{"line":608,"column":69}},"type":"binary-expr","locations":[{"start":{"line":608,"column":14},"end":{"line":608,"column":42}},{"start":{"line":608,"column":46},"end":{"line":608,"column":69}}]}},"s":{"0":6,"1":6,"2":6,"3":6,"4":6,"5":6,"6":8,"7":8,"8":8,"9":8,"10":8,"11":8,"12":8,"13":8,"14":8,"15":8,"16":8,"17":8,"18":8,"19":17,"20":17,"21":1,"22":16,"23":1,"24":15,"25":6,"26":6,"27":6,"28":6,"29":157,"30":6,"31":38,"32":21,"33":21,"34":17,"35":17,"36":17,"37":17,"38":1,"39":1,"40":1,"41":6,"42":37,"43":37,"44":37,"45":1,"46":1,"47":1,"48":6,"49":34,"50":34,"51":34,"52":101,"53":34,"54":34,"55":34,"56":34,"57":9,"58":9,"59":9,"60":9,"61":25,"62":23,"63":23,"64":23,"65":23,"66":6,"67":5,"68":5,"69":1,"70":5,"71":5,"72":4,"73":1,"74":0,"75":0,"76":33,"77":33,"78":33,"79":31,"80":31,"81":31,"82":0,"83":0,"84":33,"85":33,"86":33,"87":6,"88":40,"89":38,"90":38,"91":418,"92":418,"93":418,"94":38,"95":38,"96":38,"97":38,"98":38,"99":38,"100":38,"101":1,"102":1,"103":1,"104":37,"105":37,"106":37,"107":1,"108":1,"109":1,"110":36,"111":36,"112":36,"113":36,"114":36,"115":36,"116":1,"117":35,"118":1,"119":34,"120":34,"121":34,"122":11,"123":11,"124":0,"125":0,"126":23,"127":23,"128":1,"129":1,"130":33,"131":11,"132":33,"133":33,"134":33,"135":33,"136":33,"137":1,"138":32,"139":1,"140":31,"141":31,"142":31,"143":9,"144":9,"145":31,"146":34,"147":30,"148":32,"149":352,"150":352,"151":352,"152":30,"153":60,"154":30,"155":30,"156":5,"157":5,"158":5,"159":5,"160":5,"161":5,"162":1,"163":5,"164":5,"165":55,"166":55,"167":55,"168":5,"169":58,"170":28,"171":0,"172":36,"173":38,"174":6,"175":0,"176":6,"177":6},"f":{"0":6,"1":8,"2":157,"3":38,"4":37,"5":34,"6":101,"7":38,"8":418,"9":38,"10":38,"11":34,"12":32,"13":352,"14":55,"15":0,"16":0},"b":{"0":[8,8],"1":[1],"2":[1,15],"3":[17],"4":[21],"5":[1,0],"6":[1,1],"7":[37],"8":[1,0],"9":[1,1],"10":[9,25],"11":[3,6],"12":[9,3],"13":[23],"14":[6],"15":[5],"16":[0,1],"17":[1,1],"18":[4,1],"19":[0,4],"20":[4,4],"21":[0,1],"22":[1,1],"23":[31],"24":[33,31],"25":[31,2],"26":[33,33],"27":[9,24],"28":[33,33],"29":[0,33],"30":[33,0],"31":[0,33],"32":[33,33],"33":[0,33],"34":[33,33],"35":[0,33],"36":[33,33],"37":[0,33],"38":[33,0],"39":[0,33],"40":[33,0],"41":[0,33],"42":[33,33],"43":[2],"44":[38],"45":[38,0],"46":[1],"47":[1],"48":[7,29],"49":[36,20],"50":[13,23],"51":[36,23],"52":[1,34],"53":[11,23],"54":[0],"55":[1],"56":[11],"57":[3,8],"58":[11,3],"59":[0,11],"60":[11,11],"61":[0,11],"62":[11,11],"63":[1],"64":[1],"65":[32,31],"66":[20,11],"67":[31,31],"68":[11,20],"69":[31,20],"70":[9],"71":[5,4],"72":[9,9],"73":[0,9],"74":[9,9],"75":[0,9],"76":[9,9],"77":[30,0],"78":[30,30],"79":[0,5],"80":[5,0],"81":[4,1],"82":[5,5],"83":[1,4],"84":[5,4],"85":[0,5],"86":[5,0],"87":[0,5],"88":[5,0],"89":[0,5],"90":[5,0],"91":[22],"92":[36,15]}}
,"/workspaces/arvo-xstate/src/MachineExecutionEngine/index.ts": {"path":"/workspaces/arvo-xstate/src/MachineExecutionEngine/index.ts","statementMap":{"0":{"start":{"line":1,"column":0},"end":{"line":1,"column":57}},"1":{"start":{"line":3,"column":0},"end":{"line":3,"column":54}},"2":{"start":{"line":6,"column":0},"end":{"line":6,"column":55}},"3":{"start":{"line":12,"column":0},"end":{"line":12,"column":13}},"4":{"start":{"line":33,"column":2},"end":{"line":132,"column":null}},"5":{"start":{"line":34,"column":13},"end":{"line":34,"column":15}},"6":{"start":{"line":34,"column":20},"end":{"line":34,"column":22}},"7":{"start":{"line":34,"column":27},"end":{"line":34,"column":50}},"8":{"start":{"line":35,"column":4},"end":{"line":37,"column":null}},"9":{"start":{"line":39,"column":4},"end":{"line":131,"column":7}},"10":{"start":{"line":63,"column":58},"end":{"line":63,"column":60}},"11":{"start":{"line":64,"column":32},"end":{"line":64,"column":34}},"12":{"start":{"line":66,"column":8},"end":{"line":98,"column":9}},"13":{"start":{"line":67,"column":10},"end":{"line":70,"column":13}},"14":{"start":{"line":71,"column":10},"end":{"line":75,"column":11}},"15":{"start":{"line":72,"column":12},"end":{"line":74,"column":14}},"16":{"start":{"line":76,"column":10},"end":{"line":78,"column":13}},"17":{"start":{"line":79,"column":10},"end":{"line":81,"column":12}},"18":{"start":{"line":80,"column":12},"end":{"line":80,"column":null}},"19":{"start":{"line":82,"column":10},"end":{"line":82,"column":73}},"20":{"start":{"line":82,"column":44},"end":{"line":82,"column":71}},"21":{"start":{"line":83,"column":10},"end":{"line":83,"column":24}},"22":{"start":{"line":85,"column":10},"end":{"line":88,"column":13}},"23":{"start":{"line":89,"column":10},"end":{"line":91,"column":13}},"24":{"start":{"line":92,"column":10},"end":{"line":94,"column":12}},"25":{"start":{"line":93,"column":12},"end":{"line":93,"column":null}},"26":{"start":{"line":95,"column":10},"end":{"line":95,"column":73}},"27":{"start":{"line":95,"column":44},"end":{"line":95,"column":71}},"28":{"start":{"line":96,"column":10},"end":{"line":96,"column":24}},"29":{"start":{"line":97,"column":10},"end":{"line":97,"column":37}},"30":{"start":{"line":99,"column":8},"end":{"line":102,"column":11}},"31":{"start":{"line":103,"column":8},"end":{"line":106,"column":11}},"32":{"start":{"line":107,"column":34},"end":{"line":107,"column":79}},"33":{"start":{"line":108,"column":8},"end":{"line":114,"column":9}},"34":{"start":{"line":109,"column":10},"end":{"line":112,"column":53}},"35":{"start":{"line":112,"column":30},"end":{"line":112,"column":52}},"36":{"start":{"line":113,"column":10},"end":{"line":113,"column":70}},"37":{"start":{"line":115,"column":8},"end":{"line":117,"column":9}},"38":{"start":{"line":116,"column":10},"end":{"line":116,"column":26}},"39":{"start":{"line":119,"column":31},"end":{"line":119,"column":64}},"40":{"start":{"line":120,"column":34},"end":{"line":120,"column":55}},"41":{"start":{"line":121,"column":8},"end":{"line":123,"column":9}},"42":{"start":{"line":122,"column":10},"end":{"line":122,"column":null}},"43":{"start":{"line":125,"column":8},"end":{"line":129,"column":10}},"44":{"start":{"line":133,"column":0},"end":{"line":133,"column":null}},"45":{"start":{"line":12,"column":13},"end":{"line":12,"column":35}}},"fnMap":{"0":{"name":"(anonymous_2)","decl":{"start":{"line":12,"column":0},"end":{"line":12,"column":13}},"loc":{"start":{"line":12,"column":0},"end":{"line":133,"column":null}}},"1":{"name":"(anonymous_4)","decl":{"start":{"line":33,"column":2},"end":{"line":33,"column":9}},"loc":{"start":{"line":37,"column":5},"end":{"line":132,"column":3}}},"2":{"name":"(anonymous_5)","decl":{"start":{"line":62,"column":10},"end":{"line":62,"column":null}},"loc":{"start":{"line":62,"column":10},"end":{"line":130,"column":7}}},"3":{"name":"(anonymous_6)","decl":{"start":{"line":79,"column":24},"end":{"line":79,"column":25}},"loc":{"start":{"line":79,"column":30},"end":{"line":80,"column":22}}},"4":{"name":"(anonymous_7)","decl":{"start":{"line":82,"column":35},"end":{"line":82,"column":36}},"loc":{"start":{"line":82,"column":39},"end":{"line":82,"column":50}}},"5":{"name":"(anonymous_8)","decl":{"start":{"line":92,"column":24},"end":{"line":92,"column":25}},"loc":{"start":{"line":92,"column":30},"end":{"line":93,"column":22}}},"6":{"name":"(anonymous_9)","decl":{"start":{"line":95,"column":35},"end":{"line":95,"column":36}},"loc":{"start":{"line":95,"column":39},"end":{"line":95,"column":50}}},"7":{"name":"(anonymous_10)","decl":{"start":{"line":112,"column":20},"end":{"line":112,"column":21}},"loc":{"start":{"line":112,"column":25},"end":{"line":112,"column":40}}}},"branchMap":{"0":{"loc":{"start":{"line":35,"column":4},"end":{"line":37,"column":null}},"type":"if","locations":[{"start":{"line":35,"column":4},"end":{"line":37,"column":null}}]},"1":{"loc":{"start":{"line":50,"column":8},"end":{"line":61,"column":null}},"type":"cond-expr","locations":[{"start":{"line":51,"column":12},"end":{"line":57,"column":null}},{"start":{"line":58,"column":12},"end":{"line":61,"column":null}}]},"2":{"loc":{"start":{"line":66,"column":8},"end":{"line":98,"column":9}},"type":"if","locations":[{"start":{"line":66,"column":8},"end":{"line":98,"column":9}},{"start":{"line":84,"column":15},"end":{"line":98,"column":9}}]},"3":{"loc":{"start":{"line":71,"column":10},"end":{"line":75,"column":11}},"type":"if","locations":[{"start":{"line":71,"column":10},"end":{"line":75,"column":11}}]},"4":{"loc":{"start":{"line":108,"column":8},"end":{"line":114,"column":9}},"type":"if","locations":[{"start":{"line":108,"column":8},"end":{"line":114,"column":9}}]},"5":{"loc":{"start":{"line":108,"column":12},"end":{"line":108,"column":67}},"type":"cond-expr","locations":[{"start":{"line":108,"column":55},"end":{"line":108,"column":57}},{"start":{"line":108,"column":55},"end":{"line":108,"column":67}}]},"6":{"loc":{"start":{"line":108,"column":12},"end":{"line":108,"column":57}},"type":"binary-expr","locations":[{"start":{"line":108,"column":12},"end":{"line":108,"column":57}},{"start":{"line":108,"column":55},"end":{"line":108,"column":57}}]},"7":{"loc":{"start":{"line":108,"column":12},"end":{"line":108,"column":55}},"type":"cond-expr","locations":[{"start":{"line":108,"column":47},"end":{"line":108,"column":49}},{"start":{"line":108,"column":47},"end":{"line":108,"column":55}}]},"8":{"loc":{"start":{"line":108,"column":12},"end":{"line":108,"column":49}},"type":"binary-expr","locations":[{"start":{"line":108,"column":12},"end":{"line":108,"column":49}},{"start":{"line":108,"column":47},"end":{"line":108,"column":49}}]},"9":{"loc":{"start":{"line":108,"column":13},"end":{"line":108,"column":47}},"type":"cond-expr","locations":[{"start":{"line":108,"column":30},"end":{"line":108,"column":38}},{"start":{"line":108,"column":13},"end":{"line":108,"column":47}}]},"10":{"loc":{"start":{"line":108,"column":13},"end":{"line":108,"column":38}},"type":"binary-expr","locations":[{"start":{"line":108,"column":13},"end":{"line":108,"column":40}},{"start":{"line":108,"column":13},"end":{"line":108,"column":38}}]},"11":{"loc":{"start":{"line":110,"column":12},"end":{"line":111,"column":null}},"type":"cond-expr","locations":[{"start":{"line":110,"column":67},"end":{"line":110,"column":null}},{"start":{"line":110,"column":67},"end":{"line":111,"column":null}}]},"12":{"loc":{"start":{"line":110,"column":12},"end":{"line":110,"column":null}},"type":"binary-expr","locations":[{"start":{"line":110,"column":12},"end":{"line":110,"column":null}},{"start":{"line":110,"column":67},"end":{"line":110,"column":null}}]},"13":{"loc":{"start":{"line":110,"column":12},"end":{"line":110,"column":67}},"type":"cond-expr","locations":[{"start":{"line":110,"column":55},"end":{"line":110,"column":57}},{"start":{"line":110,"column":55},"end":{"line":110,"column":67}}]},"14":{"loc":{"start":{"line":110,"column":12},"end":{"line":110,"column":57}},"type":"binary-expr","locations":[{"start":{"line":110,"column":12},"end":{"line":110,"column":57}},{"start":{"line":110,"column":55},"end":{"line":110,"column":57}}]},"15":{"loc":{"start":{"line":110,"column":12},"end":{"line":110,"column":55}},"type":"cond-expr","locations":[{"start":{"line":110,"column":47},"end":{"line":110,"column":49}},{"start":{"line":110,"column":47},"end":{"line":110,"column":55}}]},"16":{"loc":{"start":{"line":110,"column":12},"end":{"line":110,"column":49}},"type":"binary-expr","locations":[{"start":{"line":110,"column":12},"end":{"line":110,"column":49}},{"start":{"line":110,"column":47},"end":{"line":110,"column":49}}]},"17":{"loc":{"start":{"line":110,"column":13},"end":{"line":110,"column":47}},"type":"cond-expr","locations":[{"start":{"line":110,"column":30},"end":{"line":110,"column":38}},{"start":{"line":110,"column":13},"end":{"line":110,"column":47}}]},"18":{"loc":{"start":{"line":110,"column":13},"end":{"line":110,"column":38}},"type":"binary-expr","locations":[{"start":{"line":110,"column":13},"end":{"line":110,"column":40}},{"start":{"line":110,"column":13},"end":{"line":110,"column":38}}]},"19"
[...]
,"/workspaces/arvo-xstate/src/utils/SimpleEventBroker/helper.ts": {"path":"/workspaces/arvo-xstate/src/utils/SimpleEventBroker/helper.ts","statementMap":{"0":{"start":{"line":2,"column":0},"end":{"line":2,"column":38}},"1":{"start":{"line":25,"column":39},"end":{"line":58,"column":1}},"2":{"start":{"line":29,"column":17},"end":{"line":40,"column":4}},"3":{"start":{"line":34,"column":8},"end":{"line":38,"column":11}},"4":{"start":{"line":43,"column":2},"end":{"line":55,"column":5}},"5":{"start":{"line":44,"column":4},"end":{"line":54,"column":6}},"6":{"start":{"line":46,"column":18},"end":{"line":52,"column":null}},"7":{"start":{"line":47,"column":29},"end":{"line":49,"column":null}},"8":{"start":{"line":47,"column":14},"end":{"line":49,"column":null}},"9":{"start":{"line":51,"column":8},"end":{"line":51,"column":75}},"10":{"start":{"line":51,"column":46},"end":{"line":51,"column":74}},"11":{"start":{"line":57,"column":2},"end":{"line":57,"column":16}},"12":{"start":{"line":25,"column":13},"end":{"line":25,"column":39}}},"fnMap":{"0":{"name":"(anonymous_13)","decl":{"start":{"line":25,"column":39},"end":{"line":25,"column":null}},"loc":{"start":{"line":27,"column":52},"end":{"line":58,"column":1}}},"1":{"name":"(anonymous_14)","decl":{"start":{"line":33,"column":7},"end":{"line":33,"column":8}},"loc":{"start":{"line":33,"column":20},"end":{"line":39,"column":7}}},"2":{"name":"(anonymous_15)","decl":{"start":{"line":43,"column":24},"end":{"line":43,"column":25}},"loc":{"start":{"line":43,"column":32},"end":{"line":55,"column":3}}},"3":{"name":"(anonymous_16)","decl":{"start":{"line":46,"column":6},"end":{"line":46,"column":13}},"loc":{"start":{"line":46,"column":18},"end":{"line":52,"column":null}}},"4":{"name":"(anonymous_17)","decl":{"start":{"line":46,"column":18},"end":{"line":46,"column":null}},"loc":{"start":{"line":46,"column":18},"end":{"line":52,"column":null}}},"5":{"name":"(anonymous_19)","decl":{"start":{"line":51,"column":29},"end":{"line":51,"column":30}},"loc":{"start":{"line":51,"column":41},"end":{"line":51,"column":52}}}},"branchMap":{"0":{"loc":{"start":{"line":32,"column":6},"end":{"line":39,"column":8}},"type":"cond-expr","locations":[{"start":{"line":32,"column":6},"end":{"line":32,"column":13}},{"start":{"line":33,"column":7},"end":{"line":39,"column":7}}]},"1":{"loc":{"start":{"line":32,"column":6},"end":{"line":32,"column":null}},"type":"binary-expr","locations":[{"start":{"line":32,"column":6},"end":{"line":32,"column":null}},{"start":{"line":32,"column":6},"end":{"line":32,"column":null}}]},"2":{"loc":{"start":{"line":47,"column":29},"end":{"line":49,"column":null}},"type":"switch","locations":[{"start":{"line":47,"column":29},"end":{"line":49,"column":null}}]}},"s":{"0":6,"1":6,"2":4,"3":2,"4":4,"5":28,"6":38,"7":38,"8":38,"9":38,"10":40,"11":4,"12":6},"f":{"0":4,"1":2,"2":28,"3":38,"4":38,"5":40},"b":{"0":[0,4],"1":[4,4],"2":[38]}}
,"/workspaces/arvo-xstate/src/utils/SimpleEventBroker/index.ts": {"path":"/workspaces/arvo-xstate/src/utils/SimpleEventBroker/index.ts","statementMap":{"0":{"start":{"line":3,"column":0},"end":{"line":3,"column":41}},"1":{"start":{"line":48,"column":0},"end":{"line":48,"column":13}},"2":{"start":{"line":55,"column":19},"end":{"line":55,"column":49}},"3":{"start":{"line":58,"column":4},"end":{"line":58,"column":33}},"4":{"start":{"line":59,"column":4},"end":{"line":59,"column":20}},"5":{"start":{"line":60,"column":4},"end":{"line":60,"column":21}},"6":{"start":{"line":61,"column":4},"end":{"line":61,"column":30}},"7":{"start":{"line":62,"column":4},"end":{"line":62,"column":45}},"8":{"start":{"line":63,"column":4},"end":{"line":63,"column":40}},"9":{"start":{"line":69,"column":2},"end":{"line":71,"column":null}},"10":{"start":{"line":70,"column":4},"end":{"line":70,"column":47}},"11":{"start":{"line":82,"column":2},"end":{"line":104,"column":null}},"12":{"start":{"line":82,"column":2},"end":{"line":82,"column":11}},"13":{"start":{"line":85,"column":4},"end":{"line":85,"column":null}},"14":{"start":{"line":87,"column":4},"end":{"line":89,"column":5}},"15":{"start":{"line":88,"column":6},"end":{"line":88,"column":45}},"16":{"start":{"line":91,"column":4},"end":{"line":93,"column":5}},"17":{"start":{"line":92,"column":6},"end":{"line":92,"column":73}},"18":{"start":{"line":95,"column":21},"end":{"line":95,"column":49}},"19":{"start":{"line":96,"column":4},"end":{"line":96,"column":26}},"20":{"start":{"line":98,"column":4},"end":{"line":103,"column":6}},"21":{"start":{"line":99,"column":6},"end":{"line":99,"column":31}},"22":{"start":{"line":100,"column":6},"end":{"line":102,"column":7}},"23":{"start":{"line":101,"column":8},"end":{"line":101,"column":39}},"24":{"start":{"line":111,"column":8},"end":{"line":126,"column":null}},"25":{"start":{"line":112,"column":4},"end":{"line":114,"column":5}},"26":{"start":{"line":113,"column":6},"end":{"line":113,"column":57}},"27":{"start":{"line":116,"column":4},"end":{"line":118,"column":5}},"28":{"start":{"line":117,"column":6},"end":{"line":117,"column":78}},"29":{"start":{"line":120,"column":4},"end":{"line":120,"column":27}},"30":{"start":{"line":121,"column":4},"end":{"line":121,"column":28}},"31":{"start":{"line":123,"column":8},"end":{"line":123,"column":9}},"32":{"start":{"line":124,"column":6},"end":{"line":124,"column":32}},"33":{"start":{"line":131,"column":2},"end":{"line":133,"column":null}},"34":{"start":{"line":132,"column":4},"end":{"line":132,"column":29}},"35":{"start":{"line":138,"column":2},"end":{"line":140,"column":null}},"36":{"start":{"line":139,"column":4},"end":{"line":139,"column":50}},"37":{"start":{"line":154,"column":16},"end":{"line":187,"column":null}},"38":{"start":{"line":155,"column":4},"end":{"line":155,"column":34}},"39":{"start":{"line":155,"column":27},"end":{"line":155,"column":34}},"40":{"start":{"line":156,"column":4},"end":{"line":156,"column":29}},"41":{"start":{"line":160,"column":14},"end":{"line":160,"column":42}},"42":{"start":{"line":161,"column":8},"end":{"line":161,"column":53}},"43":{"start":{"line":162,"column":14},"end":{"line":162,"column":57}},"44":{"start":{"line":164,"column":8},"end":{"line":170,"column":9}},"45":{"start":{"line":165,"column":10},"end":{"line":168,"column":12}},"46":{"start":{"line":172,"column":14},"end":{"line":180,"column":10}},"47":{"start":{"line":173,"column":10},"end":{"line":179,"column":null}},"48":{"start":{"line":174,"column":12},"end":{"line":178,"column":13}},"49":{"start":{"line":175,"column":14},"end":{"line":175,"column":41}},"50":{"start":{"line":177,"column":14},"end":{"line":177,"column":60}},"51":{"start":{"line":182,"column":8},"end":{"line":182,"column":43}},"52":{"start":{"line":159,"column":13},"end":{"line":159,"column":null}},"53":{"start":{"line":159,"column":34},"end":{"line":159,"column":null}},"54":{"start":{"line":185,"column":6},"end":{"line":185,"column":32}},"55":{"start":{"line":188,"column":0},"end":{"line":188,"column":null}},"56":{"start":{"line":48,"column":13},"end":{"line":48,"column":30}}},"fnMap":{"0":{"name":"(anonymous_13)","decl":{"start":{"line":48,"column":0},"end":{"line":48,"column":13}},"loc":{"start":{"line":48,"column":0},"end":{"line":188,"column":null}}},"1":{"name":"SimpleEventBroker","decl":{"start":{"line":57,"column":2},"end":{"line":57,"column":14}},"loc":{"start":{"line":57,"column":38},"end":{"line":64,"column":3}}},"2":{"name":"(anonymous_15)","decl":{"start":{"line":69,"column":2},"end":{"line":69,"column":13}},"loc":{"start":{"line":69,"column":2},"end":{"line":71,"column":3}}},"3":{"name":"(anonymous_16)","decl":{"start":{"line":82,"column":2},"end":{"line":82,"column":11}},"loc":{"start":{"line":85,"column":33},"end":{"line":104,"column":3}}},"4":{"name":"(anonymous_17)","decl":{"start":{"line":98,"column":11},"end":{"line":98,"column":null}},"loc":{"start":{"line":98,"column":11},"end":{"line":103,"column":5}}},"5":{"name":"(anonymous_18)","decl":{"start":{"line":111,"column":2},"end":{"line":111,"column":8}},"loc":{"start":{"line":111,"column":32},"end":{"line":126,"column":null}}},"6":{"name":"(anonymous_21)","decl":{"start":{"line":131,"column":2},"end":{"line":131,"column":6}},"loc":{"start":{"line":131,"column":2},"end":{"line":133,"column":3}}},"7":{"name":"(anonymous_22)","decl":{"start":{"line":138,"column":2},"end":{"line":138,"column":20}},"loc":{"start":{"line":138,"column":34},"end":{"line":140,"column":3}}},"8":{"name":"(anonymous_23)","decl":{"start":{"line":154,"column":2},"end":{"line":154,"column":16}},"loc":{"start":{"line":154,"column":2},"end":{"line":187,"column":null}}},"9":{"name":"(anonymous_28)","decl":{"start":{"line":172,"column":57},"end":{"line":172,"column":58}},"loc":{"start":{"line":172,"column":65},"end":{"line":173,"column":17}}},"10":{"name":"(anonymous_29)","decl":{"start":{"line":173,"column":56},"end":{"line":173,"column":57}},"loc":{"start":{"line":173,"column":62},"end":{"line":179,"column":11}}}},"branchMap":{"0":{"loc":{"start":{"line":85,"column":4},"end":{"line":85,"column":null}},"type":"if","locations":[{"start":{"line":85,"column":4},"end":{"line":85,"column":null}}]},"1":{"loc":{"start":{"line":87,"column":4},"end":{"line":89,"column":5}},"type":"if","locations":[{"start":{"line":87,"column":4},"end":{"line":89,"column":5}}]},"2":{"loc":{"start":{"line":91,"column":4},"end":{"line":93,"column":5}},"type":"if","locations":[{"start":{"line":91,"column":4},"end":{"line":93,"column":5}}]},"3":{"loc":{"start":{"line":91,"column":8},"end":{"line":91,"column":61}},"type":"binary-expr","locations":[{"start":{"line":91,"column":8},"end":{"line":91,"column":20}},{"start":{"line":91,"column":24},"end":{"line":91,"column":61}}]},"4":{"loc":{"start":{"line":100,"column":6},"end":{"line":102,"column":7}},"type":"if","locations":[{"start":{"line":100,"column":6},"end":{"line":102,"column":7}}]},"5":{"loc":{"start":{"line":112,"column":4},"end":{"line":114,"column":5}},"type":"if","locations":[{"start":{"line":112,"column":4},"end":{"line":114,"column":5}}]},"6":{"loc":{"start":{"line":116,"column":4},"end":{"line":118,"column":5}},"type":"if","locations":[{"start":{"line":116,"column":4},"end":{"line":118,"column":5}}]},"7":{"loc":{"start":{"line":123,"column":8},"end":{"line":123,"column":9}},"type":"if","locations":[{"start":{"line":123,"column":8},"end":{"line":123,"column":9}}]},"8":{"loc":{"start":{"line":139,"column":11},"end":{"line":139,"column":49}},"type":"cond-expr","locations":[{"start":{"line":139,"column":44},"end":{"line":139,"column":48}},{"start":{"line":139,"column":48},"end":{"line":139,"column":49}}]},"9":{"loc":{"start":{"line":139,"column":11},"end":{"line":139,"column":48}},"type":"binary-expr","locations":[{"start":{"line":139,"column":11},"end":{"line":139,"column":48}},{"start":{"line":139,"column":44},"end":{"line":139,"column":48}}]},"10":{"loc":{"start":{"line":139,"column":11},"end":{"line":139,"column":44}},"type":"cond-expr","locations":[{"start":{"line":139,"column":38},"end":{"line":139,"column":40}},{"start":{"line":139,"column":38},"end":{"line":139,"column":44}}]},"11":{"loc":{"start":{"line":139,"column":11},"end":{"line":139,"column":40}},"type":"binary-expr","locations":[{"start":{"line":139,"column":11},"end":{"line":139,"column":40}},{"start":{"line":139,"column":38},"end":{"line":139,"column":40}}]},"12":{"loc":{"start":{"line":155,"column":4},"end":{"line":155,"column":34}},"type":"if","locations":[{"start":{"line":155,"column":4},"end":{"line":155,"column":34}}]},"13":{"loc":{"start":{"line":164,"column":8},"end":{"line":170,"column":9}},"type":"if","locations":[{"start":{"line":164,"column":8},"end":{"line":170,"column":9}}]},"14":{"loc":{"start":{"line":164,"column":13},"end":{"line":164,"column":27}},"type":"cond-expr","locations":[{"start":{"line":164,"column":21},"end":{"line":164,"column":23}},{"start":{"line":164,"column":13},"end":{"line":164,"column":27}}]},"15":{"loc":{"start":{"line":164,"column":13},"end":{"line":164,"column":23}},"type":"binary-expr","locations":[{"start":{"line":164,"column":13},"end":{"line":164,"column":23}},{"start":{"line":164,"column":13},"end":{"line":164,"column":23}}]},"16":{"loc":{"start":{"line":174,"column":12},"end":{"line":178,"column":13}},"type":"if","locations":[{"start":{"line":174,"column":12},"end":{"line":178,"column":13}},{"start":{"line":176,"column":19},"end":{"line":178,"column":13}}]},"17":{"loc":{"start":{"line":159,"column":13},"end":{"line":159,"column":null}},"type":"if","locations":[{"start":{"line":159,"column":13},"end":{"line":159,"column":null}}]}},"s":{"0":6,"1":6,"2":4,"3":4,"4":4,"5":4,"6":4,"7":4,"8":4,"9":6,"10":0,"11":6,"12":34,"13":40,"14":34,"15":34,"16":34,"17":0,"18":34,"19":34,"20":34,"21":0,"22":0,"23":0,"24":6,"25":44,"26":0,"27":44,"28":0,"29":44,"30":44,"31":84,"32":8,"33":6,"34":0,"35":6,"36":0,"37":6,"38":4,"39":0,"40":4,"41":44,"42":88,"43":44,"44":44,"45":2,"46":42,"47":42,"48":0,"49":0,"50":0,"51":84,"52":48,"53":4,"54":4,"55":6,"56":6},"f":{"0":6,"1":4,"2":0,"3":34,"4":0,"5":44,"6":0,"7":0,"8":4,"9":42,"10":0},"b":{"0":[6],"1":[34],"2":[0],"3":[34,28],"4":[0],"5":[0],"6":[0],"7":[40],"8":[0,0],"9":[0,0],"10":[0,0],"11":[0,0],"12":[0],"13":[2],"14":[2,42],"15":[44,44],"16":[0,0],"17":[4]}}
,"/workspaces/arvo-xstate/src/utils/SimpleEventBroker/utils.ts": {"path":"/workspaces/arvo-xstate/src/utils/SimpleEventBroker/utils.ts","statementMap":{"0":{"start":{"line":1,"column":30},"end":{"line":2,"column":6}},"1":{"start":{"line":1,"column":31},"end":{"line":1,"column":null}},"2":{"start":{"line":2,"column":2},"end":{"line":4,"column":5}},"3":{"start":{"line":3,"column":4},"end":{"line":3,"column":33}},"4":{"start":{"line":1,"column":13},"end":{"line":1,"column":30}}},"fnMap":{"0":{"name":"(anonymous_0)","decl":{"start":{"line":1,"column":30},"end":{"line":1,"column":31}},"loc":{"start":{"line":1,"column":51},"end":{"line":2,"column":6}}},"1":{"name":"(anonymous_1)","decl":{"start":{"line":2,"column":20},"end":{"line":2,"column":21}},"loc":{"start":{"line":2,"column":28},"end":{"line":4,"column":3}}}},"branchMap":{"0":{"loc":{"start":{"line":1,"column":31},"end":{"line":1,"column":null}},"type":"if","locations":[{"start":{"line":1,"column":31},"end":{"line":1,"column":null}}]}},"s":{"0":6,"1":44,"2":44,"3":44,"4":6},"f":{"0":44,"1":44},"b":{"0":[0]}}
,"/workspaces/arvo-xstate/src/utils/object/index.ts": {"path":"/workspaces/arvo-xstate/src/utils/object/index.ts","statementMap":{"0":{"start":{"line":26,"column":0},"end":{"line":26,"column":16}},"1":{"start":{"line":27,"column":2},"end":{"line":31,"column":3}},"2":{"start":{"line":28,"column":4},"end":{"line":30,"column":6}},"3":{"start":{"line":33,"column":28},"end":{"line":33,"column":30}},"4":{"start":{"line":34,"column":46},"end":{"line":34,"column":65}},"5":{"start":{"line":36,"column":2},"end":{"line":48,"column":3}},"6":{"start":{"line":37,"column":49},"end":{"line":37,"column":61}},"7":{"start":{"line":37,"column":25},"end":{"line":37,"column":33}},"8":{"start":{"line":37,"column":44},"end":{"line":37,"column":49}},"9":{"start":{"line":39,"column":4},"end":{"line":47,"column":5}},"10":{"start":{"line":40,"column":6},"end":{"line":40,"column":60}},"11":{"start":{"line":42,"column":6},"end":{"line":46,"column":7}},"12":{"start":{"line":43,"column":8},"end":{"line":45,"column":9}},"13":{"start":{"line":44,"column":10},"end":{"line":44,"column":78}},"14":{"start":{"line":50,"column":2},"end":{"line":50,"column":16}},"15":{"start":{"line":64,"column":33},"end":{"line":70,"column":1}},"16":{"start":{"line":65,"column":2},"end":{"line":67,"column":3}},"17":{"start":{"line":66,"column":4},"end":{"line":66,"column":33}},"18":{"start":{"line":68,"column":21},"end":{"line":68,"column":60}},"19":{"start":{"line":68,"column":42},"end":{"line":68,"column":50}},"20":{"start":{"line":69,"column":2},"end":{"line":69,"column":39}},"21":{"start":{"line":64,"column":13},"end":{"line":64,"column":33}}},"fnMap":{"0":{"name":"getAllPaths","decl":{"start":{"line":26,"column":16},"end":{"line":26,"column":27}},"loc":{"start":{"line":26,"column":52},"end":{"line":51,"column":1}}},"1":{"name":"(anonymous_1)","decl":{"start":{"line":64,"column":33},"end":{"line":64,"column":34}},"loc":{"start":{"line":64,"column":49},"end":{"line":70,"column":1}}},"2":{"name":"(anonymous_2)","decl":{"start":{"line":68,"column":35},"end":{"line":68,"column":36}},"loc":{"start":{"line":68,"column":37},"end":{"line":68,"column":45}}}},"branchMap":{"0":{"loc":{"start":{"line":27,"column":2},"end":{"line":31,"column":3}},"type":"if","locations":[{"start":{"line":27,"column":2},"end":{"line":31,"column":3}}]},"1":{"loc":{"start":{"line":27,"column":6},"end":{"line":27,"column":67}},"type":"binary-expr","locations":[{"start":{"line":27,"column":6},"end":{"line":27,"column":10}},{"start":{"line":27,"column":14},"end":{"line":27,"column":67}}]},"2":{"loc":{"start":{"line":27,"column":16},"end":{"line":27,"column":66}},"type":"binary-expr","locations":[{"start":{"line":27,"column":16},"end":{"line":27,"column":39}},{"start":{"line":27,"column":43},"end":{"line":27,"column":66}}]},"3":{"loc":{"start":{"line":39,"column":4},"end":{"line":47,"column":5}},"type":"if","locations":[{"start":{"line":39,"column":4},"end":{"line":47,"column":5}},{"start":{"line":41,"column":11},"end":{"line":47,"column":5}}]},"4":{"loc":{"start":{"line":39,"column":8},"end":{"line":39,"column":61}},"type":"binary-expr","locations":[{"start":{"line":39,"column":8},"end":{"line":39,"column":38}},{"start":{"line":39,"column":42},"end":{"line":39,"column":61}}]},"5":{"loc":{"start":{"line":43,"column":8},"end":{"line":45,"column":9}},"type":"if","locations":[{"start":{"line":43,"column":8},"end":{"line":45,"column":9}}]},"6":{"loc":{"start":{"line":65,"column":2},"end":{"line":67,"column":3}},"type":"if","locations":[{"start":{"line":65,"column":2},"end":{"line":67,"column":3}}]},"7":{"loc":{"start":{"line":65,"column":8},"end":{"line":65,"column":23}},"type":"binary-expr","locations":[{"start":{"line":65,"column":8},"end":{"line":65,"column":17}},{"start":{"line":65,"column":21},"end":{"line":65,"column":23}}]}},"s":{"0":7,"1":24,"2":3,"3":21,"4":21,"5":21,"6":373,"7":373,"8":373,"9":373,"10":179,"11":194,"12":352,"13":352,"14":21,"15":7,"16":4,"17":1,"18":3,"19":5,"20":3,"21":7},"f":{"0":24,"1":4,"2":5},"b":{"0":[3],"1":[24,22],"2":[22,22],"3":[179,194],"4":[373,195],"5":[352],"6":[1],"7":[4,0]}}
}
