{"/Users/saadahmad/Projects/Arvo/arvo-xstate/src/index.ts": {"path":"/Users/saadahmad/Projects/Arvo/arvo-xstate/src/index.ts","statementMap":{"0":{"start":{"line":1,"column":0},"end":{"line":1,"column":38}},"1":{"start":{"line":2,"column":0},"end":{"line":2,"column":7}},"2":{"start":{"line":26,"column":2},"end":{"line":2,"column":40}},"3":{"start":{"line":3,"column":0},"end":{"line":3,"column":9}},"4":{"start":{"line":27,"column":2},"end":{"line":3,"column":63}},"5":{"start":{"line":5,"column":0},"end":{"line":5,"column":9}},"6":{"start":{"line":42,"column":2},"end":{"line":5,"column":54}},"7":{"start":{"line":6,"column":0},"end":{"line":6,"column":9}},"8":{"start":{"line":40,"column":2},"end":{"line":6,"column":31}},"9":{"start":{"line":41,"column":2},"end":{"line":6,"column":91}},"10":{"start":{"line":7,"column":0},"end":{"line":7,"column":9}},"11":{"start":{"line":43,"column":2},"end":{"line":7,"column":68}},"12":{"start":{"line":9,"column":0},"end":{"line":9,"column":9}},"13":{"start":{"line":32,"column":2},"end":{"line":9,"column":66}},"14":{"start":{"line":12,"column":0},"end":{"line":12,"column":9}},"15":{"start":{"line":37,"column":2},"end":{"line":12,"column":61}},"16":{"start":{"line":13,"column":0},"end":{"line":13,"column":9}},"17":{"start":{"line":46,"column":2},"end":{"line":13,"column":81}},"18":{"start":{"line":15,"column":0},"end":{"line":15,"column":9}},"19":{"start":{"line":31,"column":2},"end":{"line":15,"column":52}},"20":{"start":{"line":17,"column":0},"end":{"line":17,"column":9}},"21":{"start":{"line":44,"column":2},"end":{"line":17,"column":62}},"22":{"start":{"line":18,"column":0},"end":{"line":18,"column":9}},"23":{"start":{"line":45,"column":2},"end":{"line":18,"column":75}},"24":{"start":{"line":20,"column":15},"end":{"line":23,"column":2}},"25":{"start":{"line":47,"column":2},"end":{"line":47,"column":8}}},"fnMap":{"0":{"name":"(anonymous_1)","decl":{"start":{"line":27,"column":2},"end":{"line":27,"column":18}},"loc":{"start":{"line":27,"column":2},"end":{"line":3,"column":63}}},"1":{"name":"(anonymous_2)","decl":{"start":{"line":42,"column":2},"end":{"line":42,"column":18}},"loc":{"start":{"line":42,"column":2},"end":{"line":5,"column":54}}},"2":{"name":"(anonymous_3)","decl":{"start":{"line":40,"column":2},"end":{"line":40,"column":22}},"loc":{"start":{"line":40,"column":2},"end":{"line":6,"column":31}}},"3":{"name":"(anonymous_4)","decl":{"start":{"line":41,"column":2},"end":{"line":41,"column":27}},"loc":{"start":{"line":41,"column":2},"end":{"line":6,"column":91}}},"4":{"name":"(anonymous_5)","decl":{"start":{"line":43,"column":2},"end":{"line":43,"column":24}},"loc":{"start":{"line":43,"column":2},"end":{"line":7,"column":68}}},"5":{"name":"(anonymous_6)","decl":{"start":{"line":32,"column":2},"end":{"line":32,"column":24}},"loc":{"start":{"line":32,"column":2},"end":{"line":9,"column":66}}},"6":{"name":"(anonymous_7)","decl":{"start":{"line":37,"column":2},"end":{"line":37,"column":21}},"loc":{"start":{"line":37,"column":2},"end":{"line":12,"column":61}}},"7":{"name":"(anonymous_8)","decl":{"start":{"line":46,"column":2},"end":{"line":46,"column":31}},"loc":{"start":{"line":46,"column":2},"end":{"line":13,"column":81}}},"8":{"name":"(anonymous_9)","decl":{"start":{"line":31,"column":2},"end":{"line":31,"column":17}},"loc":{"start":{"line":31,"column":2},"end":{"line":15,"column":52}}},"9":{"name":"(anonymous_10)","decl":{"start":{"line":44,"column":2},"end":{"line":44,"column":19}},"loc":{"start":{"line":44,"column":2},"end":{"line":17,"column":62}}},"10":{"name":"(anonymous_11)","decl":{"start":{"line":45,"column":2},"end":{"line":45,"column":25}},"loc":{"start":{"line":45,"column":2},"end":{"line":18,"column":75}}}},"branchMap":{},"s":{"0":6,"1":6,"2":6,"3":6,"4":25,"5":6,"6":6,"7":6,"8":6,"9":6,"10":6,"11":16,"12":6,"13":7,"14":6,"15":27,"16":6,"17":23,"18":6,"19":9,"20":6,"21":6,"22":6,"23":10,"24":6,"25":6},"f":{"0":19,"1":0,"2":0,"3":0,"4":10,"5":1,"6":21,"7":17,"8":3,"9":0,"10":4},"b":{}}
,"/Users/saadahmad/Projects/Arvo/arvo-xstate/src/ArvoMachine/createMachine.ts": {"path":"/Users/saadahmad/Projects/Arvo/arvo-xstate/src/ArvoMachine/createMachine.ts","statementMap":{"0":{"start":{"line":194,"column":0},"end":{"line":194,"column":16}},"1":{"start":{"line":1,"column":0},"end":{"line":1,"column":null}},"2":{"start":{"line":7,"column":0},"end":{"line":7,"column":null}},"3":{"start":{"line":18,"column":0},"end":{"line":18,"column":28}},"4":{"start":{"line":19,"column":0},"end":{"line":19,"column":46}},"5":{"start":{"line":28,"column":0},"end":{"line":28,"column":74}},"6":{"start":{"line":29,"column":0},"end":{"line":29,"column":35}},"7":{"start":{"line":253,"column":35},"end":{"line":263,"column":3}},"8":{"start":{"line":254,"column":4},"end":{"line":262,"column":7}},"9":{"start":{"line":265,"column":2},"end":{"line":267,"column":3}},"10":{"start":{"line":266,"column":4},"end":{"line":266,"column":55}},"11":{"start":{"line":269,"column":2},"end":{"line":271,"column":3}},"12":{"start":{"line":270,"column":4},"end":{"line":270,"column":56}},"13":{"start":{"line":273,"column":2},"end":{"line":286,"column":3}},"14":{"start":{"line":274,"column":4},"end":{"line":285,"column":6}},"15":{"start":{"line":288,"column":38},"end":{"line":288,"column":89}},"16":{"start":{"line":289,"column":2},"end":{"line":293,"column":3}},"17":{"start":{"line":290,"column":4},"end":{"line":292,"column":6}},"18":{"start":{"line":295,"column":34},"end":{"line":297,"column":null}},"19":{"start":{"line":299,"column":2},"end":{"line":303,"column":3}},"20":{"start":{"line":300,"column":4},"end":{"line":302,"column":6}},"21":{"start":{"line":305,"column":23},"end":{"line":322,"column":null}},"22":{"start":{"line":313,"column":16},"end":{"line":313,"column":18}},"23":{"start":{"line":313,"column":30},"end":{"line":322,"column":7}},"24":{"start":{"line":326,"column":22},"end":{"line":350,"column":4}},"25":{"start":{"line":367,"column":24},"end":{"line":472,"column":3}},"26":{"start":{"line":396,"column":53},"end":{"line":396,"column":99}},"27":{"start":{"line":398,"column":4},"end":{"line":402,"column":5}},"28":{"start":{"line":399,"column":6},"end":{"line":401,"column":8}},"29":{"start":{"line":404,"column":37},"end":{"line":442,"column":5}},"30":{"start":{"line":405,"column":23},"end":{"line":405,"column":39}},"31":{"start":{"line":407,"column":6},"end":{"line":417,"column":7}},"32":{"start":{"line":408,"column":8},"end":{"line":416,"column":11}},"33":{"start":{"line":419,"column":6},"end":{"line":429,"column":7}},"34":{"start":{"line":420,"column":8},"end":{"line":428,"column":11}},"35":{"start":{"line":431,"column":6},"end":{"line":441,"column":7}},"36":{"start":{"line":432,"column":8},"end":{"line":440,"column":11}},"37":{"start":{"line":444,"column":4},"end":{"line":454,"column":5}},"38":{"start":{"line":444,"column":23},"end":{"line":444,"column":34}},"39":{"start":{"line":444,"column":23},"end":{"line":444,"column":55}},"40":{"start":{"line":444,"column":19},"end":{"line":444,"column":23}},"41":{"start":{"line":445,"column":6},"end":{"line":447,"column":7}},"42":{"start":{"line":446,"column":8},"end":{"line":446,"column":71}},"43":{"start":{"line":448,"column":6},"end":{"line":450,"column":7}},"44":{"start":{"line":449,"column":8},"end":{"line":449,"column":70}},"45":{"start":{"line":451,"column":6},"end":{"line":453,"column":7}},"46":{"start":{"line":452,"column":8},"end":{"line":452,"column":81}},"47":{"start":{"line":456,"column":20},"end":{"line":457,"column":null}},"48":{"start":{"line":460,"column":30},"end":{"line":460,"column":66}},"49":{"start":{"line":461,"column":44},"end":{"line":462,"column":null}},"50":{"start":{"line":462,"column":16},"end":{"line":462,"column":null}},"51":{"start":{"line":464,"column":28},"end":{"line":464,"column":80}},"52":{"start":{"line":465,"column":4},"end":{"line":471,"column":6}},"53":{"start":{"line":473,"column":2},"end":{"line":473,"column":27}}},"fnMap":{"0":{"name":"setupArvoMachine","decl":{"start":{"line":194,"column":16},"end":{"line":194,"column":32}},"loc":{"start":{"line":252,"column":1},"end":{"line":474,"column":1}}},"1":{"name":"(anonymous_5)","decl":{"start":{"line":253,"column":35},"end":{"line":253,"column":36}},"loc":{"start":{"line":253,"column":60},"end":{"line":263,"column":3}}},"2":{"name":"(anonymous_6)","decl":{"start":{"line":313,"column":6},"end":{"line":313,"column":7}},"loc":{"start":{"line":313,"column":25},"end":{"line":322,"column":7}}},"3":{"name":"(anonymous_7)","decl":{"start":{"line":367,"column":24},"end":{"line":367,"column":null}},"loc":{"start":{"line":394,"column":5},"end":{"line":472,"column":3}}},"4":{"name":"(anonymous_8)","decl":{"start":{"line":404,"column":37},"end":{"line":404,"column":38}},"loc":{"start":{"line":404,"column":99},"end":{"line":442,"column":5}}},"5":{"name":"(anonymous_9)","decl":{"start":{"line":462,"column":6},"end":{"line":462,"column":7}},"loc":{"start":{"line":462,"column":11},"end":{"line":462,"column":22}}}},"branchMap":{"0":{"loc":{"start":{"line":257,"column":44},"end":{"line":257,"column":93}},"type":"cond-expr","locations":[{"start":{"line":257,"column":63},"end":{"line":257,"column":71}},{"start":{"line":257,"column":74},"end":{"line":257,"column":93}}]},"1":{"loc":{"start":{"line":265,"column":2},"end":{"line":267,"column":3}},"type":"if","locations":[{"start":{"line":265,"column":2},"end":{"line":267,"column":3}}]},"2":{"loc":{"start":{"line":269,"column":2},"end":{"line":271,"column":3}},"type":"if","locations":[{"start":{"line":269,"column":2},"end":{"line":271,"column":3}}]},"3":{"loc":{"start":{"line":273,"column":2},"end":{"line":286,"column":3}},"type":"if","locations":[{"start":{"line":273,"column":2},"end":{"line":286,"column":3}}]},"4":{"loc":{"start":{"line":273,"column":6},"end":{"line":273,"column":37}},"type":"cond-expr","locations":[{"start":{"line":273,"column":19},"end":{"line":273,"column":21}},{"start":{"line":273,"column":19},"end":{"line":273,"column":37}}]},"5":{"loc":{"start":{"line":273,"column":6},"end":{"line":273,"column":21}},"type":"binary-expr","locations":[{"start":{"line":273,"column":6},"end":{"line":273,"column":21}},{"start":{"line":273,"column":19},"end":{"line":273,"column":21}}]},"6":{"loc":{"start":{"line":289,"column":2},"end":{"line":293,"column":3}},"type":"if","locations":[{"start":{"line":289,"column":2},"end":{"line":293,"column":3}}]},"7":{"loc":{"start":{"line":299,"column":2},"end":{"line":303,"column":3}},"type":"if","locations":[{"start":{"line":299,"column":2},"end":{"line":303,"column":3}}]},"8":{"loc":{"start":{"line":306,"column":9},"end":{"line":306,"column":28}},"type":"cond-expr","locations":[{"start":{"line":306,"column":22},"end":{"line":306,"column":26}},{"start":{"line":306,"column":26},"end":{"line":306,"column":28}}]},"9":{"loc":{"start":{"line":306,"column":9},"end":{"line":306,"column":26}},"type":"binary-expr","locations":[{"start":{"line":306,"column":9},"end":{"line":306,"column":26}},{"start":{"line":306,"column":22},"end":{"line":306,"column":26}}]},"10":{"loc":{"start":{"line":314,"column":10},"end":{"line":314,"column":23}},"type":"cond-expr","locations":[{"start":{"line":314,"column":10},"end":{"line":314,"column":17}},{"start":{"line":314,"column":21},"end":{"line":314,"column":23}}]},"11":{"loc":{"start":{"line":314,"column":10},"end":{"line":314,"column":21}},"type":"binary-expr","locations":[{"start":{"line":314,"column":10},"end":{"line":314,"column":21}},{"start":{"line":314,"column":10},"end":{"line":314,"column":21}}]},"12":{"loc":{"start":{"line":316,"column":12},"end":{"line":316,"column":33}},"type":"cond-expr","locations":[{"start":{"line":316,"column":27},"end":{"line":316,"column":31}},{"start":{"line":316,"column":31},"end":{"line":316,"column":33}}]},"13":{"loc":{"start":{"line":316,"column":12},"end":{"line":316,"column":31}},"type":"binary-expr","locations":[{"start":{"line":316,"column":12},"end":{"line":316,"column":31}},{"start":{"line":316,"column":27},"end":{"line":316,"column":31}}]},"14":{"loc":{"start":{"line":316,"column":12},"end":{"line":316,"column":27}},"type":"cond-expr","locations":[{"start":{"line":316,"column":19},"end":{"line":316,"column":21}},{"start":{"line":316,"column":12},"end":{"line":316,"column":27}}]},"15":{"loc":{"start":{"line":316,"column":12},"end":{"line":316,"column":21}},"type":"binary-expr","locations":[{"start":{"line":316,"column":12},"end":{"line":316,"column":21}},{"start":{"line":316,"column":12},"end":{"line":316,"column":21}}]},"16":{"loc":{"start":{"line":318,"column":14},"end":{"line":318,"column":47}},"type":"cond-expr","locations":[{"start":{"line":318,"column":41},"end":{"line":318,"column":45}},{"start":{"line":318,"column":45},"end":{"line":318,"column":47}}]},"17":{"loc":{"start":{"line":318,"column":14},"end":{"line":318,"column":45}},"type":"binary-expr","locations":[{"start":{"line":318,"column":14},"end":{"line":318,"column":45}},{"start":{"line":318,"column":41},"end":{"line":318,"column":45}}]},"18":{"loc":{"start":{"line":318,"column":14},"end":{"line":318,"column":41}},"type":"cond-expr","locations":[{"start":{"line":318,"column":29},"end":{"line":318,"column":31}},{"start":{"line":318,"column":29},"end":{"line":318,"column":41}}]},"19":{"loc":{"start":{"line":318,"column":14},"end":{"line":318,"column":31}},"type":"binary-expr","locations":[{"start":{"line":318,"column":14},"end":{"line":318,"column":31}},{"start":{"line":318,"column":29},"end":{"line":318,"column":31}}]},"20":{"loc":{"start":{"line":318,"column":14},"end":{"line":318,"column":29}},"type":"cond-expr","locations":[{"start":{"line":318,"column":21},"end":{"line":318,"column":23}},{"start":{"line":318,"column":14},"end":{"line":318,"column":29}}]},"21":{"loc":{"start":{"line":318,"column":14},"end":{"line":318,"column":23}},"type":"binary-expr","locations":[{"start":{"line":318,"column":14},"end":{"line":318,"column":23}},{"start":{"line":318,"column":14},"end":{"line":318,"column":23}}]},"22":{"loc":{"start":{"line":319,"column":29},"end":{"line":319,"column":76}},"type":"binary-expr","locations":[{"start":{"line":319,"column":29},"end":{"line":319,"column":70}},{"start":{"line":319,"column":74},"end":{"line":319,"column":76}}]},"23":{"loc":{"start":{"line":319,"column":29},"end":{"line":319,"column":70}},"type":"cond-expr","locations":[{"start":{"line":319,"column":56},"end":{"line":319,"column":58}},{"start":{"line":319,"column":56},"end":{"line":319,"column":70}}]},"24":{"loc":{"start":{"line":319,"column":29},"end":{"line":319,"column":58}},"type":"binary-expr","locations":[{"start":{"line":319,"column":29},"end":{"line":319,"column":58}},{"start":{"line":319,"column":56},"end":{"line":319,"column":58}}]},"25":{"loc":{"start":{"line":319,"column":29},"end":{"line":319,"column":56}},"type":"cond-expr","locations":[{"start":{"line":319,"column":44},"end":{"line":319,"column":46}},{"start":{"line":319,"column":44},"end":{"line":319,"column":56}}]},"26":{"loc":{"start":{"line":319,"column":29},"end":{"line":319,"column":46}},"type":"binary-expr","locations":[{"start":{"line":319,"column":29},"end":{"line":319,"column":46}},{"start":{"line":319,"column":44},"end":{"line":319,"column":46}}]},"27":{"loc":{"start":{"line":319,"column":29},"end":{"line":319,"column":44}},"type":"cond-expr","locations":[{"start":{"line":319,"column":36},"end":{"line":319,"column":38}},{"start":{"line":319,"column":29},"end":{"line":319,"column":44}}]},"28":{"loc":{"start":{"line":319,"column":29},"end":{"line":319,"column":38}},"type":"binary-expr","locations":[{"start":{"line":319,"column":29},"end":{"line":319,"column":38}},{"start":{"line":319,"column":29},"end":{"line":319,"column":38}}]},"29":{"loc":{"start":{"line":396,"column":53},"end":{"line":396,"column":99}},"type":"cond-expr","locations":[{"start":{"line":396,"column":67},"end":{"line":396,"column":71}},{"start":{"line":396,"column":71},"end":{"line":396,"column":99}}]},"30":{"loc":{"start":{"line":396,"column":53},"end":{"line":396,"column":71}},"type":"binary-expr","locations":[{"start":{"line":396,"column":53},"end":{"line":396,"column":71}},{"start":{"line":396,"column":67},"end":{"line":396,"column":71}}]},"31":{"loc":{"start":{"line":398,"column":4},"end":{"line":402,"column":5}},"type":"if","locations":[{"start":{"line":398,"column":4},"end":{"line":402,"column":5}}]},"32":{"loc":{"start":{"line":407,"column":6},"end":{"line":417,"column":7}},"type":"if","locations":[{"start":{"line":407,"column":6},"end":{"line":417,"column":7}}]},"33":{"loc":{"start":{"line":419,"column":6},"end":{"line":429,"column":7}},"type":"if","locations":[{"start":{"line":419,"column":6},"end":{"line":429,"column":7}}]},"34":{"loc":{"start":{"line":431,"column":6},"end":{"line":441,"column":7}},"type":"if","locations":[{"start":{"line":431,"column":6},"end":{"line":441,"column":7}}]},"35":{"loc":{"start":{"line":444,"column":35},"end":{"line":444,"column":54}},"type":"cond-expr","locations":[{"start":{"line":444,"column":48},"end":{"line":444,"column":52}},{"start":{"line":444,"column":52},"end":{"line":444,"column":54}}]},"36":{"loc":{"start":{"line":444,"column":35},"end":{"line":444,"column":52}},"type":"binary-expr","locations":[{"start":{"line":444,"column":35},"end":{"line":444,"column":52}},{"start":{"line":444,"column":48},"end":{"line":444,"column":52}}]},"37":{"loc":{"start":{"line":445,"column":6},"end":{"line":447,"column":7}},"type":"if","locations":[{"start":{"line":445,"column":6},"end":{"line":447,"column":7}}]},"38":{"loc":{"start":{"line":448,"column":6},"end":{"line":450,"column":7}},"type":"if","locations":[{"start":{"line":448,"column":6},"end":{"line":450,"column":7}}]},"39":{"loc":{"start":{"line":451,"column":6},"end":{"line":453,"column":7}},"type":"if","locations":[{"start":{"line":451,"column":6},"end":{"line":453,"column":7}}]},"40":{"loc":{"start":{"line":464,"column":28},"end":{"line":464,"column":80}},"type":"binary-expr","locations":[{"start":{"line":464,"column":28},"end":{"line":464,"column":45}},{"start":{"line":464,"column":49},"end":{"line":464,"column":80}}]}},"s":{"0":6,"1":6,"2":6,"3":6,"4":6,"5":6,"6":6,"7":19,"8":2,"9":19,"10":1,"11":18,"12":1,"13":17,"14":1,"15":16,"16":16,"17":2,"18":14,"19":14,"20":1,"21":13,"22":4,"23":4,"24":13,"25":13,"26":19,"27":19,"28":1,"29":18,"30":3,"31":3,"32":1,"33":2,"34":1,"35":1,"36":1,"37":18,"38":18,"39":18,"40":180,"41":180,"42":1,"43":179,"44":1,"45":178,"46":1,"47":15,"48":15,"49":15,"50":31,"51":15,"52":15,"53":13},"f":{"0":19,"1":2,"2":4,"3":19,"4":3,"5":31},"b":{"0":[1,1],"1":[1],"2":[1],"3":[1],"4":[12,5],"5":[17,17],"6":[2],"7":[1],"8":[4,9],"9":[13,13],"10":[4,0],"11":[4,4],"12":[0,4],"13":[4,4],"14":[0,4],"15":[4,4],"16":[0,4],"17":[4,4],"18":[4,0],"19":[4,4],"20":[0,4],"21":[4,4],"22":[4,4],"23":[4,0],"24":[4,4],"25":[4,0],"26":[4,4],"27":[0,4],"28":[4,4],"29":[2,17],"30":[19,19],"31":[1],"32":[1],"33":[1],"34":[1],"35":[18,0],"36":[18,18],"37":[1],"38":[1],"39":[1],"40":[15,14]}}
,"/Users/saadahmad/Projects/Arvo/arvo-xstate/src/ArvoMachine/index.ts": {"path":"/Users/saadahmad/Projects/Arvo/arvo-xstate/src/ArvoMachine/index.ts","statementMap":{"0":{"start":{"line":1,"column":0},"end":{"line":1,"column":null}},"1":{"start":{"line":25,"column":0},"end":{"line":25,"column":null}},"2":{"start":{"line":61,"column":20},"end":{"line":61,"column":null}},"3":{"start":{"line":54,"column":20},"end":{"line":54,"column":27}},"4":{"start":{"line":55,"column":20},"end":{"line":55,"column":37}},"5":{"start":{"line":56,"column":20},"end":{"line":56,"column":null}},"6":{"start":{"line":60,"column":20},"end":{"line":60,"column":33}},"7":{"start":{"line":61,"column":20},"end":{"line":61,"column":59}},"8":{"start":{"line":67,"column":2},"end":{"line":69,"column":null}},"9":{"start":{"line":68,"column":4},"end":{"line":68,"column":44}},"10":{"start":{"line":100,"column":2},"end":{"line":196,"column":null}},"11":{"start":{"line":115,"column":67},"end":{"line":115,"column":71}},"12":{"start":{"line":117,"column":4},"end":{"line":135,"column":5}},"13":{"start":{"line":118,"column":6},"end":{"line":118,"column":45}},"14":{"start":{"line":119,"column":6},"end":{"line":119,"column":28}},"15":{"start":{"line":121,"column":6},"end":{"line":133,"column":30}},"16":{"start":{"line":124,"column":26},"end":{"line":129,"column":null}},"17":{"start":{"line":128,"column":26},"end":{"line":128,"column":null}},"18":{"start":{"line":134,"column":6},"end":{"line":134,"column":31}},"19":{"start":{"line":137,"column":4},"end":{"line":145,"column":5}},"20":{"start":{"line":138,"column":6},"end":{"line":141,"column":9}},"21":{"start":{"line":142,"column":6},"end":{"line":144,"column":8}},"22":{"start":{"line":147,"column":4},"end":{"line":150,"column":7}},"23":{"start":{"line":152,"column":23},"end":{"line":152,"column":55}},"24":{"start":{"line":154,"column":4},"end":{"line":180,"column":5}},"25":{"start":{"line":155,"column":6},"end":{"line":158,"column":9}},"26":{"start":{"line":160,"column":6},"end":{"line":163,"column":9}},"27":{"start":{"line":164,"column":6},"end":{"line":171,"column":7}},"28":{"start":{"line":165,"column":8},"end":{"line":170,"column":10}},"29":{"start":{"line":172,"column":6},"end":{"line":179,"column":7}},"30":{"start":{"line":173,"column":8},"end":{"line":178,"column":10}},"31":{"start":{"line":183,"column":6},"end":{"line":185,"column":85}},"32":{"start":{"line":186,"column":18},"end":{"line":186,"column":70}},"33":{"start":{"line":187,"column":4},"end":{"line":192,"column":5}},"34":{"start":{"line":188,"column":6},"end":{"line":191,"column":8}},"35":{"start":{"line":193,"column":4},"end":{"line":195,"column":6}},"36":{"start":{"line":197,"column":0},"end":{"line":197,"column":null}}},"fnMap":{"0":{"name":"(anonymous_1)","decl":{"start":{"line":25,"column":0},"end":{"line":25,"column":null}},"loc":{"start":{"line":25,"column":0},"end":{"line":197,"column":null}}},"1":{"name":"ArvoMachine","decl":{"start":{"line":53,"column":2},"end":{"line":53,"column":null}},"loc":{"start":{"line":61,"column":59},"end":{"line":62,"column":6}}},"2":{"name":"(anonymous_3)","decl":{"start":{"line":67,"column":2},"end":{"line":67,"column":6}},"loc":{"start":{"line":67,"column":2},"end":{"line":69,"column":3}}},"3":{"name":"(anonymous_4)","decl":{"start":{"line":100,"column":2},"end":{"line":100,"column":15}},"loc":{"start":{"line":100,"column":32},"end":{"line":196,"column":3}}},"4":{"name":"(anonymous_5)","decl":{"start":{"line":124,"column":12},"end":{"line":124,"column":13}},"loc":{"start":{"line":124,"column":21},"end":{"line":124,"column":null}}},"5":{"name":"(anonymous_6)","decl":{"start":{"line":128,"column":16},"end":{"line":128,"column":17}},"loc":{"start":{"line":128,"column":21},"end":{"line":128,"column":27}}}},"branchMap":{"0":{"loc":{"start":{"line":61,"column":20},"end":{"line":61,"column":null}},"type":"if","locations":[{"start":{"line":61,"column":20},"end":{"line":61,"column":null}}]},"1":{"loc":{"start":{"line":117,"column":4},"end":{"line":135,"column":5}},"type":"if","locations":[{"start":{"line":117,"column":4},"end":{"line":135,"column":5}},{"start":{"line":120,"column":11},"end":{"line":135,"column":5}}]},"2":{"loc":{"start":{"line":122,"column":8},"end":{"line":133,"column":29}},"type":"cond-expr","locations":[{"start":{"line":133,"column":21},"end":{"line":133,"column":25}},{"start":{"line":133,"column":25},"end":{"line":133,"column":29}}]},"3":{"loc":{"start":{"line":122,"column":8},"end":{"line":133,"column":25}},"type":"binary-expr","locations":[{"start":{"line":122,"column":8},"end":{"line":133,"column":25}},{"start":{"line":133,"column":21},"end":{"line":133,"column":25}}]},"4":{"loc":{"start":{"line":137,"column":4},"end":{"line":145,"column":5}},"type":"if","locations":[{"start":{"line":137,"column":4},"end":{"line":145,"column":5}}]},"5":{"loc":{"start":{"line":154,"column":4},"end":{"line":180,"column":5}},"type":"if","locations":[{"start":{"line":154,"column":4},"end":{"line":180,"column":5}},{"start":{"line":159,"column":11},"end":{"line":180,"column":5}}]},"6":{"loc":{"start":{"line":164,"column":6},"end":{"line":171,"column":7}},"type":"if","locations":[{"start":{"line":164,"column":6},"end":{"line":171,"column":7}}]},"7":{"loc":{"start":{"line":172,"column":6},"end":{"line":179,"column":7}},"type":"if","locations":[{"start":{"line":172,"column":6},"end":{"line":179,"column":7}}]},"8":{"loc":{"start":{"line":172,"column":10},"end":{"line":172,"column":110}},"type":"binary-expr","locations":[{"start":{"line":172,"column":10},"end":{"line":172,"column":59}},{"start":{"line":172,"column":63},"end":{"line":172,"column":110}}]},"9":{"loc":{"start":{"line":183,"column":6},"end":{"line":185,"column":85}},"type":"cond-expr","locations":[{"start":{"line":184,"column":10},"end":{"line":184,"column":41}},{"start":{"line":185,"column":11},"end":{"line":185,"column":84}}]},"10":{"loc":{"start":{"line":185,"column":11},"end":{"line":185,"column":84}},"type":"cond-expr","locations":[{"start":{"line":185,"column":45},"end":{"line":185,"column":49}},{"start":{"line":185,"column":49},"end":{"line":185,"column":84}}]},"11":{"loc":{"start":{"line":185,"column":11},"end":{"line":185,"column":49}},"type":"binary-expr","locations":[{"start":{"line":185,"column":11},"end":{"line":185,"column":49}},{"start":{"line":185,"column":45},"end":{"line":185,"column":49}}]},"12":{"loc":{"start":{"line":186,"column":18},"end":{"line":186,"column":70}},"type":"cond-expr","locations":[{"start":{"line":186,"column":62},"end":{"line":186,"column":66}},{"start":{"line":186,"column":66},"end":{"line":186,"column":70}}]},"13":{"loc":{"start":{"line":186,"column":18},"end":{"line":186,"column":66}},"type":"binary-expr","locations":[{"start":{"line":186,"column":18},"end":{"line":186,"column":66}},{"start":{"line":186,"column":62},"end":{"line":186,"column":66}}]},"14":{"loc":{"start":{"line":187,"column":4},"end":{"line":192,"column":5}},"type":"if","locations":[{"start":{"line":187,"column":4},"end":{"line":192,"column":5}}]}},"s":{"0":6,"1":6,"2":15,"3":15,"4":15,"5":15,"6":15,"7":15,"8":6,"9":507,"10":6,"11":51,"12":51,"13":23,"14":23,"15":28,"16":75,"17":151,"18":28,"19":51,"20":3,"21":3,"22":48,"23":48,"24":48,"25":1,"26":47,"27":47,"28":1,"29":46,"30":2,"31":45,"32":45,"33":45,"34":2,"35":43,"36":6},"f":{"0":6,"1":15,"2":507,"3":51,"4":75,"5":151},"b":{"0":[0],"1":[23,28],"2":[25,3],"3":[28,28],"4":[3],"5":[1,47],"6":[1],"7":[2],"8":[46,46],"9":[21,24],"10":[24,0],"11":[24,24],"12":[2,43],"13":[45,45],"14":[2]}}
,"/Users/saadahmad/Projects/Arvo/arvo-xstate/src/ArvoMachine/utils.ts": {"path":"/Users/saadahmad/Projects/Arvo/arvo-xstate/src/ArvoMachine/utils.ts","statementMap":{"0":{"start":{"line":25,"column":36},"end":{"line":39,"column":1}},"1":{"start":{"line":26,"column":2},"end":{"line":28,"column":3}},"2":{"start":{"line":27,"column":4},"end":{"line":27,"column":17}},"3":{"start":{"line":29,"column":38},"end":{"line":29,"column":46}},"4":{"start":{"line":30,"column":2},"end":{"line":37,"column":3}},"5":{"start":{"line":31,"column":26},"end":{"line":31,"column":37}},"6":{"start":{"line":32,"column":4},"end":{"line":32,"column":41}},"7":{"start":{"line":32,"column":32},"end":{"line":32,"column":41}},"8":{"start":{"line":33,"column":4},"end":{"line":33,"column":55}},"9":{"start":{"line":33,"column":43},"end":{"line":33,"column":55}},"10":{"start":{"line":34,"column":4},"end":{"line":36,"column":5}},"11":{"start":{"line":34,"column":24},"end":{"line":34,"column":30}},"12":{"start":{"line":34,"column":24},"end":{"line":34,"column":59}},"13":{"start":{"line":34,"column":20},"end":{"line":34,"column":24}},"14":{"start":{"line":35,"column":6},"end":{"line":35,"column":24}},"15":{"start":{"line":38,"column":2},"end":{"line":38,"column":15}},"16":{"start":{"line":25,"column":13},"end":{"line":25,"column":36}},"17":{"start":{"line":50,"column":41},"end":{"line":75,"column":1}},"18":{"start":{"line":61,"column":46},"end":{"line":61,"column":48}},"19":{"start":{"line":62,"column":2},"end":{"line":71,"column":3}},"20":{"start":{"line":62,"column":32},"end":{"line":62,"column":38}},"21":{"start":{"line":62,"column":32},"end":{"line":62,"column":57}},"22":{"start":{"line":62,"column":13},"end":{"line":62,"column":14}},"23":{"start":{"line":62,"column":17},"end":{"line":62,"column":19}},"24":{"start":{"line":62,"column":27},"end":{"line":62,"column":28}},"25":{"start":{"line":63,"column":4},"end":{"line":69,"column":5}},"26":{"start":{"line":64,"column":6},"end":{"line":68,"column":8}},"27":{"start":{"line":70,"column":4},"end":{"line":70,"column":36}},"28":{"start":{"line":72,"column":2},"end":{"line":74,"column":4}},"29":{"start":{"line":50,"column":13},"end":{"line":50,"column":41}}},"fnMap":{"0":{"name":"(anonymous_0)","decl":{"start":{"line":25,"column":36},"end":{"line":25,"column":37}},"loc":{"start":{"line":25,"column":114},"end":{"line":39,"column":1}}},"1":{"name":"(anonymous_1)","decl":{"start":{"line":50,"column":41},"end":{"line":50,"column":null}},"loc":{"start":{"line":51,"column":75},"end":{"line":75,"column":1}}}},"branchMap":{"0":{"loc":{"start":{"line":26,"column":2},"end":{"line":28,"column":3}},"type":"if","locations":[{"start":{"line":26,"column":2},"end":{"line":28,"column":3}}]},"1":{"loc":{"start":{"line":26,"column":7},"end":{"line":26,"column":21}},"type":"cond-expr","locations":[{"start":{"line":26,"column":13},"end":{"line":26,"column":15}},{"start":{"line":26,"column":7},"end":{"line":26,"column":21}}]},"2":{"loc":{"start":{"line":26,"column":7},"end":{"line":26,"column":15}},"type":"binary-expr","locations":[{"start":{"line":26,"column":7},"end":{"line":26,"column":15}},{"start":{"line":26,"column":7},"end":{"line":26,"column":15}}]},"3":{"loc":{"start":{"line":32,"column":4},"end":{"line":32,"column":41}},"type":"if","locations":[{"start":{"line":32,"column":4},"end":{"line":32,"column":41}}]},"4":{"loc":{"start":{"line":32,"column":9},"end":{"line":32,"column":30}},"type":"cond-expr","locations":[{"start":{"line":32,"column":22},"end":{"line":32,"column":24}},{"start":{"line":32,"column":9},"end":{"line":32,"column":30}}]},"5":{"loc":{"start":{"line":32,"column":9},"end":{"line":32,"column":24}},"type":"binary-expr","locations":[{"start":{"line":32,"column":9},"end":{"line":32,"column":24}},{"start":{"line":32,"column":9},"end":{"line":32,"column":24}}]},"6":{"loc":{"start":{"line":33,"column":4},"end":{"line":33,"column":55}},"type":"if","locations":[{"start":{"line":33,"column":4},"end":{"line":33,"column":55}}]},"7":{"loc":{"start":{"line":63,"column":4},"end":{"line":69,"column":5}},"type":"if","locations":[{"start":{"line":63,"column":4},"end":{"line":69,"column":5}}]}},"s":{"0":6,"1":15,"2":0,"3":15,"4":15,"5":65,"6":65,"7":49,"8":16,"9":1,"10":15,"11":15,"12":15,"13":51,"14":51,"15":14,"16":6,"17":6,"18":30,"19":30,"20":30,"21":30,"22":76,"23":76,"24":76,"25":76,"26":3,"27":73,"28":27,"29":6},"f":{"0":15,"1":30},"b":{"0":[0],"1":[0,15],"2":[15,15],"3":[49],"4":[0,65],"5":[65,65],"6":[1],"7":[3]}}
,"/Users/saadahmad/Projects/Arvo/arvo-xstate/src/ArvoOrchestrator/error.ts": {"path":"/Users/saadahmad/Projects/Arvo/arvo-xstate/src/ArvoOrchestrator/error.ts","statementMap":{"0":{"start":{"line":1,"column":0},"end":{"line":1,"column":59}},"1":{"start":{"line":3,"column":0},"end":{"line":3,"column":null}},"2":{"start":{"line":4,"column":2},"end":{"line":4,"column":null}},"3":{"start":{"line":5,"column":2},"end":{"line":5,"column":null}},"4":{"start":{"line":6,"column":2},"end":{"line":6,"column":null}},"5":{"start":{"line":7,"column":2},"end":{"line":7,"column":null}},"6":{"start":{"line":8,"column":2},"end":{"line":8,"column":null}},"7":{"start":{"line":11,"column":0},"end":{"line":11,"column":83}},"8":{"start":{"line":11,"column":42},"end":{"line":11,"column":56}},"9":{"start":{"line":19,"column":4},"end":{"line":25,"column":7}},"10":{"start":{"line":26,"column":4},"end":{"line":26,"column":29}},"11":{"start":{"line":28,"column":0},"end":{"line":28,"column":null}},"12":{"start":{"line":11,"column":13},"end":{"line":11,"column":33}}},"fnMap":{"0":{"name":"(anonymous_6)","decl":{"start":{"line":3,"column":0},"end":{"line":3,"column":12}},"loc":{"start":{"line":3,"column":37},"end":{"line":9,"column":1}}},"1":{"name":"(anonymous_7)","decl":{"start":{"line":11,"column":0},"end":{"line":11,"column":13}},"loc":{"start":{"line":11,"column":0},"end":{"line":28,"column":null}}},"2":{"name":"TransactionViolation","decl":{"start":{"line":14,"column":2},"end":{"line":14,"column":14}},"loc":{"start":{"line":18,"column":3},"end":{"line":27,"column":3}}}},"branchMap":{"0":{"loc":{"start":{"line":3,"column":12},"end":{"line":3,"column":null}},"type":"binary-expr","locations":[{"start":{"line":3,"column":12},"end":{"line":3,"column":37}},{"start":{"line":3,"column":37},"end":{"line":3,"column":null}}]},"1":{"loc":{"start":{"line":19,"column":4},"end":{"line":25,"column":7}},"type":"binary-expr","locations":[{"start":{"line":19,"column":4},"end":{"line":25,"column":6}},{"start":{"line":25,"column":6},"end":{"line":25,"column":7}}]}},"s":{"0":6,"1":6,"2":6,"3":6,"4":6,"5":6,"6":6,"7":6,"8":6,"9":4,"10":4,"11":6,"12":6},"f":{"0":6,"1":6,"2":4},"b":{"0":[6,6],"1":[4,0]}}
,"/Users/saadahmad/Projects/Arvo/arvo-xstate/src/ArvoOrchestrator/factory.ts": {"path":"/Users/saadahmad/Projects/Arvo/arvo-xstate/src/ArvoOrchestrator/factory.ts","statementMap":{"0":{"start":{"line":1,"column":0},"end":{"line":1,"column":37}},"1":{"start":{"line":2,"column":0},"end":{"line":2,"column":67}},"2":{"start":{"line":3,"column":0},"end":{"line":3,"column":53}},"3":{"start":{"line":31,"column":38},"end":{"line":50,"column":1}},"4":{"start":{"line":32,"column":16},"end":{"line":32,"column":null}},"5":{"start":{"line":33,"column":8},"end":{"line":33,"column":null}},"6":{"start":{"line":34,"column":10},"end":{"line":34,"column":null}},"7":{"start":{"line":36,"column":2},"end":{"line":38,"column":3}},"8":{"start":{"line":37,"column":4},"end":{"line":37,"column":61}},"9":{"start":{"line":40,"column":16},"end":{"line":40,"column":51}},"10":{"start":{"line":41,"column":34},"end":{"line":41,"column":93}},"11":{"start":{"line":41,"column":61},"end":{"line":41,"column":93}},"12":{"start":{"line":43,"column":2},"end":{"line":49,"column":5}},"13":{"start":{"line":31,"column":13},"end":{"line":31,"column":38}}},"fnMap":{"0":{"name":"(anonymous_1)","decl":{"start":{"line":31,"column":38},"end":{"line":31,"column":39}},"loc":{"start":{"line":35,"column":26},"end":{"line":50,"column":1}}},"1":{"name":"(anonymous_2)","decl":{"start":{"line":41,"column":48},"end":{"line":41,"column":49}},"loc":{"start":{"line":41,"column":56},"end":{"line":41,"column":68}}}},"branchMap":{"0":{"loc":{"start":{"line":36,"column":2},"end":{"line":38,"column":3}},"type":"if","locations":[{"start":{"line":36,"column":2},"end":{"line":38,"column":3}}]},"1":{"loc":{"start":{"line":36,"column":7},"end":{"line":36,"column":23}},"type":"cond-expr","locations":[{"start":{"line":36,"column":15},"end":{"line":36,"column":17}},{"start":{"line":36,"column":7},"end":{"line":36,"column":23}}]},"2":{"loc":{"start":{"line":36,"column":7},"end":{"line":36,"column":17}},"type":"binary-expr","locations":[{"start":{"line":36,"column":7},"end":{"line":36,"column":17}},{"start":{"line":36,"column":7},"end":{"line":36,"column":17}}]}},"s":{"0":6,"1":6,"2":6,"3":6,"4":10,"5":10,"6":10,"7":10,"8":0,"9":10,"10":10,"11":12,"12":10,"13":6},"f":{"0":10,"1":12},"b":{"0":[0],"1":[0,10],"2":[10,10]}}
,"/Users/saadahmad/Projects/Arvo/arvo-xstate/src/ArvoOrchestrator/index.ts": {"path":"/Users/saadahmad/Projects/Arvo/arvo-xstate/src/ArvoOrchestrator/index.ts","statementMap":{"0":{"start":{"line":1,"column":0},"end":{"line":1,"column":71}},"1":{"start":{"line":2,"column":0},"end":{"line":2,"column":null}},"2":{"start":{"line":27,"column":0},"end":{"line":27,"column":null}},"3":{"start":{"line":41,"column":0},"end":{"line":41,"column":35}},"4":{"start":{"line":42,"column":0},"end":{"line":42,"column":74}},"5":{"start":{"line":44,"column":0},"end":{"line":44,"column":57}},"6":{"start":{"line":51,"column":0},"end":{"line":51,"column":null}},"7":{"start":{"line":51,"column":38},"end":{"line":51,"column":62}},"8":{"start":{"line":74,"column":30},"end":{"line":74,"column":32}},"9":{"start":{"line":74,"column":38},"end":{"line":74,"column":40}},"10":{"start":{"line":74,"column":48},"end":{"line":74,"column":50}},"11":{"start":{"line":74,"column":65},"end":{"line":74,"column":67}},"12":{"start":{"line":74,"column":90},"end":{"line":74,"column":111}},"13":{"start":{"line":75,"column":4},"end":{"line":75,"column":12}},"14":{"start":{"line":76,"column":4},"end":{"line":76,"column":41}},"15":{"start":{"line":77,"column":34},"end":{"line":77,"column":54}},"16":{"start":{"line":78,"column":52},"end":{"line":78,"column":54}},"17":{"start":{"line":79,"column":4},"end":{"line":89,"column":5}},"18":{"start":{"line":79,"column":26},"end":{"line":79,"column":34}},"19":{"start":{"line":79,"column":26},"end":{"line":79,"column":43}},"20":{"start":{"line":79,"column":22},"end":{"line":79,"column":26}},"21":{"start":{"line":80,"column":6},"end":{"line":82,"column":7}},"22":{"start":{"line":81,"column":8},"end":{"line":81,"column":113}},"23":{"start":{"line":83,"column":6},"end":{"line":87,"column":7}},"24":{"start":{"line":84,"column":8},"end":{"line":86,"column":10}},"25":{"start":{"line":88,"column":6},"end":{"line":88,"column":45}},"26":{"start":{"line":90,"column":4},"end":{"line":90,"column":29}},"27":{"start":{"line":91,"column":4},"end":{"line":91,"column":43}},"28":{"start":{"line":92,"column":4},"end":{"line":92,"column":84}},"29":{"start":{"line":57,"column":2},"end":{"line":59,"column":null}},"30":{"start":{"line":58,"column":4},"end":{"line":58,"column":44}},"31":{"start":{"line":61,"column":2},"end":{"line":63,"column":null}},"32":{"start":{"line":62,"column":4},"end":{"line":62,"column":58}},"33":{"start":{"line":65,"column":2},"end":{"line":67,"column":null}},"34":{"start":{"line":66,"column":4},"end":{"line":66,"column":41}},"35":{"start":{"line":107,"column":12},"end":{"line":238,"column":null}},"36":{"start":{"line":115,"column":4},"end":{"line":118,"column":7}},"37":{"start":{"line":120,"column":95},"end":{"line":120,"column":117}},"38":{"start":{"line":124,"column":8},"end":{"line":127,"column":null}},"39":{"start":{"line":126,"column":18},"end":{"line":126,"column":null}},"40":{"start":{"line":129,"column":38},"end":{"line":129,"column":42}},"41":{"start":{"line":130,"column":59},"end":{"line":130,"column":63}},"42":{"start":{"line":131,"column":26},"end":{"line":131,"column":45}},"43":{"start":{"line":132,"column":27},"end":{"line":132,"column":41}},"44":{"start":{"line":133,"column":4},"end":{"line":193,"column":5}},"45":{"start":{"line":134,"column":6},"end":{"line":137,"column":9}},"46":{"start":{"line":138,"column":6},"end":{"line":138,"column":30}},"47":{"start":{"line":139,"column":6},"end":{"line":139,"column":75}},"48":{"start":{"line":140,"column":6},"end":{"line":140,"column":66}},"49":{"start":{"line":141,"column":6},"end":{"line":141,"column":29}},"50":{"start":{"line":142,"column":11},"end":{"line":193,"column":5}},"51":{"start":{"line":143,"column":6},"end":{"line":146,"column":9}},"52":{"start":{"line":147,"column":6},"end":{"line":147,"column":45}},"53":{"start":{"line":148,"column":6},"end":{"line":148,"column":58}},"54":{"start":{"line":153,"column":6},"end":{"line":192,"column":7}},"55":{"start":{"line":154,"column":8},"end":{"line":162,"column":9}},"56":{"start":{"line":155,"column":10},"end":{"line":161,"column":11}},"57":{"start":{"line":156,"column":12},"end":{"line":156,"column":71}},"58":{"start":{"line":158,"column":12},"end":{"line":160,"column":14}},"59":{"start":{"line":164,"column":8},"end":{"line":191,"column":9}},"60":{"start":{"line":165,"column":10},"end":{"line":183,"column":11}},"61":{"start":{"line":166,"column":12},"end":{"line":173,"column":15}},"62":{"start":{"line":175,"column":12},"end":{"line":182,"column":15}},"63":{"start":{"line":188,"column":10},"end":{"line":190,"column":12}},"64":{"start":{"line":195,"column":46},"end":{"line":195,"column":62}},"65":{"start":{"line":196,"column":25},"end":{"line":196,"column":35}},"66":{"start":{"line":201,"column":4},"end":{"line":210,"column":5}},"67":{"start":{"line":202,"column":6},"end":{"line":209,"column":7}},"68":{"start":{"line":203,"column":8},"end":{"line":203,"column":45}},"69":{"start":{"line":204,"column":8},"end":{"line":204,"column":63}},"70":{"start":{"line":206,"column":8},"end":{"line":208,"column":10}},"71":{"start":{"line":213,"column":27},"end":{"line":229,"column":null}},"72":{"start":{"line":232,"column":4},"end":{"line":235,"column":7}},"73":{"start":{"line":237,"column":4},"end":{"line":237,"column":26}},"74":{"start":{"line":258,"column":8},"end":{"line":660,"column":null}},"75":{"start":{"line":260,"column":4},"end":{"line":262,"column":null}},"76":{"start":{"line":270,"column":11},"end":{"line":659,"column":7}},"77":{"start":{"line":278,"column":58},"end":{"line":278,"column":60}},"78":{"start":{"line":278,"column":65},"end":{"line":278,"column":66}},"79":{"start":{"line":278,"column":71},"end":{"line":278,"column":102}},"80":{"start":{"line":296,"column":21},"end":{"line":658,"column":null}},"81":{"start":{"line":297,"column":8},"end":{"line":300,"column":11}},"82":{"start":{"line":301,"column":14},"end":{"line":301,"column":58}},"83":{"start":{"line":302,"column":12},"end":{"line":302,"column":61}},"84":{"start":{"line":303,"column":12},"end":{"line":303,"column":46}},"85":{"start":{"line":304,"column":12},"end":{"line":304,"column":63}},"86":{"start":{"line":309,"column":10},"end":{"line":309,"column":67}},"87":{"start":{"line":310,"column":16},"end":{"line":310,"column":83}},"88":{"start":{"line":311,"column":10},"end":{"line":314,"column":13}},"89":{"start":{"line":317,"column":10},"end":{"line":334,"column":11}},"90":{"start":{"line":318,"column":12},"end":{"line":321,"column":15}},"91":{"start":{"line":323,"column":12},"end":{"line":326,"column":15}},"92":{"start":{"line":327,"column":12},"end":{"line":333,"column":14}},"93":{"start":{"line":336,"column":10},"end":{"line":339,"column":13}},"94":{"start":{"line":341,"column":16},"end":{"line":343,"column":13}},"95":{"start":{"line":346,"column":10},"end":{"line":351,"column":11}},"96":{"start":{"line":347,"column":18},"end":{"line":347,"column":38}},"97":{"start":{"line":348,"column":12},"end":{"line":350,"column":14}},"98":{"start":{"line":353,"column":10},"end":{"line":356,"column":13}},"99":{"start":{"line":363,"column":16},"end":{"line":363,"column":63}},"100":{"start":{"line":365,"column":10},"end":{"line":372,"column":11}},"101":{"start":{"line":369,"column":12},"end":{"line":371,"column":14}},"102":{"start":{"line":374,"column":10},"end":{"line":383,"column":11}},"103":{"start":{"line":380,"column":12},"end":{"line":382,"column":14}},"104":{"start":{"line":388,"column":25},"end":{"line":388,"column":79}},"105":{"start":{"line":388,"column":10},"end":{"line":388,"column":79}},"106":{"start":{"line":389,"column":10},"end":{"line":395,"column":11}},"107":{"start":{"line":390,"column":12},"end":{"line":394,"column":15}},"108":{"start":{"line":397,"column":10},"end":{"line":402,"column":11}},"109":{"start":{"line":398,"column":12},"end":{"line":401,"column":15}},"110":{"start":{"line":405,"column":24},"end":{"line":405,"column":null}},"111":{"start":{"line":405,"column":16},"end":{"line":405,"column":null}},"112":{"start":{"line":406,"column":10},"end":{"line":406,"column":68}},"113":{"start":{"line":407,"column":10},"end":{"line":407,"column":55}},"114":{"start":{"line":409,"column":10},"end":{"line":434,"column":11}},"115":{"start":{"line":410,"column":12},"end":{"line":413,"column":15}},"116":{"start":{"line":415,"column":12},"end":{"line":428,"column":13}},"117":{"start":{"line":416,"column":14},"end":{"line":419,"column":17}},"118":{"start":{"line":421,"column":14},"end":{"line":427,"column":16}},"119":{"start":{"line":430,"column":12},"end":{"line":433,"column":15}},"120":{"start":{"line":439,"column":10},"end":{"line":441,"column":11}},"121":{"start":{"line":440,"column":12},"end":{"line":440,"column":78}},"122":{"start":{"line":446,"column":16},"end":{"line":453,"column":12}},"123":{"start":{"line":455,"column":10},"end":{"line":455,"column":87}},"124":{"start":{"line":457,"column":16},"end":{"line":457,"column":65}},"125":{"start":{"line":463,"column":10},"end":{"line":470,"column":11}},"126":{"start":{"line":464,"column":12},"end":{"line":469,"column":15}},"127":{"start":{"line":478,"column":16},"end":{"line":478,"column":65}},"128":{"start":{"line":479,"column":16},"end":{"line":479,"column":45}},"129":{"start":{"line":480,"column":16},"end":{"line":480,"column":66}},"130":{"start":{"line":482,"column":10},"end":{"line":500,"column":11}},"131":{"start":{"line":482,"column":21},"end":{"line":482,"column":29}},"132":{"start":{"line":483,"column":18},"end":{"line":483,"column":56}},"133":{"start":{"line":484,"column":18},"end":{"line":491,"column":14}},"134":{"start":{"line":492,"column":12},"end":{"line":492,"column":49}},"135":{"start":{"line":493,"column":12},"end":{"line":493,"column":33}},"136":{"start":{"line":494,"column":12},"end":{"line":499,"column":13}},"137":{"start":{"line":494,"column":23},"end":{"line":494,"column":30}},"138":{"start":{"line":495,"column":14},"end":{"line":497,"column":15}},"139":{"start":{"line":496,"column":16},"end":{"line":496,"column":41}},"140":{"start":{"line":498,"column":14},"end":{"line":498,"column":44}},"141":{"start":{"line":502,"column":10},"end":{"line":510,"column":13}},"142":{"start":{"line":504,"column":12},"end":{"line":506,"column":15}},"143":{"start":{"line":504,"column":61},"end":{"line":504,"column":63}},"144":{"start":{"line":504,"column":68},"end":{"line":504,"column":69}},"145":{"start":{"line":505,"column":14},"end":{"line":505,"column":66}},"146":{"start":{"line":507,"column":12},"end":{"line":509,"column":15}},"147":{"start":{"line":508,"column":14},"end":{"line":508,"column":77}},"148":{"start":{"line":512,"column":10},"end":{"line":515,"column":13}},"149":{"start":{"line":517,"column":16},"end":{"line":524,"column":12}},"150":{"start":{"line":527,"column":10},"end":{"line":560,"column":12}},"151":{"start":{"line":539,"column":100},"end":{"line":539,"column":102}},"152":{"start":{"line":540,"column":18},"end":{"line":552,"column":19}},"153":{"start":{"line":540,"column":49},"end":{"line":540,"column":55}},"154":{"start":{"line":540,"column":49},"end":{"line":540,"column":79}},"155":{"start":{"line":540,"column":29},"end":{"line":540,"column":30}},"156":{"start":{"line":540,"column":36},"end":{"line":540,"column":38}},"157":{"start":{"line":540,"column":44},"end":{"line":540,"column":45}},"158":{"start":{"line":541,"column":20},"end":{"line":551,"column":21}},"159":{"start":{"line":541,"column":38},"end":{"line":541,"column":44}},"160":{"start":{"line":541,"column":34},"end":{"line":541,"column":38}},"161":{"start":{"line":542,"column":22},"end":{"line":550,"column":23}},"162":{"start":{"line":543,"column":24},"end":{"line":543,"column":60}},"163":{"start":{"line":546,"column":24},"end":{"line":549,"column":26}},"164":{"start":{"line":553,"column":18},"end":{"line":553,"column":32}},"165":{"start":{"line":562,"column":10},"end":{"line":565,"column":13}},"166":{"start":{"line":567,"column":10},"end":{"line":570,"column":13}},"167":{"start":{"line":572,"column":10},"end":{"line":572,"column":32}},"168":{"start":{"line":579,"column":16},"end":{"line":583,"column":16}},"169":{"start":{"line":584,"column":10},"end":{"line":584,"column":29}},"170":{"start":{"line":585,"column":10},"end":{"line":588,"column":13}},"171":{"start":{"line":593,"column":10},"end":{"line":599,"column":11}},"172":{"start":{"line":594,"column":12},"end":{"line":597,"column":15}},"173":{"start":{"line":598,"column":12},"end":{"line":598,"column":20}},"174":{"start":{"line":601,"column":10},"end":{"line":604,"column":13}},"175":{"start":{"line":611,"column":14},"end":{"line":611,"column":80}},"176":{"start":{"line":612,"column":10},"end":{"line":619,"column":11}},"177":{"start":{"line":613,"column":12},"end":{"line":613,"column":79}},"178":{"start":{"line":615,"column":12},"end":{"line":618,"column":15}},"179":{"start":{"line":621,"column":16},"end":{"line":641,"column":13}},"180":{"start":{"line":643,"column":10},"end":{"line":645,"column":13}},"181":{"start":{"line":643,"column":65},"end":{"line":643,"column":67}},"182":{"start":{"line":643,"column":72},"end":{"line":643,"column":73}},"183":{"start":{"line":644,"column":12},"end":{"line":644,"column":57}},"184":{"start":{"line":646,"column":10},"end":{"line":653,"column":12}},"185":{"start":{"line":655,"column":10},"end":{"line":655,"column":78}},"186":{"start":{"line":656,"column":10},"end":{"line":656,"column":21}},"187":{"start":{"line":270,"column":4},"end":{"line":659,"column":7}},"188":{"start":{"line":665,"column":2},"end":{"line":670,"column":null}},"189":{"start":{"line":666,"column":4},"end":{"line":669,"column":6}},"190":{"start":{"line":671,"column":0},"end":{"line":671,"column":null}},"191":{"start":{"line":51,"column":13},"end":{"line":51,"column":29}}},"fnMap":{"0":{"name":"(anonymous_21)","decl":{"start":{"line":51,"column":0},"end":{"line":51,"column":13}},"loc":{"start":{"line":51,"column":0},"end":{"line":671,"column":null}}},"1":{"name":"ArvoOrchestrator","decl":{"start":{"line":74,"column":2},"end":{"line":74,"column":14}},"loc":{"start":{"line":74,"column":111},"end":{"line":93,"column":3}}},"2":{"name":"(anonymous_23)","decl":{"start":{"line":57,"column":2},"end":{"line":57,"column":6}},"loc":{"start":{"line":57,"column":2},"end":{"line":59,"column":3}}},"3":{"name":"(anonymous_24)","decl":{"start":{"line":61,"column":2},"end":{"line":61,"column":6}},"loc":{"start":{"line":61,"column":2},"end":{"line":63,"column":3}}},"4":{"name":"(anonymous_25)","decl":{"start":{"line":65,"column":2},"end":{"line":65,"column":6}},"loc":{"start":{"line":65,"column":2},"end":{"line":67,"column":3}}},"5":{"name":"(anonymous_26)","decl":{"start":{"line":107,"column":2},"end":{"line":107,"column":12}},"loc":{"start":{"line":113,"column":23},"end":{"line":238,"column":3}}},"6":{"name":"(anonymous_27)","decl":{"start":{"line":126,"column":8},"end":{"line":126,"column":9}},"loc":{"start":{"line":126,"column":13},"end":{"line":126,"column":19}}},"7":{"name":"(anonymous_28)","decl":{"start":{"line":258,"column":2},"end":{"line":258,"column":8}},"loc":{"start":{"line":258,"column":2},"end":{"line":660,"column":null}}},"8":{"name":"(anonymous_31)","decl":{"start":{"line":278,"column":53},"end":{"line":278,"column":54}},"loc":{"start":{"line":278,"column":66},"end":{"line":278,"column":72}}},"9":{"name":"(anonymous_32)","decl":{"start":{"line":296,"column":10},"end":{"line":296,"column":17}},"loc":{"start":{"line":296,"column":21},"end":{"line":658,"column":null}}},"10":{"name":"(anonymous_33)","decl":{"start":{"line":296,"column":21},"end":{"line":296,"column":null}},"loc":{"start":{"line":296,"column":21},"end":{"line":658,"column":null}}},"11":{"name":"(anonymous_35)","decl":{"start":{"line":502,"column":29},"end":{"line":502,"column":30}},"loc":{"start":{"line":502,"column":41},"end":{"line":510,"column":11}}},"12":{"name":"(anonymous_36)","decl":{"start":{"line":504,"column":56},"end":{"line":504,"column":57}},"loc":{"start":{"line":504,"column":69},"end":{"line":506,"column":13}}},"13":{"name":"(anonymous_37)","decl":{"start":{"line":507,"column":48},"end":{"line":507,"column":49}},"loc":{"start":{"line":507,"column":62},"end":{"line":509,"column":13}}},"14":{"name":"(anonymous_38)","decl":{"start":{"line":538,"column":27},"end":{"line":538,"column":null}},"loc":{"start":{"line":538,"column":27},"end":{"line":554,"column":17}}},"15":{"name":"(anonymous_39)","decl":{"start":{"line":643,"column":60},"end":{"line":643,"column":61}},"loc":{"start":{"line":643,"column":73},"end":{"line":645,"column":11}}},"16":{"name":"(anonymous_40)","decl":{"start":{"line":665,"column":2},"end":{"line":665,"column":6}},"loc":{"start":{"line":665,"column":2},"end":{"line":670,"column":3}}}},"branchMap":{"0":{"loc":{"start":{"line":75,"column":4},"end":{"line":75,"column":12}},"type":"binary-expr","locations":[{"start":{"line":75,"column":4},"end":{"line":75,"column":11}},{"start":{"line":75,"column":11},"end":{"line":75,"column":12}}]},"1":{"loc":{"start":{"line":80,"column":6},"end":{"line":82,"column":7}},"type":"if","locations":[{"start":{"line":80,"column":6},"end":{"line":82,"column":7}}]},"2":{"loc":{"start":{"line":83,"column":6},"end":{"line":87,"column":7}},"type":"if","locations":[{"start":{"line":83,"column":6},"end":{"line":87,"column":7}}]},"3":{"loc":{"start":{"line":133,"column":4},"end":{"line":193,"column":5}},"type":"if","locations":[{"start":{"line":133,"column":4},"end":{"line":193,"column":5}},{"start":{"line":142,"column":11},"end":{"line":193,"column":5}}]},"4":{"loc":{"start":{"line":140,"column":16},"end":{"line":140,"column":65}},"type":"cond-expr","locations":[{"start":{"line":140,"column":16},"end":{"line":140,"column":42}},{"start":{"line":140,"column":46},"end":{"line":140,"column":65}}]},"5":{"loc":{"start":{"line":140,"column":16},"end":{"line":140,"column":46}},"type":"binary-expr","locations":[{"start":{"line":140,"column":16},"end":{"line":140,"column":46}},{"start":{"line":140,"column":16},"end":{"line":140,"column":46}}]},"6":{"loc":{"start":{"line":142,"column":11},"end":{"line":193,"column":5}},"type":"if","locations":[{"start":{"line":142,"column":11},"end":{"line":193,"column":5}}]},"7":{"loc":{"start":{"line":153,"column":6},"end":{"line":192,"column":7}},"type":"if","locations":[{"start":{"line":153,"column":6},"end":{"line":192,"column":7}}]},"8":{"loc":{"start":{"line":154,"column":8},"end":{"line":162,"column":9}},"type":"if","locations":[{"start":{"line":154,"column":8},"end":{"line":162,"column":9}}]},"9":{"loc":{"start":{"line":159,"column":82},"end":{"line":159,"column":138}},"type":"cond-expr","locations":[{"start":{"line":159,"column":98},"end":{"line":159,"column":102}},{"start":{"line":159,"column":102},"end":{"line":159,"column":138}}]},"10":{"loc":{"start":{"line":159,"column":82},"end":{"line":159,"column":102}},"type":"binary-expr","locations":[{"start":{"line":159,"column":82},"end":{"line":159,"column":102}},{"start":{"line":159,"column":98},"end":{"line":159,"column":102}}]},"11":{"loc":{"start":{"line":165,"column":10},"end":{"line":183,"column":11}},"type":"if","locations":[{"start":{"line":165,"column":10},"end":{"line":183,"column":11}},{"start":{"line":174,"column":17},"end":{"line":183,"column":11}}]},"12":{"loc":{"start":{"line":171,"column":28},"end":{"line":171,"column":59}},"type":"cond-expr","locations":[{"start":{"line":171,"column":44},"end":{"line":171,"column":48}},{"start":{"line":171,"column":48},"end":{"line":171,"column":59}}]},"13":{"loc":{"start":{"line":171,"column":28},"end":{"line":171,"column":48}},"type":"binary-expr","locations":[{"start":{"line":171,"column":28},"end":{"line":171,"column":48}},{"start":{"line":171,"column":44},"end":{"line":171,"column":48}}]},"14":{"loc":{"start":{"line":180,"column":28},"end":{"line":180,"column":59}},"type":"cond-expr","locations":[{"start":{"line":180,"column":44},"end":{"line":180,"column":48}},{"start":{"line":180,"column":48},"end":{"line":180,"column":59}}]},"15":{"loc":{"start":{"line":180,"column":28},"end":{"line":180,"column":48}},"type":"binary-expr","locations":[{"start":{"line":180,"column":28},"end":{"line":180,"column":48}},{"start":{"line":180,"column":44},"end":{"line":180,"column":48}}]},"16":{"loc":{"start":{"line":189,"column":160},"end":{"line":189,"column":184}},"type":"cond-expr","locations":[{"start":{"line":189,"column":165},"end":{"line":189,"column":175}},{"start":{"line":189,"column":160},"end":{"line":189,"column":184}}]},"17":{"loc":{"start":{"line":189,"column":160},"end":{"line":189,"column":175}},"type":"binary-expr","locations":[{"start":{"line":189,"column":160},"end":{"line":189,"column":177}},{"start":{"line":189,"column":160},"end":{"line":189,"column":175}}]},"18":{"loc":{"start":{"line":201,"column":4},"end":{"line":210,"column":5}},"type":"if","locations":[{"start":{"line":201,"column":4},"end":{"line":210,"column":5}}]},"19":{"loc":{"start":{"line":201,"column":8},"end":{"line":201,"column":26}},"type":"binary-expr","locations":[{"start":{"line":201,"column":8},"end":{"line":201,"column":16}},{"start":{"line":201,"column":20},"end":{"line":201,"column":26}}]},"20":{"loc":{"start":{"line":218,"column":20},"end":{"line":218,"column":48}},"type":"cond-expr","locations":[{"start":{"line":218,"column":20},"end":{"line":218,"column":35}},{"start":{"line":218,"column":39},"end":{"line":218,"column":48}}]},"21":{"loc":{"start":{"line":218,"column":20},"end":{"line":218,"column":39}},"type":"binary-expr","locations":[{"start":{"line":218,"column":20},"end":{"line":218,"column":39}},{"start":{"line":218,"column":20},"end":{"line":218,"column":39}}]},"22":{"loc":{"start":{"line":220,"column":12},"end":{"line":220,"column":34}},"type":"cond-expr","locations":[{"start":{"line":220,"column":20},"end":{"line":220,"column":24}},{"start":{"line":220,"column":24},"end":{"line":220,"column":34}}]},"23":{"loc":{"start":{"line":220,"column":12},"end":{"line":220,"column":24}},"type":"binary-expr","locations":[{"start":{"line":220,"column":12},"end":{"line":220,"column":24}},{"start":{"line":220,"column":20},"end":{"line":220,"column":24}}]},"24":{"loc":{"start":{"line":221,"column":23},"end":{"line":221,"column":84}},"type":"cond-expr","locations":[{"start":{"line":221,"column":71},"end":{"line":221,"column":75}},{"start":{"line":221,"column":75},"end":{"line":221,"column":84}}]},"25":{"loc":{"start":{"line":221,"column":23},"end":{"line":221,"column":75}},"type":"binary-expr","locations":[{"start":{"line":221,"column":23},"end":{"line":221,"column":75}},{"start":{"line":221,"column":71},"end":{"line":221,"column":75}}]},"26":{"loc":{"start":{"line":221,"column":23},"end":{"line":221,"column":71}},"type":"cond-expr","locations":[{"start":{"line":221,"column":42},"end":{"line":221,"column":46}},{"start":{"line":221,"column":46},"end":{"line":221,"column":71}}]},"27":{"loc":{"start":{"line":221,"column":23},"end":{"line":221,"column":46}},"type":"binary-expr","locations":[{"start":{"line":221,"column":23},"end":{"line":221,"column":46}},{"start":{"line":221,"column":42},"end":{"line":221,"column":46}}]},"28":{"loc":{"start":{"line":223,"column":20},"end":{"line":223,"column":51}},"type":"cond-expr","locations":[{"start":{"line":223,"column":36},"end":{"line":223,"column":40}},{"start":{"line":223,"column":40},"end":{"line":223,"column":51}}]},"29":{"loc":{"start":{"line":223,"column":20},"end":{"line":223,"column":40}},"type":"binary-expr","locations":[{"start":{"line":223,"column":20},"end":{"line":223,"column":40}},{"start":{"line":223,"column":36},"end":{"line":223,"column":40}}]},"30":{"loc":{"start":{"line":224,"column":24},"end":{"line":224,"column":67}},"type":"cond-expr","locations":[{"start":{"line":224,"column":44},"end":{"line":224,"column":48}},{"start":{"line":224,"column":48},"end":{"line":224,"column":67}}]},"31":{"loc":{"start":{"line":224,"column":24},"end":{"line":224,"column":48}},"type":"binary-expr","locations":[{"start":{"line":224,"column":24},"end":{"line":224,"column":48}},{"start":{"line":224,"column":44},"end":{"line":224,"column":48}}]},"32":{"loc":{"start":{"line":225,"column":21},"end":{"line":225,"column":57}},"type":"cond-expr","locations":[{"start":{"line":225,"column":44},"end":{"line":225,"column":48}},{"start":{"line":225,"column":48},"end":{"line":225,"column":57}}]},"33":{"loc":{"start":{"line":225,"column":21},"end":{"line":225,"column":48}},"type":"binary-expr","locations":[{"start":{"line":225,"column":21},"end":{"line":225,"column":48}},{"start":{"line":225,"column":44},"end":{"line":225,"column":48}}]},"34":{"loc":{"start":{"line":226,"column":20},"end":{"line":226,"column":55}},"type":"cond-expr","locations":[{"start":{"line":226,"column":42},"end":{"line":226,"column":46}},{"start":{"line":226,"column":46},"end":{"line":226,"column":55}}]},"35":{"loc":{"start":{"line":226,"column":20},"end":{"line":226,"column":46}},"type":"binary-expr","locations":[{"start":{"line":226,"column":20},"end":{"line":226,"column":46}},{"start":{"line":226,"column":42},"end":{"line":226,"column":46}}]},"36":{"loc":{"start":{"line":229,"column":6},"end":{"line":229,"column":30}},"type":"cond-expr","locations":[{"start":{"line":229,"column":24},"end":{"line":229,"column":28}},{"start":{"line":229,"column":28},"end":{"line":229,"column":30}}]},"37":{"loc":{"start":{"line":229,"column":6},"end":{"line":229,"column":28}},"type":"binary-expr","locations":[{"start":{"line":229,"column":6},"end":{"line":229,"column":28}},{"start":{"line":229,"column":24},"end":{"line":229,"column":28}}]},"38":{"loc":{"start":{"line":260,"column":4},"end":{"line":262,"column":null}},"type":"if","locations":[{"start":{"line":260,"column":4},"end":{"line":262,"column":null}}]},"39":{"loc":{"start":{"line":270,"column":11},"end":{"line":659,"column":7}},"type":"switch","locations":[{"start":{"line":270,"column":11},"end":{"line":659,"column":7}},{"start":{"line":270,"column":4},"end":{"line":659,"column":7}}]},"40":{"loc":{"start":{"line":283,"column":8},"end":{"line":294,"column":null}},"type":"cond-expr","locations":[{"start":{"line":284,"column":12},"end":{"line":290,"column":null}},{"start":{"line":291,"column":12},"end":{"line":294,"column":null}}]},"41":{"loc":{"start":{"line":655,"column":10},"end":{"line":655,"column":78}},"type":"switch","locations":[{"start":{"line":655,"column":10},"end":{"line":655,"column":78}}]},"42":{"loc":{"start":{"line":317,"column":10},"end":{"line":334,"column":11}},"type":"if","locations":[{"start":{"line":317,"column":10},"end":{"line":334,"column":11}}]},"43":{"loc":{"start":{"line":346,"column":10},"end":{"line":351,"column":11}},"type":"if","locations":[{"start":{"line":346,"column":10},"end":{"line":351,"column":11}}]},"44":{"loc":{"start":{"line":365,"column":10},"end":{"line":372,"column":11}},"type":"if","locations":[{"start":{"line":365,"column":10},"end":{"line":372,"column":11}}]},"45":{"loc":{"start":{"line":374,"column":10},"end":{"line":383,"column":11}},"type":"if","locations":[{"start":{"line":374,"column":10},"end":{"line":383,"column":11}}]},"46":{"loc":{"start":{"line":374,"column":14},"end":{"line":374,"column":91}},"type":"binary-expr","locations":[{"start":{"line":374,"column":14},"end":{"line":374,"column":53}},{"start":{"line":374,"column":57},"end":{"line":374,"column":91}}]},"47":{"loc":{"start":{"line":389,"column":10},"end":{"line":395,"column":11}},"type":"if","locations":[{"start":{"line":389,"column":10},"end":{"line":395,"column":11}}]},"48":{"loc":{"start":{"line":397,"column":10},"end":{"line":402,"column":11}},"type":"if","locations":[{"start":{"line":397,"column":10},"end":{"line":402,"column":11}}]},"49":{"loc":{"start":{"line":406,"column":39},"end":{"line":406,"column":67}},"type":"cond-expr","locations":[{"start":{"line":406,"column":59},"end":{"line":406,"column":63}},{"start":{"line":406,"column":63},"end":{"line":406,"column":67}}]},"50":{"loc":{"start":{"line":406,"column":39},"end":{"line":406,"column":63}},"type":"binary-expr","locations":[{"start":{"line":406,"column":39},"end":{"line":406,"column":63}},{"start":{"line":406,"column":59},"end":{"line":406,"column":63}}]},"51":{"loc":{"start":{"line":406,"column":39},"end":{"line":406,"column":59}},"type":"cond-expr","locations":[{"start":{"line":406,"column":44},"end":{"line":406,"column":46}},{"start":{"line":406,"column":39},"end":{"line":406,"column":59}}]},"52":{"loc":{"start":{"line":406,"column":39},"end":{"line":406,"column":46}},"type":"binary-expr","locations":[{"start":{"line":406,"column":39},"end":{"line":406,"column":46}},{"start":{"line":406,"column":39},"end":{"line":406,"column":46}}]},"53":{"loc":{"start":{"line":407,"column":24},"end":{"line":407,"column":54}},"type":"cond-expr","locations":[{"start":{"line":407,"column":42},"end":{"line":407,"column":46}},{"start":{"line":407,"column":46},"end":{"line":407,"column":54}}]},"54":{"loc":{"start":{"line":407,"column":24},"end":{"line":407,"column":46}},"type":"binary-expr","locations":[{"start":{"line":407,"column":24},"end":{"line":407,"column":46}},{"start":{"line":407,"column":42},"end":{"line":407,"column":46}}]},"55":{"loc":{"start":{"line":407,"column":24},"end":{"line":407,"column":42}},"type":"cond-expr","locations":[{"start":{"line":407,"column":29},"end":{"line":407,"column":31}},{"start":{"line":407,"column":24},"end":{"line":407,"column":42}}]},"56":{"loc":{"start":{"line":407,"column":24},"end":{"line":407,"column":31}},"type":"binary-expr","locations":[{"start":{"line":407,"column":24},"end":{"line":407,"column":31}},{"start":{"line":407,"column":24},"end":{"line":407,"column":31}}]},"57":{"loc":{"start":{"line":409,"column":10},"end":{"line":434,"column":11}},"type":"if","locations":[{"start":{"line":409,"column":10},"end":{"line":434,"column":11}},{"start":{"line":429,"column":17},"end":{"line":434,"column":11}}]},"58":{"loc":{"start":{"line":415,"column":12},"end":{"line":428,"column":13}},"type":"if","locations":[{"start":{"line":415,"column":12},"end":{"line":428,"column":13}}]},"59":{"loc":{"start":{"line":439,"column":10},"end":{"line":441,"column":11}},"type":"if","locations":[{"start":{"line":439,"column":10},"end":{"line":441,"column":11}}]},"60":{"loc":{"start":{"line":440,"column":41},"end":{"line":440,"column":77}},"type":"cond-expr","locations":[{"start":{"line":440,"column":69},"end":{"line":440,"column":73}},{"start":{"line":440,"column":73},"end":{"line":440,"column":77}}]},"61":{"loc":{"start":{"line":440,"column":41},"end":{"line":440,"column":73}},"type":"binary-expr","locations":[{"start":{"line":440,"column":41},"end":{"line":440,"column":73}},{"start":{"line":440,"column":69},"end":{"line":440,"column":73}}]},"62":{"loc":{"start":{"line":440,"column":41},"end":{"line":440,"column":69}},"type":"cond-expr","locations":[{"start":{"line":440,"column":52},"end":{"line":440,"column":54}},{"start":{"line":440,"column":52},"end":{"line":440,"column":69}}]},"63":{"loc":{"start":{"line":440,"column":41},"end":{"line":440,"column":54}},"type":"binary-expr","locations":[{"start":{"line":440,"column":41},"end":{"line":440,"column":54}},{"start":{"line":440,"column":52},"end":{"line":440,"column":54}}]},"64":{"loc":{"start":{"line":440,"column":41},"end":{"line":440,"column":52}},"type":"cond-expr","locations":[{"start":{"line":440,"column":46},"end":{"line":440,"column":48}},{"start":{"line":440,"column":41},"end":{"line":440,"column":52}}]},"65":{"loc":{"start":{"line":440,"column":41},"end":{"line":440,"column":48}},"type":"binary-expr","locations":[{"start":{"line":440,"column":41},"end":{"line":440,"column":48}},{"start":{"line":440,"column":41},"end":{"line":440,"column":48}}]},"66":{"loc":{"start":{"line":448,"column":21},"end":{"line":448,"column":41}},"type":"cond-expr","locations":[{"start":{"line":448,"column":33},"end":{"line":448,"column":37}},{"start":{"line":448,"column":37},"end":{"line":448,"column":41}}]},"67":{"loc":{"start":{"line":448,"column":21},"end":{"line":448,"column":37}},"type":"binary-expr","locations":[{"start":{"line":448,"column":21},"end":{"line":448,"column":37}},{"start":{"line":448,"column":33},"end":{"line":448,"column":37}}]},"68":{"loc":{"start":{"line":448,"column":21},"end":{"line":448,"column":33}},"type":"cond-expr","locations":[{"start":{"line":448,"column":26},"end":{"line":448,"column":28}},{"start":{"line":448,"column":21},"end":{"line":448,"column":33}}]},"69":{"loc":{"start":{"line":448,"column":21},"end":{"line":448,"column":28}},"type":"binary-expr","locations":[{"start":{"line":448,"column":21},"end":{"line":448,"column":28}},{"start":{"line":448,"column":21},"end":{"line":448,"column":28}}]},"70":{"loc":{"start":{"line":463,"column":10},"end":{"line":470,"column":11}},"type":"if","locations":[{"start":{"line":463,"column":10},"end":{"line":470,"column":11}}]},"71":{"loc":{"start":{"line":468,"column":18},"end":{"line":468,"column":95}},"type":"cond-expr","locations":[{"start":{"line":468,"column":53},"end":{"line":468,"column":57}},{"start":{"line":468,"column":57},"end":{"line":468,"column":95}}]},"72":{"loc":{"start":{"line":468,"column":18},"end":{"line":468,"column":57}},"type":"binary-expr","locations":[{"start":{"line":468,"column":18},"end":{"line":468,"column":57}},{"start":{"line":468,"column":53},"end":{"line":468,"column":57}}]},"73":{"loc":{"start":{"line":468,"column":18},"end":{"line":468,"column":53}},"type":"cond-expr","locations":[{"start":{"line":468,"column":41},"end":{"line":468,"column":43}},{"start":{"line":468,"column":41},"end":{"line":468,"column":53}}]},"74":{"loc":{"start":{"line":468,"column":18},"end":{"line":468,"column":43}},"type":"binary-expr","locations":[{"start":{"line":468,"column":18},"end":{"line":468,"column":43}},{"start":{"line":468,"column":41},"end":{"line":468,"column":43}}]},"75":{"loc":{"start":{"line":483,"column":28},"end":{"line":483,"column":55}},"type":"cond-expr","locations":[{"start":{"line":483,"column":40},"end":{"line":483,"column":44}},{"start":{"line":483,"column":44},"end":{"line":483,"column":55}}]},"76":{"loc":{"start":{"line":483,"column":28},"end":{"line":483,"column":44}},"type":"binary-expr","locations":[{"start":{"line":483,"column":28},"end":{"line":483,"column":44}},{"start":{"line":483,"column":40},"end":{"line":483,"column":44}}]},"77":{"loc":{"start":{"line":495,"column":14},"end":{"line":497,"column":15}},"type":"if","locations":[{"start":{"line":495,"column":14},"end":{"line":497,"column":15}}]},"78":{"loc":{"start":{"line":518,"column":20},"end":{"line":518,"column":48}},"type":"cond-expr","locations":[{"start":{"line":518,"column":42},"end":{"line":518,"column":46}},{"start":{"line":518,"column":46},"end":{"line":518,"column":48}}]},"79":{"loc":{"start":{"line":518,"column":20},"end":{"line":518,"column":46}},"type":"binary-expr","locations":[{"start":{"line":518,"column":20},"end":{"line":518,"column":46}},{"start":{"line":518,"column":42},"end":{"line":518,"column":46}}]},"80":{"loc":{"start":{"line":534,"column":21},"end":{"line":534,"column":65}},"type":"cond-expr","locations":[{"start":{"line":534,"column":57},"end":{"line":534,"column":61}},{"start":{"line":534,"column":61},"end":{"line":534,"column":65}}]},"81":{"loc":{"start":{"line":534,"column":21},"end":{"line":534,"column":61}},"type":"binary-expr","locations":[{"start":{"line":534,"column":21},"end":{"line":534,"column":61}},{"start":{"line":534,"column":57},"end":{"line":534,"column":61}}]},"82":{"loc":{"start":{"line":542,"column":22},"end":{"line":550,"column":23}},"type":"if","locations":[{"start":{"line":542,"column":22},"end":{"line":550,"column":23}},{"start":{"line":544,"column":29},"end":{"line":550,"column":23}}]},"83":{"loc":{"start":{"line":579,"column":27},"end":{"line":582,"column":null}},"type":"cond-expr","locations":[{"start":{"line":580,"column":14},"end":{"line":580,"column":19}},{"start":{"line":581,"column":14},"end":{"line":582,"column":null}}]},"84":{"loc":{"start":{"line":593,"column":10},"end":{"line":599,"column":11}},"type":"if","locations":[{"start":{"line":593,"column":10},"end":{"line":599,"column":11}}]},"85":{"loc":{"start":{"line":627,"column":21},"end":{"line":627,"column":64}},"type":"cond-expr","locations":[{"start":{"line":627,"column":21},"end":{"line":627,"column":47}},{"start":{"line":627,"column":51},"end":{"line":627,"column":64}}]},"86":{"loc":{"start":{"line":627,"column":21},"end":{"line":627,"column":51}},"type":"binary-expr","locations":[{"start":{"line":627,"column":21},"end":{"line":627,"column":51}},{"start":{"line":627,"column":21},"end":{"line":627,"column":51}}]},"87":{"loc":{"start":{"line":630,"column":16},"end":{"line":630,"column":71}},"type":"cond-expr","locations":[{"start":{"line":630,"column":55},"end":{"line":630,"column":59}},{"start":{"line":630,"column":59},"end":{"line":630,"column":71}}]},"88":{"loc":{"start":{"line":630,"column":16},"end":{"line":630,"column":59}},"type":"binary-expr","locations":[{"start":{"line":630,"column":16},"end":{"line":630,"column":59}},{"start":{"line":630,"column":55},"end":{"line":630,"column":59}}]},"89":{"loc":{"start":{"line":630,"column":16},"end":{"line":630,"column":55}},"type":"cond-expr","locations":[{"start":{"line":630,"column":34},"end":{"line":630,"column":36}},{"start":{"line":630,"column":16},"end":{"line":630,"column":55}}]},"90":{"loc":{"start":{"line":630,"column":16},"end":{"line":630,"column":36}},"type":"binary-expr","locations":[{"start":{"line":630,"column":16},"end":{"line":630,"column":36}},{"start":{"line":630,"column":16},"end":{"line":630,"column":36}}]},"91":{"loc":{"start":{"line":632,"column":25},"end":{"line":632,"column":61}},"type":"cond-expr","locations":[{"start":{"line":632,"column":48},"end":{"line":632,"column":52}},{"start":{"line":632,"column":52},"end":{"line":632,"column":61}}]},"92":{"loc":{"start":{"line":632,"column":25},"end":{"line":632,"column":52}},"type":"binary-expr","locations":[{"start":{"line":632,"column":25},"end":{"line":632,"column":52}},{"start":{"line":632,"column":48},"end":{"line":632,"column":52}}]},"93":{"loc":{"start":{"line":633,"column":24},"end":{"line":633,"column":59}},"type":"cond-expr","locations":[{"start":{"line":633,"column":46},"end":{"line":633,"column":50}},{"start":{"line":633,"column":50},"end":{"line":633,"column":59}}]},"94":{"loc":{"start":{"line":633,"column":24},"end":{"line":633,"column":50}},"type":"binary-expr","locations":[{"start":{"line":633,"column":24},"end":{"line":633,"column":50}},{"start":{"line":633,"column":46},"end":{"line":633,"column":50}}]},"95":{"loc":{"start":{"line":634,"column":27},"end":{"line":634,"column":59}},"type":"cond-expr","locations":[{"start":{"line":634,"column":46},"end":{"line":634,"column":50}},{"start":{"line":634,"column":50},"end":{"line":634,"column":59}}]},"96":{"loc":{"start":{"line":634,"column":27},"end":{"line":634,"column":50}},"type":"binary-expr","locations":[{"start":{"line":634,"column":27},"end":{"line":634,"column":50}},{"start":{"line":634,"column":46},"end":{"line":634,"column":50}}]},"97":{"loc":{"start":{"line":640,"column":22},"end":{"line":640,"column":58}},"type":"cond-expr","locations":[{"start":{"line":640,"column":36},"end":{"line":640,"column":47}},{"start":{"line":640,"column":50},"end":{"line":640,"column":58}}]}},"s":{"0":6,"1":6,"2":6,"3":6,"4":6,"5":6,"6":6,"7":6,"8":10,"9":10,"10":10,"11":10,"12":10,"13":10,"14":10,"15":10,"16":10,"17":10,"18":10,"19":10,"20":20,"21":20,"22":1,"23":19,"24":1,"25":18,"26":8,"27":8,"28":8,"29":6,"30":191,"31":6,"32":0,"33":6,"34":0,"35":6,"36":38,"37":38,"38":38,"39":110,"40":38,"41":38,"42":38,"43":38,"44":38,"45":9,"46":9,"47":9,"48":9,"49":9,"50":29,"51":27,"52":27,"53":27,"54":27,"55":6,"56":5,"57":5,"58":1,"59":5,"60":5,"61":4,"62":1,"63":0,"64":37,"65":37,"66":37,"67":35,"68":35,"69":35,"70":0,"71":37,"72":37,"73":37,"74":6,"75":50,"76":45,"77":540,"78":540,"79":540,"80":45,"81":45,"82":45,"83":45,"84":45,"85":45,"86":45,"87":44,"88":44,"89":44,"90":1,"91":1,"92":1,"93":43,"94":43,"95":43,"96":1,"97":1,"98":42,"99":42,"100":42,"101":1,"102":41,"103":1,"104":40,"105":40,"106":39,"107":1,"108":38,"109":17,"110":38,"111":38,"112":37,"113":37,"114":37,"115":16,"116":16,"117":1,"118":1,"119":21,"120":36,"121":15,"122":36,"123":34,"124":34,"125":34,"126":9,"127":34,"128":34,"129":34,"130":34,"131":38,"132":38,"133":38,"134":37,"135":37,"136":37,"137":38,"138":38,"139":34,"140":38,"141":33,"142":36,"143":432,"144":432,"145":432,"146":36,"147":37,"148":33,"149":33,"150":66,"151":33,"152":33,"153":33,"154":33,"155":33,"156":33,"157":33,"158":33,"159":66,"160":37,"161":37,"162":1,"163":36,"164":33,"165":32,"166":32,"167":32,"168":11,"169":11,"170":11,"171":11,"172":10,"173":10,"174":1,"175":1,"176":1,"177":1,"178":0,"179":1,"180":1,"181":12,"182":12,"183":12,"184":1,"185":90,"186":45,"187":45,"188":6,"189":1,"190":6,"191":6},"f":{"0":6,"1":10,"2":191,"3":0,"4":0,"5":38,"6":110,"7":45,"8":540,"9":45,"10":45,"11":36,"12":432,"13":37,"14":33,"15":12,"16":1},"b":{"0":[10,10],"1":[1],"2":[1],"3":[9,29],"4":[3,6],"5":[9,3],"6":[27],"7":[6],"8":[5],"9":[0,1],"10":[1,1],"11":[4,1],"12":[0,4],"13":[4,4],"14":[0,1],"15":[1,1],"16":[0,0],"17":[0,0],"18":[35],"19":[37,35],"20":[35,2],"21":[37,37],"22":[9,28],"23":[37,37],"24":[0,37],"25":[37,0],"26":[0,37],"27":[37,37],"28":[0,37],"29":[37,37],"30":[0,37],"31":[37,37],"32":[0,37],"33":[37,0],"34":[0,37],"35":[37,0],"36":[0,37],"37":[37,37],"38":[5],"39":[45,45],"40":[45,0],"41":[45],"42":[1],"43":[1],"44":[1],"45":[1],"46":[41,40],"47":[1],"48":[17],"49":[7,30],"50":[37,23],"51":[16,21],"52":[37,21],"53":[21,16],"54":[37,37],"55":[16,21],"56":[37,21],"57":[16,21],"58":[1],"59":[15],"60":[3,12],"61":[15,3],"62":[0,15],"63":[15,15],"64":[0,15],"65":[15,15],"66":[21,15],"67":[36,36],"68":[15,21],"69":[36,21],"70":[9],"71":[5,4],"72":[9,9],"73":[0,9],"74":[9,9],"75":[2,36],"76":[38,38],"77":[34],"78":[31,2],"79":[33,33],"80":[33,0],"81":[33,33],"82":[1,36],"83":[11,0],"84":[10],"85":[0,1],"86":[1,0],"87":[1,0],"88":[1,1],"89":[0,1],"90":[1,1],"91":[0,1],"92":[1,0],"93":[0,1],"94":[1,0],"95":[0,1],"96":[1,0],"97":[1,0]}}
,"/Users/saadahmad/Projects/Arvo/arvo-xstate/src/ArvoResumable/index.ts": {"path":"/Users/saadahmad/Projects/Arvo/arvo-xstate/src/ArvoResumable/index.ts","statementMap":{"0":{"start":{"line":1,"column":0},"end":{"line":1,"column":71}},"1":{"start":{"line":2,"column":0},"end":{"line":2,"column":null}},"2":{"start":{"line":26,"column":0},"end":{"line":26,"column":null}},"3":{"start":{"line":36,"column":0},"end":{"line":36,"column":44}},"4":{"start":{"line":37,"column":0},"end":{"line":37,"column":95}},"5":{"start":{"line":39,"column":0},"end":{"line":39,"column":66}},"6":{"start":{"line":43,"column":0},"end":{"line":50,"column":null}},"7":{"start":{"line":50,"column":10},"end":{"line":50,"column":34}},"8":{"start":{"line":79,"column":4},"end":{"line":79,"column":12}},"9":{"start":{"line":80,"column":4},"end":{"line":80,"column":47}},"10":{"start":{"line":81,"column":4},"end":{"line":81,"column":44}},"11":{"start":{"line":82,"column":4},"end":{"line":82,"column":104}},"12":{"start":{"line":83,"column":4},"end":{"line":83,"column":37}},"13":{"start":{"line":84,"column":4},"end":{"line":84,"column":33}},"14":{"start":{"line":61,"column":2},"end":{"line":63,"column":null}},"15":{"start":{"line":62,"column":4},"end":{"line":62,"column":58}},"16":{"start":{"line":65,"column":2},"end":{"line":67,"column":null}},"17":{"start":{"line":66,"column":4},"end":{"line":66,"column":41}},"18":{"start":{"line":87,"column":12},"end":{"line":147,"column":null}},"19":{"start":{"line":90,"column":67},"end":{"line":90,"column":71}},"20":{"start":{"line":93,"column":34},"end":{"line":93,"column":66}},"21":{"start":{"line":94,"column":4},"end":{"line":98,"column":5}},"22":{"start":{"line":95,"column":6},"end":{"line":97,"column":8}},"23":{"start":{"line":100,"column":4},"end":{"line":114,"column":5}},"24":{"start":{"line":101,"column":6},"end":{"line":101,"column":28}},"25":{"start":{"line":102,"column":6},"end":{"line":102,"column":84}},"26":{"start":{"line":104,"column":6},"end":{"line":104,"column":31}},"27":{"start":{"line":105,"column":6},"end":{"line":113,"column":7}},"28":{"start":{"line":105,"column":29},"end":{"line":105,"column":35}},"29":{"start":{"line":105,"column":29},"end":{"line":105,"column":67}},"30":{"start":{"line":105,"column":25},"end":{"line":105,"column":29}},"31":{"start":{"line":106,"column":8},"end":{"line":106,"col
[...]
oc":{"start":{"line":43,"column":6},"end":{"line":43,"column":22}},"type":"cond-expr","locations":[{"start":{"line":43,"column":13},"end":{"line":43,"column":15}},{"start":{"line":43,"column":6},"end":{"line":43,"column":22}}]},"3":{"loc":{"start":{"line":43,"column":6},"end":{"line":43,"column":15}},"type":"binary-expr","locations":[{"start":{"line":43,"column":6},"end":{"line":43,"column":15}},{"start":{"line":43,"column":6},"end":{"line":43,"column":15}}]},"4":{"loc":{"start":{"line":59,"column":25},"end":{"line":61,"column":null}},"type":"switch","locations":[{"start":{"line":59,"column":25},"end":{"line":61,"column":null}}]},"5":{"loc":{"start":{"line":63,"column":8},"end":{"line":69,"column":9}},"type":"if","locations":[{"start":{"line":63,"column":8},"end":{"line":69,"column":9}}]},"6":{"loc":{"start":{"line":63,"column":12},"end":{"line":63,"column":82}},"type":"binary-expr","locations":[{"start":{"line":63,"column":12},"end":{"line":63,"column":35}},{"start":{"line":63,"column":39},"end":{"line":63,"column":82}}]},"7":{"loc":{"start":{"line":65,"column":10},"end":{"line":68,"column":12}},"type":"cond-expr","locations":[{"start":{"line":65,"column":35},"end":{"line":65,"column":38}},{"start":{"line":65,"column":35},"end":{"line":68,"column":12}}]},"8":{"loc":{"start":{"line":65,"column":10},"end":{"line":65,"column":38}},"type":"binary-expr","locations":[{"start":{"line":65,"column":10},"end":{"line":65,"column":38}},{"start":{"line":65,"column":35},"end":{"line":65,"column":38}}]},"9":{"loc":{"start":{"line":65,"column":10},"end":{"line":65,"column":35}},"type":"cond-expr","locations":[{"start":{"line":65,"column":17},"end":{"line":65,"column":19}},{"start":{"line":65,"column":10},"end":{"line":65,"column":35}}]},"10":{"loc":{"start":{"line":65,"column":10},"end":{"line":65,"column":19}},"type":"binary-expr","locations":[{"start":{"line":65,"column":10},"end":{"line":65,"column":19}},{"start":{"line":65,"column":10},"end":{"line":65,"column":19}}]}},"s":{"0":6,"1":6,"2":4,"3":2,"4":4,"5":28,"6":38,"7":38,"8":38,"9":37,"10":25,"11":25,"12":37,"13":39,"14":4,"15":6},"f":{"0":4,"1":2,"2":28,"3":38,"4":38,"5":39},"b":{"0":[1,3],"1":[4,4],"2":[3,1],"3":[4,4],"4":[38],"5":[25],"6":[37,25],"7":[25,0],"8":[25,25],"9":[24,1],"10":[25,25]}}
,"/Users/saadahmad/Projects/Arvo/arvo-xstate/src/utils/SimpleEventBroker/index.ts": {"path":"/Users/saadahmad/Projects/Arvo/arvo-xstate/src/utils/SimpleEventBroker/index.ts","statementMap":{"0":{"start":{"line":3,"column":0},"end":{"line":3,"column":41}},"1":{"start":{"line":48,"column":0},"end":{"line":48,"column":13}},"2":{"start":{"line":55,"column":19},"end":{"line":55,"column":49}},"3":{"start":{"line":58,"column":4},"end":{"line":58,"column":33}},"4":{"start":{"line":59,"column":4},"end":{"line":59,"column":20}},"5":{"start":{"line":60,"column":4},"end":{"line":60,"column":21}},"6":{"start":{"line":61,"column":4},"end":{"line":61,"column":30}},"7":{"start":{"line":62,"column":4},"end":{"line":62,"column":45}},"8":{"start":{"line":63,"column":4},"end":{"line":63,"column":40}},"9":{"start":{"line":69,"column":2},"end":{"line":71,"column":null}},"10":{"start":{"line":70,"column":4},"end":{"line":70,"column":47}},"11":{"start":{"line":82,"column":2},"end":{"line":101,"column":null}},"12":{"start":{"line":82,"column":2},"end":{"line":82,"column":11}},"13":{"start":{"line":82,"column":54},"end":{"line":82,"column":null}},"14":{"start":{"line":83,"column":4},"end":{"line":85,"column":5}},"15":{"start":{"line":84,"column":6},"end":{"line":84,"column":45}},"16":{"start":{"line":87,"column":4},"end":{"line":89,"column":5}},"17":{"start":{"line":88,"column":6},"end":{"line":88,"column":73}},"18":{"start":{"line":92,"column":21},"end":{"line":92,"column":49}},"19":{"start":{"line":93,"column":4},"end":{"line":93,"column":26}},"20":{"start":{"line":95,"column":4},"end":{"line":100,"column":6}},"21":{"start":{"line":96,"column":6},"end":{"line":96,"column":31}},"22":{"start":{"line":97,"column":6},"end":{"line":99,"column":7}},"23":{"start":{"line":98,"column":8},"end":{"line":98,"column":39}},"24":{"start":{"line":108,"column":8},"end":{"line":123,"column":null}},"25":{"start":{"line":109,"column":4},"end":{"line":111,"column":5}},"26":{"start":{"line":110,"column":6},"end":{"line":110,"column":57}},"27":{"start":{"line":113,"column":4},"end":{"line":115,"column":5}},"28":{"start":{"line":114,"column":6},"end":{"line":114,"column":78}},"29":{"start":{"line":117,"column":4},"end":{"line":117,"column":27}},"30":{"start":{"line":118,"column":4},"end":{"line":118,"column":28}},"31":{"start":{"line":120,"column":8},"end":{"line":120,"column":9}},"32":{"start":{"line":121,"column":6},"end":{"line":121,"column":32}},"33":{"start":{"line":128,"column":2},"end":{"line":130,"column":null}},"34":{"start":{"line":129,"column":4},"end":{"line":129,"column":29}},"35":{"start":{"line":135,"column":2},"end":{"line":137,"column":null}},"36":{"start":{"line":136,"column":4},"end":{"line":136,"column":50}},"37":{"start":{"line":151,"column":16},"end":{"line":182,"column":null}},"38":{"start":{"line":152,"column":4},"end":{"line":152,"column":34}},"39":{"start":{"line":152,"column":27},"end":{"line":152,"column":34}},"40":{"start":{"line":153,"column":4},"end":{"line":153,"column":29}},"41":{"start":{"line":157,"column":14},"end":{"line":157,"column":39}},"42":{"start":{"line":158,"column":8},"end":{"line":158,"column":null}},"43":{"start":{"line":158,"column":29},"end":{"line":158,"column":null}},"44":{"start":{"line":159,"column":8},"end":{"line":159,"column":53}},"45":{"start":{"line":160,"column":14},"end":{"line":160,"column":62}},"46":{"start":{"line":162,"column":8},"end":{"line":165,"column":9}},"47":{"start":{"line":163,"column":10},"end":{"line":163,"column":95}},"48":{"start":{"line":167,"column":14},"end":{"line":175,"column":10}},"49":{"start":{"line":168,"column":10},"end":{"line":174,"column":null}},"50":{"start":{"line":169,"column":12},"end":{"line":173,"column":13}},"51":{"start":{"line":170,"column":14},"end":{"line":170,"column":41}},"52":{"start":{"line":172,"column":14},"end":{"line":172,"column":60}},"53":{"start":{"line":177,"column":8},"end":{"line":177,"column":43}},"54":{"start":{"line":156,"column":13},"end":{"line":156,"column":null}},"55":{"start":{"line":156,"column":34},"end":{"line":156,"column":null}},"56":{"start":{"line":180,"column":6},"end":{"line":180,"column":32}},"57":{"start":{"line":183,"column":0},"end":{"line":183,"column":null}},"58":{"start":{"line":48,"column":13},"end":{"line":48,"column":30}}},"fnMap":{"0":{"name":"(anonymous_13)","decl":{"start":{"line":48,"column":0},"end":{"line":48,"column":13}},"loc":{"start":{"line":48,"column":0},"end":{"line":183,"column":null}}},"1":{"name":"SimpleEventBroker","decl":{"start":{"line":57,"column":2},"end":{"line":57,"column":14}},"loc":{"start":{"line":57,"column":38},"end":{"line":64,"column":3}}},"2":{"name":"(anonymous_15)","decl":{"start":{"line":69,"column":2},"end":{"line":69,"column":13}},"loc":{"start":{"line":69,"column":2},"end":{"line":71,"column":3}}},"3":{"name":"(anonymous_16)","decl":{"start":{"line":82,"column":2},"end":{"line":82,"column":11}},"loc":{"start":{"line":82,"column":74},"end":{"line":101,"column":3}}},"4":{"name":"(anonymous_17)","decl":{"start":{"line":95,"column":11},"end":{"line":95,"column":null}},"loc":{"start":{"line":95,"column":11},"end":{"line":100,"column":5}}},"5":{"name":"(anonymous_18)","decl":{"start":{"line":108,"column":2},"end":{"line":108,"column":8}},"loc":{"start":{"line":108,"column":32},"end":{"line":123,"column":null}}},"6":{"name":"(anonymous_21)","decl":{"start":{"line":128,"column":2},"end":{"line":128,"column":6}},"loc":{"start":{"line":128,"column":2},"end":{"line":130,"column":3}}},"7":{"name":"(anonymous_22)","decl":{"start":{"line":135,"column":2},"end":{"line":135,"column":20}},"loc":{"start":{"line":135,"column":34},"end":{"line":137,"column":3}}},"8":{"name":"(anonymous_23)","decl":{"start":{"line":151,"column":2},"end":{"line":151,"column":16}},"loc":{"start":{"line":151,"column":2},"end":{"line":182,"column":null}}},"9":{"name":"(anonymous_28)","decl":{"start":{"line":167,"column":57},"end":{"line":167,"column":58}},"loc":{"start":{"line":167,"column":65},"end":{"line":168,"column":17}}},"10":{"name":"(anonymous_29)","decl":{"start":{"line":168,"column":56},"end":{"line":168,"column":57}},"loc":{"start":{"line":168,"column":62},"end":{"line":174,"column":11}}}},"branchMap":{"0":{"loc":{"start":{"line":82,"column":54},"end":{"line":82,"column":null}},"type":"if","locations":[{"start":{"line":82,"column":54},"end":{"line":82,"column":null}}]},"1":{"loc":{"start":{"line":83,"column":4},"end":{"line":85,"column":5}},"type":"if","locations":[{"start":{"line":83,"column":4},"end":{"line":85,"column":5}}]},"2":{"loc":{"start":{"line":87,"column":4},"end":{"line":89,"column":5}},"type":"if","locations":[{"start":{"line":87,"column":4},"end":{"line":89,"column":5}}]},"3":{"loc":{"start":{"line":87,"column":8},"end":{"line":87,"column":68}},"type":"binary-expr","locations":[{"start":{"line":87,"column":8},"end":{"line":87,"column":20}},{"start":{"line":87,"column":24},"end":{"line":87,"column":68}}]},"4":{"loc":{"start":{"line":87,"column":25},"end":{"line":87,"column":63}},"type":"cond-expr","locations":[{"start":{"line":87,"column":58},"end":{"line":87,"column":62}},{"start":{"line":87,"column":62},"end":{"line":87,"column":63}}]},"5":{"loc":{"start":{"line":87,"column":25},"end":{"line":87,"column":62}},"type":"binary-expr","locations":[{"start":{"line":87,"column":25},"end":{"line":87,"column":62}},{"start":{"line":87,"column":58},"end":{"line":87,"column":62}}]},"6":{"loc":{"start":{"line":87,"column":25},"end":{"line":87,"column":58}},"type":"cond-expr","locations":[{"start":{"line":87,"column":52},"end":{"line":87,"column":54}},{"start":{"line":87,"column":52},"end":{"line":87,"column":58}}]},"7":{"loc":{"start":{"line":87,"column":25},"end":{"line":87,"column":54}},"type":"binary-expr","locations":[{"start":{"line":87,"column":25},"end":{"line":87,"column":54}},{"start":{"line":87,"column":52},"end":{"line":87,"column":54}}]},"8":{"loc":{"start":{"line":97,"column":6},"end":{"line":99,"column":7}},"type":"if","locations":[{"start":{"line":97,"column":6},"end":{"line":99,"column":7}}]},"9":{"loc":{"start":{"line":109,"column":4},"end":{"line":111,"column":5}},"type":"if","locations":[{"start":{"line":109,"column":4},"end":{"line":111,"column":5}}]},"10":{"loc":{"start":{"line":113,"column":4},"end":{"line":115,"column":5}},"type":"if","locations":[{"start":{"line":113,"column":4},"end":{"line":115,"column":5}}]},"11":{"loc":{"start":{"line":120,"column":8},"end":{"line":120,"column":9}},"type":"if","locations":[{"start":{"line":120,"column":8},"end":{"line":120,"column":9}}]},"12":{"loc":{"start":{"line":136,"column":11},"end":{"line":136,"column":49}},"type":"cond-expr","locations":[{"start":{"line":136,"column":44},"end":{"line":136,"column":48}},{"start":{"line":136,"column":48},"end":{"line":136,"column":49}}]},"13":{"loc":{"start":{"line":136,"column":11},"end":{"line":136,"column":48}},"type":"binary-expr","locations":[{"start":{"line":136,"column":11},"end":{"line":136,"column":48}},{"start":{"line":136,"column":44},"end":{"line":136,"column":48}}]},"14":{"loc":{"start":{"line":136,"column":11},"end":{"line":136,"column":44}},"type":"cond-expr","locations":[{"start":{"line":136,"column":38},"end":{"line":136,"column":40}},{"start":{"line":136,"column":38},"end":{"line":136,"column":44}}]},"15":{"loc":{"start":{"line":136,"column":11},"end":{"line":136,"column":40}},"type":"binary-expr","locations":[{"start":{"line":136,"column":11},"end":{"line":136,"column":40}},{"start":{"line":136,"column":38},"end":{"line":136,"column":40}}]},"16":{"loc":{"start":{"line":152,"column":4},"end":{"line":152,"column":34}},"type":"if","locations":[{"start":{"line":152,"column":4},"end":{"line":152,"column":34}}]},"17":{"loc":{"start":{"line":158,"column":8},"end":{"line":158,"column":null}},"type":"if","locations":[{"start":{"line":158,"column":8},"end":{"line":158,"column":null}}]},"18":{"loc":{"start":{"line":160,"column":46},"end":{"line":160,"column":60}},"type":"cond-expr","locations":[{"start":{"line":160,"column":54},"end":{"line":160,"column":58}},{"start":{"line":160,"column":58},"end":{"line":160,"column":60}}]},"19":{"loc":{"start":{"line":160,"column":46},"end":{"line":160,"column":58}},"type":"binary-expr","locations":[{"start":{"line":160,"column":46},"end":{"line":160,"column":58}},{"start":{"line":160,"column":54},"end":{"line":160,"column":58}}]},"20":{"loc":{"start":{"line":162,"column":8},"end":{"line":165,"column":9}},"type":"if","locations":[{"start":{"line":162,"column":8},"end":{"line":165,"column":9}}]},"21":{"loc":{"start":{"line":162,"column":13},"end":{"line":162,"column":27}},"type":"cond-expr","locations":[{"start":{"line":162,"column":21},"end":{"line":162,"column":23}},{"start":{"line":162,"column":13},"end":{"line":162,"column":27}}]},"22":{"loc":{"start":{"line":162,"column":13},"end":{"line":162,"column":23}},"type":"binary-expr","locations":[{"start":{"line":162,"column":13},"end":{"line":162,"column":23}},{"start":{"line":162,"column":13},"end":{"line":162,"column":23}}]},"23":{"loc":{"start":{"line":169,"column":12},"end":{"line":173,"column":13}},"type":"if","locations":[{"start":{"line":169,"column":12},"end":{"line":173,"column":13}},{"start":{"line":171,"column":19},"end":{"line":173,"column":13}}]},"24":{"loc":{"start":{"line":156,"column":13},"end":{"line":156,"column":null}},"type":"if","locations":[{"start":{"line":156,"column":13},"end":{"line":156,"column":null}}]}},"s":{"0":6,"1":6,"2":4,"3":4,"4":4,"5":4,"6":4,"7":4,"8":4,"9":6,"10":0,"11":6,"12":33,"13":38,"14":33,"15":33,"16":33,"17":0,"18":33,"19":33,"20":33,"21":0,"22":0,"23":0,"24":6,"25":43,"26":0,"27":43,"28":0,"29":43,"30":43,"31":82,"32":8,"33":6,"34":0,"35":6,"36":0,"37":6,"38":4,"39":0,"40":4,"41":43,"42":43,"43":0,"44":86,"45":43,"46":43,"47":2,"48":41,"49":41,"50":1,"51":1,"52":0,"53":82,"54":47,"55":4,"56":4,"57":6,"58":6},"f":{"0":6,"1":4,"2":0,"3":33,"4":0,"5":43,"6":0,"7":0,"8":4,"9":41,"10":1},"b":{"0":[5],"1":[33],"2":[0],"3":[33,28],"4":[28,0],"5":[28,28],"6":[0,28],"7":[28,28],"8":[0],"9":[0],"10":[0],"11":[39],"12":[0,0],"13":[0,0],"14":[0,0],"15":[0,0],"16":[0],"17":[0],"18":[43,0],"19":[43,43],"20":[2],"21":[2,41],"22":[43,43],"23":[1,0],"24":[4]}}
,"/Users/saadahmad/Projects/Arvo/arvo-xstate/src/utils/SimpleEventBroker/utils.ts": {"path":"/Users/saadahmad/Projects/Arvo/arvo-xstate/src/utils/SimpleEventBroker/utils.ts","statementMap":{"0":{"start":{"line":1,"column":30},"end":{"line":2,"column":6}},"1":{"start":{"line":1,"column":31},"end":{"line":1,"column":null}},"2":{"start":{"line":2,"column":2},"end":{"line":4,"column":5}},"3":{"start":{"line":3,"column":4},"end":{"line":3,"column":33}},"4":{"start":{"line":1,"column":13},"end":{"line":1,"column":30}}},"fnMap":{"0":{"name":"(anonymous_0)","decl":{"start":{"line":1,"column":30},"end":{"line":1,"column":31}},"loc":{"start":{"line":1,"column":43},"end":{"line":2,"column":6}}},"1":{"name":"(anonymous_1)","decl":{"start":{"line":2,"column":20},"end":{"line":2,"column":21}},"loc":{"start":{"line":2,"column":28},"end":{"line":4,"column":3}}}},"branchMap":{"0":{"loc":{"start":{"line":1,"column":31},"end":{"line":1,"column":null}},"type":"if","locations":[{"start":{"line":1,"column":31},"end":{"line":1,"column":null}}]}},"s":{"0":6,"1":43,"2":43,"3":43,"4":6},"f":{"0":43,"1":43},"b":{"0":[0]}}
,"/Users/saadahmad/Projects/Arvo/arvo-xstate/src/utils/object/index.ts": {"path":"/Users/saadahmad/Projects/Arvo/arvo-xstate/src/utils/object/index.ts","statementMap":{"0":{"start":{"line":26,"column":0},"end":{"line":26,"column":16}},"1":{"start":{"line":27,"column":2},"end":{"line":31,"column":3}},"2":{"start":{"line":28,"column":4},"end":{"line":30,"column":6}},"3":{"start":{"line":33,"column":30},"end":{"line":33,"column":32}},"4":{"start":{"line":34,"column":48},"end":{"line":34,"column":67}},"5":{"start":{"line":36,"column":2},"end":{"line":51,"column":3}},"6":{"start":{"line":37,"column":23},"end":{"line":37,"column":34}},"7":{"start":{"line":38,"column":4},"end":{"line":38,"column":30}},"8":{"start":{"line":38,"column":21},"end":{"line":38,"column":30}},"9":{"start":{"line":39,"column":51},"end":{"line":39,"column":62}},"10":{"start":{"line":41,"column":4},"end":{"line":50,"column":5}},"11":{"start":{"line":42,"column":6},"end":{"line":42,"column":60}},"12":{"start":{"line":44,"column":6},"end":{"line":49,"column":7}},"13":{"start":{"line":46,"column":8},"end":{"line":48,"column":9}},"14":{"start":{"line":47,"column":10},"end":{"line":47,"column":78}},"15":{"start":{"line":53,"column":2},"end":{"line":53,"column":16}},"16":{"start":{"line":67,"column":33},"end":{"line":73,"column":1}},"17":{"start":{"line":68,"column":2},"end":{"line":70,"column":3}},"18":{"start":{"line":69,"column":4},"end":{"line":69,"column":33}},"19":{"start":{"line":71,"column":21},"end":{"line":71,"column":60}},"20":{"start":{"line":71,"column":42},"end":{"line":71,"column":50}},"21":{"start":{"line":72,"column":2},"end":{"line":72,"column":39}},"22":{"start":{"line":67,"column":13},"end":{"line":67,"column":33}}},"fnMap":{"0":{"name":"getAllPaths","decl":{"start":{"line":26,"column":16},"end":{"line":26,"column":27}},"loc":{"start":{"line":26,"column":52},"end":{"line":54,"column":1}}},"1":{"name":"(anonymous_1)","decl":{"start":{"line":67,"column":33},"end":{"line":67,"column":34}},"loc":{"start":{"line":67,"column":49},"end":{"line":73,"column":1}}},"2":{"name":"(anonymous_2)","decl":{"start":{"line":71,"column":35},"end":{"line":71,"column":36}},"loc":{"start":{"line":71,"column":37},"end":{"line":71,"column":46}}}},"branchMap":{"0":{"loc":{"start":{"line":27,"column":2},"end":{"line":31,"column":3}},"type":"if","locations":[{"start":{"line":27,"column":2},"end":{"line":31,"column":3}}]},"1":{"loc":{"start":{"line":27,"column":6},"end":{"line":27,"column":67}},"type":"binary-expr","locations":[{"start":{"line":27,"column":6},"end":{"line":27,"column":10}},{"start":{"line":27,"column":14},"end":{"line":27,"column":67}}]},"2":{"loc":{"start":{"line":27,"column":16},"end":{"line":27,"column":66}},"type":"binary-expr","locations":[{"start":{"line":27,"column":16},"end":{"line":27,"column":39}},{"start":{"line":27,"column":43},"end":{"line":27,"column":66}}]},"3":{"loc":{"start":{"line":38,"column":4},"end":{"line":38,"column":30}},"type":"if","locations":[{"start":{"line":38,"column":4},"end":{"line":38,"column":30}}]},"4":{"loc":{"start":{"line":41,"column":4},"end":{"line":50,"column":5}},"type":"if","locations":[{"start":{"line":41,"column":4},"end":{"line":50,"column":5}},{"start":{"line":43,"column":11},"end":{"line":50,"column":5}}]},"5":{"loc":{"start":{"line":41,"column":8},"end":{"line":41,"column":61}},"type":"binary-expr","locations":[{"start":{"line":41,"column":8},"end":{"line":41,"column":38}},{"start":{"line":41,"column":42},"end":{"line":41,"column":61}}]},"6":{"loc":{"start":{"line":46,"column":8},"end":{"line":48,"column":9}},"type":"if","locations":[{"start":{"line":46,"column":8},"end":{"line":48,"column":9}}]},"7":{"loc":{"start":{"line":68,"column":2},"end":{"line":70,"column":3}},"type":"if","locations":[{"start":{"line":68,"column":2},"end":{"line":70,"column":3}}]},"8":{"loc":{"start":{"line":68,"column":8},"end":{"line":68,"column":23}},"type":"binary-expr","locations":[{"start":{"line":68,"column":8},"end":{"line":68,"column":17}},{"start":{"line":68,"column":21},"end":{"line":68,"column":23}}]}},"s":{"0":7,"1":25,"2":3,"3":22,"4":22,"5":22,"6":399,"7":399,"8":0,"9":798,"10":399,"11":191,"12":208,"13":377,"14":377,"15":22,"16":7,"17":4,"18":1,"19":3,"20":5,"21":3,"22":7},"f":{"0":25,"1":4,"2":5},"b":{"0":[3],"1":[25,23],"2":[23,23],"3":[0],"4":[191,208],"5":[399,209],"6":[377],"7":[1],"8":[4,0]}}
}
