TN:
SF:src/index.ts
FN:27,(anonymous_1)
FN:42,(anonymous_2)
FN:40,(anonymous_3)
FN:41,(anonymous_4)
FN:43,(anonymous_5)
FN:32,(anonymous_6)
FN:37,(anonymous_7)
FN:46,(anonymous_8)
FN:31,(anonymous_9)
FN:44,(anonymous_10)
FN:45,(anonymous_11)
FNF:11
FNH:7
FNDA:19,(anonymous_1)
FNDA:0,(anonymous_2)
FNDA:0,(anonymous_3)
FNDA:0,(anonymous_4)
FNDA:10,(anonymous_5)
FNDA:1,(anonymous_6)
FNDA:21,(anonymous_7)
FNDA:17,(anonymous_8)
FNDA:3,(anonymous_9)
FNDA:0,(anonymous_10)
FNDA:4,(anonymous_11)
DA:1,6
DA:2,6
DA:3,6
DA:5,6
DA:6,6
DA:7,6
DA:9,6
DA:12,6
DA:13,6
DA:15,6
DA:17,6
DA:18,6
DA:20,6
DA:26,6
DA:27,25
DA:31,9
DA:32,7
DA:37,27
DA:40,6
DA:41,6
DA:42,6
DA:43,16
DA:44,6
DA:45,10
DA:46,23
DA:47,6
LF:26
LH:26
BRF:0
BRH:0
end_of_record
TN:
SF:src/ArvoMachine/createMachine.ts
FN:194,setupArvoMachine
FN:253,(anonymous_5)
FN:313,(anonymous_6)
FN:367,(anonymous_7)
FN:404,(anonymous_8)
FN:462,(anonymous_9)
FNF:6
FNH:6
FNDA:19,setupArvoMachine
FNDA:2,(anonymous_5)
FNDA:4,(anonymous_6)
FNDA:19,(anonymous_7)
FNDA:3,(anonymous_8)
FNDA:31,(anonymous_9)
DA:1,6
DA:7,6
DA:18,6
DA:19,6
DA:28,6
DA:29,6
DA:194,6
DA:253,19
DA:254,2
DA:265,19
DA:266,1
DA:269,18
DA:270,1
DA:273,17
DA:274,1
DA:288,16
DA:289,16
DA:290,2
DA:295,14
DA:299,14
DA:300,1
DA:305,13
DA:313,4
DA:326,13
DA:367,13
DA:396,19
DA:398,19
DA:399,1
DA:404,18
DA:405,3
DA:407,3
DA:408,1
DA:419,2
DA:420,1
DA:431,1
DA:432,1
DA:444,180
DA:445,180
DA:446,1
DA:448,179
DA:449,1
DA:451,178
DA:452,1
DA:456,15
DA:460,15
DA:461,15
DA:462,31
DA:464,15
DA:465,15
DA:473,13
LF:50
LH:50
BRDA:257,0,0,1
BRDA:257,0,1,1
BRDA:265,1,0,1
BRDA:269,2,0,1
BRDA:273,3,0,1
BRDA:273,4,0,12
BRDA:273,4,1,5
BRDA:273,5,0,17
BRDA:273,5,1,17
BRDA:289,6,0,2
BRDA:299,7,0,1
BRDA:306,8,0,4
BRDA:306,8,1,9
BRDA:306,9,0,13
BRDA:306,9,1,13
BRDA:314,10,0,4
BRDA:314,10,1,0
BRDA:314,11,0,4
BRDA:314,11,1,4
BRDA:316,12,0,0
BRDA:316,12,1,4
BRDA:316,13,0,4
BRDA:316,13,1,4
BRDA:316,14,0,0
BRDA:316,14,1,4
BRDA:316,15,0,4
BRDA:316,15,1,4
BRDA:318,16,0,0
BRDA:318,16,1,4
BRDA:318,17,0,4
BRDA:318,17,1,4
BRDA:318,18,0,4
BRDA:318,18,1,0
BRDA:318,19,0,4
BRDA:318,19,1,4
BRDA:318,20,0,0
BRDA:318,20,1,4
BRDA:318,21,0,4
BRDA:318,21,1,4
BRDA:319,22,0,4
BRDA:319,22,1,4
BRDA:319,23,0,4
BRDA:319,23,1,0
BRDA:319,24,0,4
BRDA:319,24,1,4
BRDA:319,25,0,4
BRDA:319,25,1,0
BRDA:319,26,0,4
BRDA:319,26,1,4
BRDA:319,27,0,0
BRDA:319,27,1,4
BRDA:319,28,0,4
BRDA:319,28,1,4
BRDA:396,29,0,2
BRDA:396,29,1,17
BRDA:396,30,0,19
BRDA:396,30,1,19
BRDA:398,31,0,1
BRDA:407,32,0,1
BRDA:419,33,0,1
BRDA:431,34,0,1
BRDA:444,35,0,18
BRDA:444,35,1,0
BRDA:444,36,0,18
BRDA:444,36,1,18
BRDA:445,37,0,1
BRDA:448,38,0,1
BRDA:451,39,0,1
BRDA:464,40,0,15
BRDA:464,40,1,14
BRF:70
BRH:60
end_of_record
TN:
SF:src/ArvoMachine/index.ts
FN:25,(anonymous_1)
FN:53,ArvoMachine
FN:67,(anonymous_3)
FN:100,(anonymous_4)
FN:124,(anonymous_5)
FN:128,(anonymous_6)
FNF:6
FNH:6
FNDA:6,(anonymous_1)
FNDA:15,ArvoMachine
FNDA:462,(anonymous_3)
FNDA:45,(anonymous_4)
FNDA:71,(anonymous_5)
FNDA:143,(anonymous_6)
DA:1,6
DA:25,6
DA:54,15
DA:55,15
DA:56,15
DA:60,15
DA:61,15
DA:67,6
DA:68,462
DA:100,6
DA:115,45
DA:117,45
DA:118,19
DA:119,19
DA:121,26
DA:124,71
DA:128,143
DA:134,26
DA:137,45
DA:138,3
DA:142,3
DA:147,42
DA:152,42
DA:154,42
DA:155,1
DA:160,41
DA:164,41
DA:165,1
DA:172,40
DA:173,2
DA:183,39
DA:186,39
DA:187,39
DA:188,2
DA:193,37
DA:197,6
LF:36
LH:36
BRDA:61,0,0,0
BRDA:117,1,0,19
BRDA:117,1,1,26
BRDA:122,2,0,23
BRDA:122,2,1,3
BRDA:122,3,0,26
BRDA:122,3,1,26
BRDA:137,4,0,3
BRDA:154,5,0,1
BRDA:154,5,1,41
BRDA:164,6,0,1
BRDA:172,7,0,2
BRDA:172,8,0,40
BRDA:172,8,1,40
BRDA:183,9,0,17
BRDA:183,9,1,22
BRDA:185,10,0,22
BRDA:185,10,1,0
BRDA:185,11,0,22
BRDA:185,11,1,22
BRDA:186,12,0,2
BRDA:186,12,1,37
BRDA:186,13,0,39
BRDA:186,13,1,39
BRDA:187,14,0,2
BRF:25
BRH:23
end_of_record
TN:
SF:src/ArvoMachine/utils.ts
FN:25,(anonymous_0)
FN:50,(anonymous_1)
FNF:2
FNH:2
FNDA:15,(anonymous_0)
FNDA:30,(anonymous_1)
DA:25,6
DA:26,15
DA:27,0
DA:29,15
DA:30,15
DA:31,65
DA:32,65
DA:33,16
DA:34,51
DA:35,51
DA:38,14
DA:50,6
DA:61,30
DA:62,76
DA:63,76
DA:64,3
DA:70,73
DA:72,27
LF:18
LH:17
BRDA:26,0,0,0
BRDA:26,1,0,0
BRDA:26,1,1,15
BRDA:26,2,0,15
BRDA:26,2,1,15
BRDA:32,3,0,49
BRDA:32,4,0,0
BRDA:32,4,1,65
BRDA:32,5,0,65
BRDA:32,5,1,65
BRDA:33,6,0,1
BRDA:63,7,0,3
BRF:12
BRH:9
end_of_record
TN:
SF:src/ArvoOrchestrator/error.ts
FN:3,(anonymous_6)
FN:11,(anonymous_7)
FN:14,TransactionViolation
FNF:3
FNH:3
FNDA:6,(anonymous_6)
FNDA:6,(anonymous_7)
FNDA:4,TransactionViolation
DA:1,6
DA:3,6
DA:4,6
DA:5,6
DA:6,6
DA:7,6
DA:8,6
DA:11,6
DA:19,4
DA:26,4
DA:28,6
LF:11
LH:11
BRDA:3,0,0,6
BRDA:3,0,1,6
BRDA:19,1,0,4
BRDA:19,1,1,0
BRF:4
BRH:3
end_of_record
TN:
SF:src/ArvoOrchestrator/factory.ts
FN:31,(anonymous_1)
FN:41,(anonymous_2)
FNF:2
FNH:2
FNDA:10,(anonymous_1)
FNDA:12,(anonymous_2)
DA:1,6
DA:2,6
DA:3,6
DA:31,6
DA:32,10
DA:33,10
DA:34,10
DA:36,10
DA:37,0
DA:40,10
DA:41,12
DA:43,10
LF:12
LH:11
BRDA:36,0,0,0
BRDA:36,1,0,0
BRDA:36,1,1,10
BRDA:36,2,0,10
BRDA:36,2,1,10
BRF:5
BRH:3
end_of_record
TN:
SF:src/ArvoOrchestrator/index.ts
FN:48,(anonymous_21)
FN:67,ArvoOrchestrator
FN:58,(anonymous_23)
FN:93,(anonymous_24)
FN:119,(anonymous_27)
FN:136,(anonymous_30)
FN:153,(anonymous_33)
FN:177,(anonymous_34)
FN:195,(anonymous_35)
FN:313,(anonymous_36)
FN:368,(anonymous_39)
FN:388,(anonymous_42)
FN:406,(anonymous_43)
FN:406,(anonymous_44)
FN:595,(anonymous_46)
FN:597,(anonymous_47)
FN:600,(anonymous_48)
FN:709,(anonymous_49)
FN:731,(anonymous_50)
FNF:19
FNH:19
FNDA:6,(anonymous_21)
FNDA:10,ArvoOrchestrator
FNDA:167,(anonymous_23)
FNDA:42,(anonymous_24)
FNDA:40,(anonymous_27)
FNDA:31,(anonymous_30)
FNDA:43,(anonymous_33)
FNDA:36,(anonymous_34)
FNDA:106,(anonymous_35)
FNDA:43,(anonymous_36)
FNDA:43,(anonymous_39)
FNDA:473,(anonymous_42)
FNDA:43,(anonymous_43)
FNDA:43,(anonymous_44)
FNDA:34,(anonymous_46)
FNDA:374,(anonymous_47)
FNDA:35,(anonymous_48)
FNDA:11,(anonymous_49)
FNDA:1,(anonymous_50)
DA:1,6
DA:2,6
DA:26,6
DA:40,6
DA:41,6
DA:48,6
DA:58,6
DA:59,167
DA:67,10
DA:68,10
DA:69,10
DA:70,10
DA:71,10
DA:72,10
DA:73,20
DA:74,20
DA:75,1
DA:77,19
DA:78,1
DA:82,18
DA:84,8
DA:85,8
DA:86,8
DA:93,6
DA:94,42
DA:95,42
DA:96,22
DA:100,22
DA:104,20
DA:108,20
DA:109,19
DA:111,1
DA:119,6
DA:120,40
DA:122,40
DA:126,40
DA:128,1
DA:136,6
DA:137,31
DA:139,31
DA:143,62
DA:145,1
DA:153,6
DA:154,43
DA:158,43
DA:159,43
DA:160,1
DA:177,6
DA:184,36
DA:189,36
DA:193,36
DA:195,106
DA:198,36
DA:199,36
DA:200,36
DA:201,36
DA:202,9
DA:206,9
DA:207,9
DA:208,9
DA:209,27
DA:210,25
DA:214,25
DA:215,25
DA:220,25
DA:221,6
DA:222,5
DA:223,5
DA:225,1
DA:231,5
DA:232,5
DA:233,4
DA:242,1
DA:255,0
DA:262,35
DA:263,35
DA:268,35
DA:269,33
DA:270,33
DA:271,33
DA:273,0
DA:280,35
DA:298,35
DA:303,35
DA:313,6
DA:318,43
DA:319,25
DA:326,25
DA:329,36
DA:330,18
DA:337,18
DA:339,0
DA:346,0
DA:368,6
DA:370,48
DA:380,43
DA:388,473
DA:406,43
DA:407,43
DA:411,43
DA:412,43
DA:413,43
DA:416,43
DA:419,42
DA:421,41
DA:422,1
DA:429,40
DA:430,18
DA:437,40
DA:438,39
DA:440,39
DA:441,16
DA:446,16
DA:447,1
DA:451,1
DA:456,1
DA:465,23
DA:470,23
DA:471,1
DA:476,1
DA:480,1
DA:493,37
DA:494,15
DA:497,37
DA:502,37
DA:506,37
DA:507,1
DA:508,1
DA:509,1
DA:514,36
DA:524,36
DA:526,36
DA:530,1
DA:535,35
DA:541,1
DA:549,34
DA:558,32
DA:560,32
DA:566,32
DA:567,9
DA:568,9
DA:578,32
DA:579,32
DA:580,32
DA:582,36
DA:583,36
DA:584,36
DA:585,35
DA:586,35
DA:587,36
DA:588,36
DA:589,32
DA:591,36
DA:595,31
DA:597,374
DA:598,374
DA:600,34
DA:601,35
DA:605,31
DA:611,62
DA:626,30
DA:631,30
DA:636,30
DA:650,11
DA:655,11
DA:656,11
DA:664,11
DA:665,10
DA:669,10
DA:672,1
DA:682,1
DA:683,1
DA:684,1
DA:686,0
DA:692,1
DA:709,11
DA:710,11
DA:712,1
DA:721,86
DA:722,43
DA:731,6
DA:732,1
DA:737,6
LF:183
LH:178
BRDA:68,0,0,10
BRDA:68,0,1,10
BRDA:74,1,0,1
BRDA:77,2,0,1
BRDA:95,3,0,22
BRDA:109,4,0,18
BRDA:109,4,1,1
BRDA:113,5,0,0
BRDA:113,5,1,1
BRDA:113,6,0,1
BRDA:113,6,1,1
BRDA:126,7,0,40
BRDA:130,8,0,0
BRDA:130,8,1,1
BRDA:130,9,0,1
BRDA:130,9,1,1
BRDA:147,10,0,0
BRDA:147,10,1,1
BRDA:147,11,0,1
BRDA:147,11,1,1
BRDA:159,12,0,1
BRDA:201,13,0,9
BRDA:201,13,1,27
BRDA:208,14,0,3
BRDA:208,14,1,6
BRDA:208,15,0,9
BRDA:208,15,1,3
BRDA:209,16,0,25
BRDA:220,17,0,6
BRDA:221,18,0,5
BRDA:226,19,0,0
BRDA:226,19,1,1
BRDA:226,20,0,1
BRDA:226,20,1,1
BRDA:232,21,0,4
BRDA:232,21,1,1
BRDA:238,22,0,0
BRDA:238,22,1,4
BRDA:238,23,0,4
BRDA:238,23,1,4
BRDA:247,24,0,0
BRDA:247,24,1,1
BRDA:247,25,0,1
BRDA:247,25,1,1
BRDA:256,26,0,0
BRDA:256,26,1,0
BRDA:256,27,0,0
BRDA:256,27,1,0
BRDA:268,28,0,33
BRDA:268,29,0,35
BRDA:268,29,1,33
BRDA:285,30,0,33
BRDA:285,30,1,2
BRDA:285,31,0,35
BRDA:285,31,1,35
BRDA:287,32,0,9
BRDA:287,32,1,26
BRDA:287,33,0,35
BRDA:287,33,1,35
BRDA:288,34,0,0
BRDA:288,34,1,35
BRDA:288,35,0,35
BRDA:288,35,1,0
BRDA:288,36,0,0
BRDA:288,36,1,35
BRDA:288,37,0,35
BRDA:288,37,1,35
BRDA:290,38,0,0
BRDA:290,38,1,35
BRDA:290,39,0,35
BRDA:290,39,1,35
BRDA:291,40,0,0
BRDA:291,40,1,35
BRDA:291,41,0,35
BRDA:291,41,1,35
BRDA:292,42,0,0
BRDA:292,42,1,35
BRDA:292,43,0,35
BRDA:292,43,1,0
BRDA:293,44,0,0
BRDA:293,44,1,35
BRDA:293,45,0,35
BRDA:293,45,1,0
BRDA:295,46,0,0
BRDA:295,46,1,35
BRDA:295,47,0,35
BRDA:295,47,1,35
BRDA:318,48,0,25
BRDA:370,49,0,5
BRDA:380,50,0,43
BRDA:380,50,1,43
BRDA:393,51,0,43
BRDA:393,51,1,0
BRDA:721,52,0,43
BRDA:421,53,0,1
BRDA:429,54,0,18
BRDA:438,55,0,7
BRDA:438,55,1,32
BRDA:438,56,0,39
BRDA:438,56,1,23
BRDA:438,57,0,16
BRDA:438,57,1,23
BRDA:438,58,0,39
BRDA:438,58,1,23
BRDA:440,59,0,16
BRDA:440,59,1,23
BRDA:446,60,0,1
BRDA:470,61,0,1
BRDA:493,62,0,15
BRDA:494,63,0,3
BRDA:494,63,1,12
BRDA:494,64,0,15
BRDA:494,64,1,3
BRDA:494,65,0,0
BRDA:494,65,1,15
BRDA:494,66,0,15
BRDA:494,66,1,15
BRDA:494,67,0,0
BRDA:494,67,1,15
BRDA:494,68,0,15
BRDA:494,68,1,15
BRDA:506,69,0,1
BRDA:526,70,0,1
BRDA:535,71,0,1
BRDA:535,72,0,35
BRDA:535,72,1,34
BRDA:551,73,0,20
BRDA:551,73,1,14
BRDA:551,74,0,34
BRDA:551,74,1,34
BRDA:551,75,0,14
BRDA:551,75,1,20
BRDA:551,76,0,34
BRDA:551,76,1,20
BRDA:566,77,0,9
BRDA:572,78,0,5
BRDA:572,78,1,4
BRDA:572,79,0,9
BRDA:572,79,1,9
BRDA:572,80,0,0
BRDA:572,80,1,9
BRDA:572,81,0,9
BRDA:572,81,1,9
BRDA:572,82,0,0
BRDA:572,82,1,9
BRDA:572,83,0,9
BRDA:572,83,1,9
BRDA:583,84,0,2
BRDA:583,84,1,34
BRDA:583,85,0,36
BRDA:583,85,1,36
BRDA:588,86,0,32
BRDA:617,87,0,31
BRDA:617,87,1,0
BRDA:617,88,0,31
BRDA:617,88,1,31
BRDA:637,89,0,28
BRDA:637,89,1,2
BRDA:637,90,0,30
BRDA:637,90,1,30
BRDA:650,91,0,11
BRDA:650,91,1,0
BRDA:664,92,0,10
BRDA:698,93,0,0
BRDA:698,93,1,1
BRDA:698,94,0,1
BRDA:698,94,1,0
BRDA:701,95,0,1
BRDA:701,95,1,0
BRDA:701,96,0,1
BRDA:701,96,1,1
BRDA:701,97,0,0
BRDA:701,97,1,1
BRDA:701,98,0,1
BRDA:701,98,1,1
BRDA:703,99,0,0
BRDA:703,99,1,1
BRDA:703,100,0,1
BRDA:703,100,1,0
BRDA:704,101,0,0
BRDA:704,101,1,1
BRDA:704,102,0,1
BRDA:704,102,1,0
BRDA:705,103,0,0
BRDA:705,103,1,1
BRDA:705,104,0,1
BRDA:705,104,1,0
BRF:187
BRH:150
end_of_record
TN:
SF:src/MachineExecutionEngine/index.ts
FN:12,(anonymous_2)
FN:33,(anonymous_4)
FN:62,(anonymous_5)
FN:79,(anonymous_6)
FN:80,(anonymous_7)
FN:90,(anonymous_8)
FN:91,(anonymous_9)
FN:108,(anonymous_10)
FNF:8
FNH:7
FNDA:17,(anonymous_2)
FNDA:39,(anonymous_4)
FNDA:39,(anonymous_5)
FNDA:13,(anonymous_6)
FNDA:4,(anonymous_7)
FNDA:13,(anonymous_8)
FNDA:0,(anonymous_9)
FNDA:4,(anonymous_10)
DA:1,6
DA:2,6
DA:4,6
DA:12,6
DA:33,6
DA:34,39
DA:35,44
DA:39,39
DA:63,39
DA:64,39
DA:66,39
DA:67,18
DA:71,18
DA:72,1
DA:76,17
DA:79,17
DA:80,17
DA:81,17
DA:83,21
DA:87,21
DA:90,21
DA:91,21
DA:92,21
DA:93,21
DA:95,38
DA:99,38
DA:103,38
DA:104,38
DA:106,4
DA:108,4
DA:109,4
DA:111,38
DA:112,4
DA:115,34
DA:116,34
DA:117,34
DA:118,24
DA:121,34
DA:129,6
LF:39
LH:39
BRDA:35,0,0,5
BRDA:50,1,0,0
BRDA:50,1,1,39
BRDA:66,2,0,18
BRDA:66,2,1,21
BRDA:71,3,0,1
BRDA:104,4,0,4
BRDA:104,5,0,32
BRDA:104,5,1,6
BRDA:104,6,0,38
BRDA:104,6,1,38
BRDA:104,7,0,1
BRDA:104,7,1,37
BRDA:104,8,0,38
BRDA:104,8,1,38
BRDA:104,9,0,0
BRDA:104,9,1,38
BRDA:104,10,0,38
BRDA:104,10,1,38
BRDA:107,11,0,0
BRDA:107,11,1,4
BRDA:107,12,0,4
BRDA:107,12,1,4
BRDA:107,13,0,0
BRDA:107,13,1,4
BRDA:107,14,0,4
BRDA:107,14,1,4
BRDA:107,15,0,0
BRDA:107,15,1,4
BRDA:107,16,0,4
BRDA:107,16,1,4
BRDA:107,17,0,0
BRDA:107,17,1,4
BRDA:107,18,0,4
BRDA:107,18,1,4
BRDA:111,19,0,4
BRDA:115,20,0,10
BRDA:115,20,1,24
BRDA:115,21,0,34
BRDA:115,21,1,34
BRDA:115,22,0,0
BRDA:115,22,1,34
BRDA:115,23,0,34
BRDA:115,23,1,34
BRDA:116,24,0,0
BRDA:116,24,1,34
BRDA:116,25,0,34
BRDA:116,25,1,34
BRDA:116,26,0,13
BRDA:116,26,1,21
BRDA:116,27,0,34
BRDA:116,27,1,21
BRDA:117,28,0,24
BRDA:117,29,0,10
BRDA:117,29,1,24
BRDA:117,30,0,34
BRDA:117,30,1,10
BRDA:117,31,0,0
BRDA:117,31,1,34
BRDA:117,32,0,34
BRDA:117,32,1,0
BRF:61
BRH:51
end_of_record
TN:
SF:src/MachineMemory/Simple.ts
FN:18,(anonymous_15)
FN:28,(anonymous_17)
FN:41,(anonymous_20)
FN:57,(anonymous_23)
FN:74,(anonymous_26)
FN:85,(anonymous_29)
FNF:6
FNH:6
FNDA:27,(anonymous_15)
FNDA:50,(anonymous_17)
FNDA:39,(anonymous_20)
FNDA:32,(anonymous_23)
FNDA:22,(anonymous_26)
FNDA:1,(anonymous_29)
DA:18,6
DA:19,21
DA:20,21
DA:28,6
DA:29,50
DA:30,1
DA:32,49
DA:41,6
DA:42,39
DA:43,1
DA:45,38
DA:46,2
DA:48,36
DA:57,6
DA:58,32
DA:59,1
DA:61,31
DA:62,4
DA:64,27
DA:65,27
DA:74,6
DA:75,22
DA:76,1
DA:78,21
DA:79,21
DA:85,6
DA:86,1
DA:87,0
DA:88,0
DA:89,0
DA:91,1
DA:92,1
DA:94,6
LF:33
LH:30
BRDA:29,0,0,1
BRDA:32,1,0,31
BRDA:32,1,1,18
BRDA:32,2,0,49
BRDA:32,2,1,49
BRDA:42,3,0,1
BRDA:45,4,0,2
BRDA:58,5,0,1
BRDA:61,6,0,4
BRDA:75,7,0,1
BRDA:86,8,0,0
BRF:11
BRH:10
end_of_record
TN:
SF:src/MachineMemory/TelemetredSimple.ts
FN:21,(anonymous_15)
FN:31,(anonymous_17)
FN:40,(anonymous_20)
FN:55,(anonymous_23)
FN:65,(anonymous_26)
FN:83,(anonymous_29)
FN:92,(anonymous_32)
FN:111,(anonymous_35)
FN:120,(anonymous_38)
FN:133,(anonymous_41)
FNF:10
FNH:10
FNDA:23,(anonymous_15)
FNDA:7,(anonymous_17)
FNDA:14,(anonymous_20)
FNDA:9,(anonymous_23)
FNDA:18,(anonymous_26)
FNDA:12,(anonymous_29)
FNDA:24,(anonymous_32)
FNDA:5,(anonymous_35)
FNDA:10,(anonymous_38)
FNDA:1,(anonymous_41)
DA:1,6
DA:2,6
DA:5,6
DA:21,6
DA:22,17
DA:23,17
DA:31,6
DA:32,7
DA:40,7
DA:41,7
DA:42,1
DA:44,6
DA:55,6
DA:56,9
DA:65,9
DA:66,9
DA:67,1
DA:69,8
DA:70,2
DA:72,6
DA:83,6
DA:84,12
DA:92,12
DA:93,12
DA:94,1
DA:96,11
DA:97,2
DA:99,9
DA:100,9
DA:111,6
DA:112,5
DA:120,5
DA:121,5
DA:122,1
DA:124,4
DA:125,4
DA:133,6
DA:134,1
DA:135,0
DA:136,0
DA:137,0
DA:139,1
DA:140,1
DA:142,6
LF:44
LH:41
BRDA:32,0,0,7
BRDA:32,0,1,7
BRDA:41,1,0,1
BRDA:44,2,0,3
BRDA:44,2,1,3
BRDA:44,3,0,6
BRDA:44,3,1,6
BRDA:56,4,0,9
BRDA:56,4,1,9
BRDA:62,5,0,7
BRDA:62,5,1,2
BRDA:66,6,0,1
BRDA:69,7,0,2
BRDA:84,8,0,12
BRDA:84,8,1,12
BRDA:93,9,0,1
BRDA:96,10,0,2
BRDA:112,11,0,5
BRDA:112,11,1,5
BRDA:121,12,0,1
BRDA:134,13,0,0
BRF:21
BRH:20
end_of_record
TN:
SF:src/MachineMemory/utils.ts
FN:4,getJsonSize
FNF:1
FNH:1
FNDA:7,getJsonSize
DA:1,6
DA:4,6
DA:5,7
DA:6,7
DA:8,7
DA:10,0
DA:14,0
LF:7
LH:5
BRF:0
BRH:0
end_of_record
TN:
SF:src/MachineRegistry/index.ts
FN:15,(anonymous_0)
FN:24,MachineRegistry
FN:47,(anonymous_2)
FN:72,(anonymous_3)
FN:79,(anonymous_4)
FNF:5
FNH:5
FNDA:6,(anonymous_0)
FNDA:13,MachineRegistry
FNDA:41,(anonymous_2)
FNDA:41,(anonymous_3)
FNDA:59,(anonymous_4)
DA:1,6
DA:2,6
DA:15,6
DA:24,53
DA:25,13
DA:26,13
DA:27,1
DA:47,41
DA:49,44
DA:53,41
DA:73,41
DA:74,41
DA:75,41
DA:79,59
DA:80,41
DA:84,41
DA:88,6
LF:17
LH:17
BRDA:26,0,0,1
BRDA:49,1,0,3
BRDA:60,2,0,1
BRDA:60,2,1,40
BRDA:79,3,0,39
BRDA:79,3,1,2
BRDA:79,4,0,41
BRDA:79,4,1,41
BRDA:79,5,0,59
BRDA:79,5,1,41
BRDA:81,6,0,39
BRDA:81,6,1,2
BRDA:82,7,0,39
BRDA:82,7,1,2
BRF:14
BRH:14
end_of_record
TN:
SF:src/utils/index.ts
FN:1,isError
FNF:1
FNH:1
FNDA:11,isError
DA:1,6
DA:2,11
LF:2
LH:2
BRDA:2,0,0,11
BRDA:2,0,1,0
BRDA:2,0,2,0
BRDA:2,0,3,0
BRF:4
BRH:1
end_of_record
TN:
SF:src/utils/SimpleEventBroker/helper.ts
FN:25,(anonymous_13)
FN:33,(anonymous_14)
FN:44,(anonymous_15)
FN:47,(anonymous_16)
FN:47,(anonymous_17)
FN:53,(anonymous_19)
FNF:6
FNH:6
FNDA:4,(anonymous_13)
FNDA:2,(anonymous_14)
FNDA:28,(anonymous_15)
FNDA:38,(anonymous_16)
FNDA:38,(anonymous_17)
FNDA:39,(anonymous_19)
DA:3,6
DA:25,6
DA:29,4
DA:34,2
DA:44,4
DA:45,28
DA:47,38
DA:48,38
DA:53,39
DA:59,4
LF:10
LH:10
BRDA:32,0,0,1
BRDA:32,0,1,3
BRDA:32,1,0,4
BRDA:32,1,1,4
BRDA:48,2,0,38
BRF:5
BRH:5
end_of_record
TN:
SF:src/utils/SimpleEventBroker/index.ts
FN:48,(anonymous_13)
FN:57,SimpleEventBroker
FN:69,(anonymous_15)
FN:82,(anonymous_16)
FN:95,(anonymous_17)
FN:108,(anonymous_18)
FN:128,(anonymous_21)
FN:135,(anonymous_22)
FN:151,(anonymous_23)
FN:167,(anonymous_28)
FN:168,(anonymous_29)
FNF:11
FNH:7
FNDA:6,(anonymous_13)
FNDA:4,SimpleEventBroker
FNDA:0,(anonymous_15)
FNDA:33,(anonymous_16)
FNDA:0,(anonymous_17)
FNDA:43,(anonymous_18)
FNDA:0,(anonymous_21)
FNDA:0,(anonymous_22)
FNDA:4,(anonymous_23)
FNDA:41,(anonymous_28)
FNDA:1,(anonymous_29)
DA:3,6
DA:48,6
DA:55,4
DA:58,4
DA:59,4
DA:60,4
DA:61,4
DA:62,4
DA:63,4
DA:69,6
DA:70,0
DA:82,38
DA:83,33
DA:84,33
DA:87,33
DA:88,0
DA:92,33
DA:93,33
DA:95,33
DA:96,0
DA:97,0
DA:98,0
DA:108,6
DA:109,43
DA:110,0
DA:113,43
DA:114,0
DA:117,43
DA:118,43
DA:120,82
DA:121,8
DA:128,6
DA:129,0
DA:135,6
DA:136,0
DA:151,6
DA:152,4
DA:153,4
DA:156,47
DA:157,43
DA:158,43
DA:159,86
DA:160,43
DA:162,43
DA:163,2
DA:167,41
DA:168,41
DA:169,1
DA:170,1
DA:172,0
DA:177,82
DA:180,4
DA:183,6
LF:53
LH:43
BRDA:82,0,0,5
BRDA:83,1,0,33
BRDA:87,2,0,0
BRDA:87,3,0,33
BRDA:87,3,1,28
BRDA:87,4,0,28
BRDA:87,4,1,0
BRDA:87,5,0,28
BRDA:87,5,1,28
BRDA:87,6,0,0
BRDA:87,6,1,28
BRDA:87,7,0,28
BRDA:87,7,1,28
BRDA:97,8,0,0
BRDA:109,9,0,0
BRDA:113,10,0,0
BRDA:120,11,0,39
BRDA:136,12,0,0
BRDA:136,12,1,0
BRDA:136,13,0,0
BRDA:136,13,1,0
BRDA:136,14,0,0
BRDA:136,14,1,0
BRDA:136,15,0,0
BRDA:136,15,1,0
BRDA:152,16,0,0
BRDA:158,17,0,0
BRDA:160,18,0,43
BRDA:160,18,1,0
BRDA:160,19,0,43
BRDA:160,19,1,43
BRDA:162,20,0,2
BRDA:162,21,0,2
BRDA:162,21,1,41
BRDA:162,22,0,43
BRDA:162,22,1,43
BRDA:169,23,0,1
BRDA:169,23,1,0
BRDA:156,24,0,4
BRF:39
BRH:21
end_of_record
TN:
SF:src/utils/SimpleEventBroker/utils.ts
FN:1,(anonymous_0)
FN:2,(anonymous_1)
FNF:2
FNH:2
FNDA:43,(anonymous_0)
FNDA:43,(anonymous_1)
DA:1,43
DA:2,43
DA:3,43
LF:3
LH:3
BRDA:1,0,0,0
BRF:1
BRH:0
end_of_record
TN:
SF:src/utils/object/index.ts
FN:26,getAllPaths
FN:67,(anonymous_1)
FN:71,(anonymous_2)
FNF:3
FNH:3
FNDA:25,getAllPaths
FNDA:4,(anonymous_1)
FNDA:5,(anonymous_2)
DA:26,7
DA:27,25
DA:28,3
DA:33,22
DA:34,22
DA:36,22
DA:37,399
DA:38,399
DA:39,798
DA:41,399
DA:42,191
DA:44,208
DA:46,377
DA:47,377
DA:53,22
DA:67,7
DA:68,4
DA:69,1
DA:71,5
DA:72,3
LF:20
LH:20
BRDA:27,0,0,3
BRDA:27,1,0,25
BRDA:27,1,1,23
BRDA:27,2,0,23
BRDA:27,2,1,23
BRDA:38,3,0,0
BRDA:41,4,0,191
BRDA:41,4,1,208
BRDA:41,5,0,399
BRDA:41,5,1,209
BRDA:46,6,0,377
BRDA:68,7,0,1
BRDA:68,8,0,4
BRDA:68,8,1,0
BRF:14
BRH:12
end_of_record
